"/usr/bin/clang -o conftest -I/Users/jstirnaman/.rvm/rubies/ruby-2.1.0/include/ruby-2.1.0/x86_64-darwin12.0 -I/Users/jstirnaman/.rvm/rubies/ruby-2.1.0/include/ruby-2.1.0/ruby/backward -I/Users/jstirnaman/.rvm/rubies/ruby-2.1.0/include/ruby-2.1.0 -I. -D_XOPEN_SOURCE -D_DARWIN_C_SOURCE -D_DARWIN_UNLIMITED_SELECT -D_REENTRANT   -O3 -I/Users/mpapis/.sm/pkg/active/include -fPIC -mmacosx-version-min=10.6 -pipe conftest.c  -L. -L/Users/jstirnaman/.rvm/rubies/ruby-2.1.0/lib -L. -L/Users/mpapis/.sm/pkg/active/lib -L/usr/lib -fPIC -Bstatic -fstack-protector   -arch x86_64   -lruby-static -framework CoreFoundation  -lpthread -ldl -lobjc "
ld: warning: directory not found for option '-L/Users/mpapis/.sm/pkg/active/lib'
checked program was:
/* begin */
1: #include "ruby.h"
2: 
3: int main(int argc, char **argv)
4: {
5:   return 0;
6: }
/* end */

"/usr/bin/clang -o conftest -I/Users/jstirnaman/.rvm/rubies/ruby-2.1.0/include/ruby-2.1.0/x86_64-darwin12.0 -I/Users/jstirnaman/.rvm/rubies/ruby-2.1.0/include/ruby-2.1.0/ruby/backward -I/Users/jstirnaman/.rvm/rubies/ruby-2.1.0/include/ruby-2.1.0 -I. -D_XOPEN_SOURCE -D_DARWIN_C_SOURCE -D_DARWIN_UNLIMITED_SELECT -D_REENTRANT   -O3 -I/Users/mpapis/.sm/pkg/active/include -fPIC -mmacosx-version-min=10.6 -pipe conftest.c  -L. -L/Users/jstirnaman/.rvm/rubies/ruby-2.1.0/lib -L. -L/Users/mpapis/.sm/pkg/active/lib -L/usr/lib -fPIC -Bstatic -fstack-protector   -arch x86_64   -lruby-static -framework CoreFoundation  -lpthread -ldl -lobjc "
ld: warning: directory not found for option '-L/Users/mpapis/.sm/pkg/active/lib'
checked program was:
/* begin */
1: #include "ruby.h"
2: 
3: int main() { return 0; }
/* end */

./conftest
"/usr/bin/clang -I/Users/jstirnaman/.rvm/rubies/ruby-2.1.0/include/ruby-2.1.0/x86_64-darwin12.0 -I/Users/jstirnaman/.rvm/rubies/ruby-2.1.0/include/ruby-2.1.0/ruby/backward -I/Users/jstirnaman/.rvm/rubies/ruby-2.1.0/include/ruby-2.1.0 -I. -D_XOPEN_SOURCE -D_DARWIN_C_SOURCE -D_DARWIN_UNLIMITED_SELECT -D_REENTRANT   -O3 -I/Users/mpapis/.sm/pkg/active/include -fPIC -mmacosx-version-min=10.6 -pipe  -arch x86_64  -c conftest.c"
checked program was:
/* begin */
1: #include "ruby.h"
2: 
3: /*top*/
4: #ifndef __GNUC__
5: # error
6: |:/ === __GNUC__ undefined === /:|
7: #endif
/* end */

"/usr/bin/clang -o conftest -I/Users/jstirnaman/.rvm/rubies/ruby-2.1.0/include/ruby-2.1.0/x86_64-darwin12.0 -I/Users/jstirnaman/.rvm/rubies/ruby-2.1.0/include/ruby-2.1.0/ruby/backward -I/Users/jstirnaman/.rvm/rubies/ruby-2.1.0/include/ruby-2.1.0 -I. -D_XOPEN_SOURCE -D_DARWIN_C_SOURCE -D_DARWIN_UNLIMITED_SELECT -D_REENTRANT   -O3 -I/Users/mpapis/.sm/pkg/active/include -fPIC -mmacosx-version-min=10.6 -pipe conftest.c  -L. -L/Users/jstirnaman/.rvm/rubies/ruby-2.1.0/lib -L. -L/Users/mpapis/.sm/pkg/active/lib -L/usr/lib -fPIC -Bstatic -fstack-protector   -arch x86_64   -lruby-static -framework CoreFoundation  -lpthread -ldl -lobjc "
ld: warning: directory not found for option '-L/Users/mpapis/.sm/pkg/active/lib'
checked program was:
/* begin */
1: #include "ruby.h"
2: 
3: int main() { return sizeof(long) == 8 ? 0 : 1; }
/* end */

./conftest
have_header: checking for sys/types.h... -------------------- yes

"/usr/bin/clang -E -I/Users/jstirnaman/.rvm/rubies/ruby-2.1.0/include/ruby-2.1.0/x86_64-darwin12.0 -I/Users/jstirnaman/.rvm/rubies/ruby-2.1.0/include/ruby-2.1.0/ruby/backward -I/Users/jstirnaman/.rvm/rubies/ruby-2.1.0/include/ruby-2.1.0 -I. -D_XOPEN_SOURCE -D_DARWIN_C_SOURCE -D_DARWIN_UNLIMITED_SELECT -D_REENTRANT   -O3 -I/Users/mpapis/.sm/pkg/active/include -fPIC -mmacosx-version-min=10.6 -pipe  conftest.c -o conftest.i"
checked program was:
/* begin */
1: #include "ruby.h"
2: 
3: #include <sys/types.h>
/* end */

--------------------

have_func: checking for OCIInitialize() in oci.h... -------------------- yes

"/usr/bin/clang -o conftest -I/Users/jstirnaman/.rvm/rubies/ruby-2.1.0/include/ruby-2.1.0/x86_64-darwin12.0 -I/Users/jstirnaman/.rvm/rubies/ruby-2.1.0/include/ruby-2.1.0/ruby/backward -I/Users/jstirnaman/.rvm/rubies/ruby-2.1.0/include/ruby-2.1.0 -I. -D_XOPEN_SOURCE -D_DARWIN_C_SOURCE -D_DARWIN_UNLIMITED_SELECT -D_REENTRANT   -O3 -I/Users/mpapis/.sm/pkg/active/include -fPIC -mmacosx-version-min=10.6 -pipe -I/opt/oracle/instantclient_11_2/sdk/include conftest.c  -L. -L/Users/jstirnaman/.rvm/rubies/ruby-2.1.0/lib -L. -L/Users/mpapis/.sm/pkg/active/lib -L/usr/lib -fPIC -Bstatic -fstack-protector   -arch x86_64   -L/Users/jstirnaman/.rvm/rubies/ruby-2.1.0/lib  -L/opt/oracle/instantclient_11_2 -lclntsh -lruby-static -framework CoreFoundation  -L/Users/jstirnaman/.rvm/rubies/ruby-2.1.0/lib  -L/opt/oracle/instantclient_11_2 -lclntsh -lpthread -ldl -lobjc "
ld: warning: directory not found for option '-L/Users/mpapis/.sm/pkg/active/lib'
checked program was:
/* begin */
 1: #include "ruby.h"
 2: 
 3: #include <oci.h>
 4: 
 5: /*top*/
 6: extern int t(void);
 7: int main(int argc, char **argv)
 8: {
 9:   if (argc > 1000000) {
10:     printf("%p", &t);
11:   }
12: 
13:   return 0;
14: }
15: int t(void) { void ((*volatile p)()); p = (void ((*)()))OCIInitialize; return 0; }
/* end */

--------------------

"/usr/bin/clang -I/Users/jstirnaman/.rvm/rubies/ruby-2.1.0/include/ruby-2.1.0/x86_64-darwin12.0 -I/Users/jstirnaman/.rvm/rubies/ruby-2.1.0/include/ruby-2.1.0/ruby/backward -I/Users/jstirnaman/.rvm/rubies/ruby-2.1.0/include/ruby-2.1.0 -I. -D_XOPEN_SOURCE -D_DARWIN_C_SOURCE -D_DARWIN_UNLIMITED_SELECT -D_REENTRANT   -O3 -I/Users/mpapis/.sm/pkg/active/include -fPIC -mmacosx-version-min=10.6 -pipe -I/opt/oracle/instantclient_11_2/sdk/include  -arch x86_64  -c conftest.c"
conftest.c:6:20: error: 'conftest_const' declared as an array with a negative size
int conftest_const[(OCI_MAJOR_VERSION < 0) ? 1 : -1];
                   ^~~~~~~~~~~~~~~~~~~~~~~~~~~~~~~~
1 error generated.
checked program was:
/* begin */
1: #include "ruby.h"
2: 
3: #include <oci.h>
4: 
5: /*top*/
6: int conftest_const[(OCI_MAJOR_VERSION < 0) ? 1 : -1];
/* end */

"/usr/bin/clang -o conftest -I/Users/jstirnaman/.rvm/rubies/ruby-2.1.0/include/ruby-2.1.0/x86_64-darwin12.0 -I/Users/jstirnaman/.rvm/rubies/ruby-2.1.0/include/ruby-2.1.0/ruby/backward -I/Users/jstirnaman/.rvm/rubies/ruby-2.1.0/include/ruby-2.1.0 -I. -D_XOPEN_SOURCE -D_DARWIN_C_SOURCE -D_DARWIN_UNLIMITED_SELECT -D_REENTRANT   -O3 -I/Users/mpapis/.sm/pkg/active/include -fPIC -mmacosx-version-min=10.6 -pipe -I/opt/oracle/instantclient_11_2/sdk/include conftest.c  -L. -L/Users/jstirnaman/.rvm/rubies/ruby-2.1.0/lib -L. -L/Users/mpapis/.sm/pkg/active/lib -L/usr/lib -fPIC -Bstatic -fstack-protector   -arch x86_64   -lruby-static -framework CoreFoundation  -lpthread -ldl -lobjc "
ld: warning: directory not found for option '-L/Users/mpapis/.sm/pkg/active/lib'
checked program was:
/* begin */
 1: #include "ruby.h"
 2: 
 3: #include <oci.h>
 4: 
 5: #include <stdio.h>
 6: /*top*/
 7: typedef unsigned
 8: #ifdef PRI_LL_PREFIX
 9: #define PRI_CONFTEST_PREFIX PRI_LL_PREFIX
10: LONG_LONG
11: #else
12: #define PRI_CONFTEST_PREFIX "l"
13: long
14: #endif
15: conftest_type;
16: conftest_type conftest_const = (conftest_type)(OCI_MAJOR_VERSION);
17: int main() {printf("%"PRI_CONFTEST_PREFIX"u\n", conftest_const); return 0;}
/* end */

./conftest |
"/usr/bin/clang -I/Users/jstirnaman/.rvm/rubies/ruby-2.1.0/include/ruby-2.1.0/x86_64-darwin12.0 -I/Users/jstirnaman/.rvm/rubies/ruby-2.1.0/include/ruby-2.1.0/ruby/backward -I/Users/jstirnaman/.rvm/rubies/ruby-2.1.0/include/ruby-2.1.0 -I. -D_XOPEN_SOURCE -D_DARWIN_C_SOURCE -D_DARWIN_UNLIMITED_SELECT -D_REENTRANT   -O3 -I/Users/mpapis/.sm/pkg/active/include -fPIC -mmacosx-version-min=10.6 -pipe -I/opt/oracle/instantclient_11_2/sdk/include  -arch x86_64  -c conftest.c"
conftest.c:6:20: error: 'conftest_const' declared as an array with a negative size
int conftest_const[(OCI_MINOR_VERSION < 0) ? 1 : -1];
                   ^~~~~~~~~~~~~~~~~~~~~~~~~~~~~~~~
1 error generated.
checked program was:
/* begin */
1: #include "ruby.h"
2: 
3: #include <oci.h>
4: 
5: /*top*/
6: int conftest_const[(OCI_MINOR_VERSION < 0) ? 1 : -1];
/* end */

"/usr/bin/clang -o conftest -I/Users/jstirnaman/.rvm/rubies/ruby-2.1.0/include/ruby-2.1.0/x86_64-darwin12.0 -I/Users/jstirnaman/.rvm/rubies/ruby-2.1.0/include/ruby-2.1.0/ruby/backward -I/Users/jstirnaman/.rvm/rubies/ruby-2.1.0/include/ruby-2.1.0 -I. -D_XOPEN_SOURCE -D_DARWIN_C_SOURCE -D_DARWIN_UNLIMITED_SELECT -D_REENTRANT   -O3 -I/Users/mpapis/.sm/pkg/active/include -fPIC -mmacosx-version-min=10.6 -pipe -I/opt/oracle/instantclient_11_2/sdk/include conftest.c  -L. -L/Users/jstirnaman/.rvm/rubies/ruby-2.1.0/lib -L. -L/Users/mpapis/.sm/pkg/active/lib -L/usr/lib -fPIC -Bstatic -fstack-protector   -arch x86_64   -lruby-static -framework CoreFoundation  -lpthread -ldl -lobjc "
ld: warning: directory not found for option '-L/Users/mpapis/.sm/pkg/active/lib'
checked program was:
/* begin */
 1: #include "ruby.h"
 2: 
 3: #include <oci.h>
 4: 
 5: #include <stdio.h>
 6: /*top*/
 7: typedef unsigned
 8: #ifdef PRI_LL_PREFIX
 9: #define PRI_CONFTEST_PREFIX PRI_LL_PREFIX
10: LONG_LONG
11: #else
12: #define PRI_CONFTEST_PREFIX "l"
13: long
14: #endif
15: conftest_type;
16: conftest_type conftest_const = (conftest_type)(OCI_MINOR_VERSION);
17: int main() {printf("%"PRI_CONFTEST_PREFIX"u\n", conftest_const); return 0;}
/* end */

./conftest |
have_func: checking for OCIEnvCreate()... -------------------- yes

"/usr/bin/clang -o conftest -I/Users/jstirnaman/.rvm/rubies/ruby-2.1.0/include/ruby-2.1.0/x86_64-darwin12.0 -I/Users/jstirnaman/.rvm/rubies/ruby-2.1.0/include/ruby-2.1.0/ruby/backward -I/Users/jstirnaman/.rvm/rubies/ruby-2.1.0/include/ruby-2.1.0 -I. -D_XOPEN_SOURCE -D_DARWIN_C_SOURCE -D_DARWIN_UNLIMITED_SELECT -D_REENTRANT   -O3 -I/Users/mpapis/.sm/pkg/active/include -fPIC -mmacosx-version-min=10.6 -pipe -I/opt/oracle/instantclient_11_2/sdk/include conftest.c  -L. -L/Users/jstirnaman/.rvm/rubies/ruby-2.1.0/lib -L. -L/Users/mpapis/.sm/pkg/active/lib -L/usr/lib -fPIC -Bstatic -fstack-protector   -arch x86_64   -L/opt/oracle/instantclient_11_2 -lclntsh -lruby-static -framework CoreFoundation  -L/opt/oracle/instantclient_11_2 -lclntsh -lpthread -ldl -lobjc "
conftest.c:13:57: error: use of undeclared identifier 'OCIEnvCreate'
int t(void) { void ((*volatile p)()); p = (void ((*)()))OCIEnvCreate; return 0; }
                                                        ^
1 error generated.
checked program was:
/* begin */
 1: #include "ruby.h"
 2: 
 3: /*top*/
 4: extern int t(void);
 5: int main(int argc, char **argv)
 6: {
 7:   if (argc > 1000000) {
 8:     printf("%p", &t);
 9:   }
10: 
11:   return 0;
12: }
13: int t(void) { void ((*volatile p)()); p = (void ((*)()))OCIEnvCreate; return 0; }
/* end */

"/usr/bin/clang -o conftest -I/Users/jstirnaman/.rvm/rubies/ruby-2.1.0/include/ruby-2.1.0/x86_64-darwin12.0 -I/Users/jstirnaman/.rvm/rubies/ruby-2.1.0/include/ruby-2.1.0/ruby/backward -I/Users/jstirnaman/.rvm/rubies/ruby-2.1.0/include/ruby-2.1.0 -I. -D_XOPEN_SOURCE -D_DARWIN_C_SOURCE -D_DARWIN_UNLIMITED_SELECT -D_REENTRANT   -O3 -I/Users/mpapis/.sm/pkg/active/include -fPIC -mmacosx-version-min=10.6 -pipe -I/opt/oracle/instantclient_11_2/sdk/include conftest.c  -L. -L/Users/jstirnaman/.rvm/rubies/ruby-2.1.0/lib -L. -L/Users/mpapis/.sm/pkg/active/lib -L/usr/lib -fPIC -Bstatic -fstack-protector   -arch x86_64   -L/opt/oracle/instantclient_11_2 -lclntsh -lruby-static -framework CoreFoundation  -L/opt/oracle/instantclient_11_2 -lclntsh -lpthread -ldl -lobjc "
conftest.c:13:15: warning: implicit declaration of function 'OCIEnvCreate' is invalid in C99 [-Wimplicit-function-declaration]
int t(void) { OCIEnvCreate(); return 0; }
              ^
1 warning generated.
ld: warning: directory not found for option '-L/Users/mpapis/.sm/pkg/active/lib'
checked program was:
/* begin */
 1: #include "ruby.h"
 2: 
 3: /*top*/
 4: extern int t(void);
 5: int main(int argc, char **argv)
 6: {
 7:   if (argc > 1000000) {
 8:     printf("%p", &t);
 9:   }
10: 
11:   return 0;
12: }
13: int t(void) { OCIEnvCreate(); return 0; }
/* end */

--------------------

have_func: checking for OCILobClose()... -------------------- yes

"/usr/bin/clang -o conftest -I/Users/jstirnaman/.rvm/rubies/ruby-2.1.0/include/ruby-2.1.0/x86_64-darwin12.0 -I/Users/jstirnaman/.rvm/rubies/ruby-2.1.0/include/ruby-2.1.0/ruby/backward -I/Users/jstirnaman/.rvm/rubies/ruby-2.1.0/include/ruby-2.1.0 -I. -D_XOPEN_SOURCE -D_DARWIN_C_SOURCE -D_DARWIN_UNLIMITED_SELECT -D_REENTRANT   -O3 -I/Users/mpapis/.sm/pkg/active/include -fPIC -mmacosx-version-min=10.6 -pipe -I/opt/oracle/instantclient_11_2/sdk/include conftest.c  -L. -L/Users/jstirnaman/.rvm/rubies/ruby-2.1.0/lib -L. -L/Users/mpapis/.sm/pkg/active/lib -L/usr/lib -fPIC -Bstatic -fstack-protector   -arch x86_64   -L/opt/oracle/instantclient_11_2 -lclntsh -lruby-static -framework CoreFoundation  -L/opt/oracle/instantclient_11_2 -lclntsh -lpthread -ldl -lobjc "
conftest.c:13:57: error: use of undeclared identifier 'OCILobClose'
int t(void) { void ((*volatile p)()); p = (void ((*)()))OCILobClose; return 0; }
                                                        ^
1 error generated.
checked program was:
/* begin */
 1: #include "ruby.h"
 2: 
 3: /*top*/
 4: extern int t(void);
 5: int main(int argc, char **argv)
 6: {
 7:   if (argc > 1000000) {
 8:     printf("%p", &t);
 9:   }
10: 
11:   return 0;
12: }
13: int t(void) { void ((*volatile p)()); p = (void ((*)()))OCILobClose; return 0; }
/* end */

"/usr/bin/clang -o conftest -I/Users/jstirnaman/.rvm/rubies/ruby-2.1.0/include/ruby-2.1.0/x86_64-darwin12.0 -I/Users/jstirnaman/.rvm/rubies/ruby-2.1.0/include/ruby-2.1.0/ruby/backward -I/Users/jstirnaman/.rvm/rubies/ruby-2.1.0/include/ruby-2.1.0 -I. -D_XOPEN_SOURCE -D_DARWIN_C_SOURCE -D_DARWIN_UNLIMITED_SELECT -D_REENTRANT   -O3 -I/Users/mpapis/.sm/pkg/active/include -fPIC -mmacosx-version-min=10.6 -pipe -I/opt/oracle/instantclient_11_2/sdk/include conftest.c  -L. -L/Users/jstirnaman/.rvm/rubies/ruby-2.1.0/lib -L. -L/Users/mpapis/.sm/pkg/active/lib -L/usr/lib -fPIC -Bstatic -fstack-protector   -arch x86_64   -L/opt/oracle/instantclient_11_2 -lclntsh -lruby-static -framework CoreFoundation  -L/opt/oracle/instantclient_11_2 -lclntsh -lpthread -ldl -lobjc "
conftest.c:13:15: warning: implicit declaration of function 'OCILobClose' is invalid in C99 [-Wimplicit-function-declaration]
int t(void) { OCILobClose(); return 0; }
              ^
1 warning generated.
ld: warning: directory not found for option '-L/Users/mpapis/.sm/pkg/active/lib'
checked program was:
/* begin */
 1: #include "ruby.h"
 2: 
 3: /*top*/
 4: extern int t(void);
 5: int main(int argc, char **argv)
 6: {
 7:   if (argc > 1000000) {
 8:     printf("%p", &t);
 9:   }
10: 
11:   return 0;
12: }
13: int t(void) { OCILobClose(); return 0; }
/* end */

--------------------

have_func: checking for OCILobCreateTemporary()... -------------------- yes

"/usr/bin/clang -o conftest -I/Users/jstirnaman/.rvm/rubies/ruby-2.1.0/include/ruby-2.1.0/x86_64-darwin12.0 -I/Users/jstirnaman/.rvm/rubies/ruby-2.1.0/include/ruby-2.1.0/ruby/backward -I/Users/jstirnaman/.rvm/rubies/ruby-2.1.0/include/ruby-2.1.0 -I. -D_XOPEN_SOURCE -D_DARWIN_C_SOURCE -D_DARWIN_UNLIMITED_SELECT -D_REENTRANT   -O3 -I/Users/mpapis/.sm/pkg/active/include -fPIC -mmacosx-version-min=10.6 -pipe -I/opt/oracle/instantclient_11_2/sdk/include conftest.c  -L. -L/Users/jstirnaman/.rvm/rubies/ruby-2.1.0/lib -L. -L/Users/mpapis/.sm/pkg/active/lib -L/usr/lib -fPIC -Bstatic -fstack-protector   -arch x86_64   -L/opt/oracle/instantclient_11_2 -lclntsh -lruby-static -framework CoreFoundation  -L/opt/oracle/instantclient_11_2 -lclntsh -lpthread -ldl -lobjc "
conftest.c:13:57: error: use of undeclared identifier 'OCILobCreateTemporary'
int t(void) { void ((*volatile p)()); p = (void ((*)()))OCILobCreateTemporary; return 0; }
                                                        ^
1 error generated.
checked program was:
/* begin */
 1: #include "ruby.h"
 2: 
 3: /*top*/
 4: extern int t(void);
 5: int main(int argc, char **argv)
 6: {
 7:   if (argc > 1000000) {
 8:     printf("%p", &t);
 9:   }
10: 
11:   return 0;
12: }
13: int t(void) { void ((*volatile p)()); p = (void ((*)()))OCILobCreateTemporary; return 0; }
/* end */

"/usr/bin/clang -o conftest -I/Users/jstirnaman/.rvm/rubies/ruby-2.1.0/include/ruby-2.1.0/x86_64-darwin12.0 -I/Users/jstirnaman/.rvm/rubies/ruby-2.1.0/include/ruby-2.1.0/ruby/backward -I/Users/jstirnaman/.rvm/rubies/ruby-2.1.0/include/ruby-2.1.0 -I. -D_XOPEN_SOURCE -D_DARWIN_C_SOURCE -D_DARWIN_UNLIMITED_SELECT -D_REENTRANT   -O3 -I/Users/mpapis/.sm/pkg/active/include -fPIC -mmacosx-version-min=10.6 -pipe -I/opt/oracle/instantclient_11_2/sdk/include conftest.c  -L. -L/Users/jstirnaman/.rvm/rubies/ruby-2.1.0/lib -L. -L/Users/mpapis/.sm/pkg/active/lib -L/usr/lib -fPIC -Bstatic -fstack-protector   -arch x86_64   -L/opt/oracle/instantclient_11_2 -lclntsh -lruby-static -framework CoreFoundation  -L/opt/oracle/instantclient_11_2 -lclntsh -lpthread -ldl -lobjc "
conftest.c:13:15: warning: implicit declaration of function 'OCILobCreateTemporary' is invalid in C99 [-Wimplicit-function-declaration]
int t(void) { OCILobCreateTemporary(); return 0; }
              ^
1 warning generated.
ld: warning: directory not found for option '-L/Users/mpapis/.sm/pkg/active/lib'
checked program was:
/* begin */
 1: #include "ruby.h"
 2: 
 3: /*top*/
 4: extern int t(void);
 5: int main(int argc, char **argv)
 6: {
 7:   if (argc > 1000000) {
 8:     printf("%p", &t);
 9:   }
10: 
11:   return 0;
12: }
13: int t(void) { OCILobCreateTemporary(); return 0; }
/* end */

--------------------

have_func: checking for OCILobFreeTemporary()... -------------------- yes

"/usr/bin/clang -o conftest -I/Users/jstirnaman/.rvm/rubies/ruby-2.1.0/include/ruby-2.1.0/x86_64-darwin12.0 -I/Users/jstirnaman/.rvm/rubies/ruby-2.1.0/include/ruby-2.1.0/ruby/backward -I/Users/jstirnaman/.rvm/rubies/ruby-2.1.0/include/ruby-2.1.0 -I. -D_XOPEN_SOURCE -D_DARWIN_C_SOURCE -D_DARWIN_UNLIMITED_SELECT -D_REENTRANT   -O3 -I/Users/mpapis/.sm/pkg/active/include -fPIC -mmacosx-version-min=10.6 -pipe -I/opt/oracle/instantclient_11_2/sdk/include conftest.c  -L. -L/Users/jstirnaman/.rvm/rubies/ruby-2.1.0/lib -L. -L/Users/mpapis/.sm/pkg/active/lib -L/usr/lib -fPIC -Bstatic -fstack-protector   -arch x86_64   -L/opt/oracle/instantclient_11_2 -lclntsh -lruby-static -framework CoreFoundation  -L/opt/oracle/instantclient_11_2 -lclntsh -lpthread -ldl -lobjc "
conftest.c:13:57: error: use of undeclared identifier 'OCILobFreeTemporary'
int t(void) { void ((*volatile p)()); p = (void ((*)()))OCILobFreeTemporary; return 0; }
                                                        ^
1 error generated.
checked program was:
/* begin */
 1: #include "ruby.h"
 2: 
 3: /*top*/
 4: extern int t(void);
 5: int main(int argc, char **argv)
 6: {
 7:   if (argc > 1000000) {
 8:     printf("%p", &t);
 9:   }
10: 
11:   return 0;
12: }
13: int t(void) { void ((*volatile p)()); p = (void ((*)()))OCILobFreeTemporary; return 0; }
/* end */

"/usr/bin/clang -o conftest -I/Users/jstirnaman/.rvm/rubies/ruby-2.1.0/include/ruby-2.1.0/x86_64-darwin12.0 -I/Users/jstirnaman/.rvm/rubies/ruby-2.1.0/include/ruby-2.1.0/ruby/backward -I/Users/jstirnaman/.rvm/rubies/ruby-2.1.0/include/ruby-2.1.0 -I. -D_XOPEN_SOURCE -D_DARWIN_C_SOURCE -D_DARWIN_UNLIMITED_SELECT -D_REENTRANT   -O3 -I/Users/mpapis/.sm/pkg/active/include -fPIC -mmacosx-version-min=10.6 -pipe -I/opt/oracle/instantclient_11_2/sdk/include conftest.c  -L. -L/Users/jstirnaman/.rvm/rubies/ruby-2.1.0/lib -L. -L/Users/mpapis/.sm/pkg/active/lib -L/usr/lib -fPIC -Bstatic -fstack-protector   -arch x86_64   -L/opt/oracle/instantclient_11_2 -lclntsh -lruby-static -framework CoreFoundation  -L/opt/oracle/instantclient_11_2 -lclntsh -lpthread -ldl -lobjc "
conftest.c:13:15: warning: implicit declaration of function 'OCILobFreeTemporary' is invalid in C99 [-Wimplicit-function-declaration]
int t(void) { OCILobFreeTemporary(); return 0; }
              ^
1 warning generated.
ld: warning: directory not found for option '-L/Users/mpapis/.sm/pkg/active/lib'
checked program was:
/* begin */
 1: #include "ruby.h"
 2: 
 3: /*top*/
 4: extern int t(void);
 5: int main(int argc, char **argv)
 6: {
 7:   if (argc > 1000000) {
 8:     printf("%p", &t);
 9:   }
10: 
11:   return 0;
12: }
13: int t(void) { OCILobFreeTemporary(); return 0; }
/* end */

--------------------

have_func: checking for OCILobGetChunkSize()... -------------------- yes

"/usr/bin/clang -o conftest -I/Users/jstirnaman/.rvm/rubies/ruby-2.1.0/include/ruby-2.1.0/x86_64-darwin12.0 -I/Users/jstirnaman/.rvm/rubies/ruby-2.1.0/include/ruby-2.1.0/ruby/backward -I/Users/jstirnaman/.rvm/rubies/ruby-2.1.0/include/ruby-2.1.0 -I. -D_XOPEN_SOURCE -D_DARWIN_C_SOURCE -D_DARWIN_UNLIMITED_SELECT -D_REENTRANT   -O3 -I/Users/mpapis/.sm/pkg/active/include -fPIC -mmacosx-version-min=10.6 -pipe -I/opt/oracle/instantclient_11_2/sdk/include conftest.c  -L. -L/Users/jstirnaman/.rvm/rubies/ruby-2.1.0/lib -L. -L/Users/mpapis/.sm/pkg/active/lib -L/usr/lib -fPIC -Bstatic -fstack-protector   -arch x86_64   -L/opt/oracle/instantclient_11_2 -lclntsh -lruby-static -framework CoreFoundation  -L/opt/oracle/instantclient_11_2 -lclntsh -lpthread -ldl -lobjc "
conftest.c:13:57: error: use of undeclared identifier 'OCILobGetChunkSize'
int t(void) { void ((*volatile p)()); p = (void ((*)()))OCILobGetChunkSize; return 0; }
                                                        ^
1 error generated.
checked program was:
/* begin */
 1: #include "ruby.h"
 2: 
 3: /*top*/
 4: extern int t(void);
 5: int main(int argc, char **argv)
 6: {
 7:   if (argc > 1000000) {
 8:     printf("%p", &t);
 9:   }
10: 
11:   return 0;
12: }
13: int t(void) { void ((*volatile p)()); p = (void ((*)()))OCILobGetChunkSize; return 0; }
/* end */

"/usr/bin/clang -o conftest -I/Users/jstirnaman/.rvm/rubies/ruby-2.1.0/include/ruby-2.1.0/x86_64-darwin12.0 -I/Users/jstirnaman/.rvm/rubies/ruby-2.1.0/include/ruby-2.1.0/ruby/backward -I/Users/jstirnaman/.rvm/rubies/ruby-2.1.0/include/ruby-2.1.0 -I. -D_XOPEN_SOURCE -D_DARWIN_C_SOURCE -D_DARWIN_UNLIMITED_SELECT -D_REENTRANT   -O3 -I/Users/mpapis/.sm/pkg/active/include -fPIC -mmacosx-version-min=10.6 -pipe -I/opt/oracle/instantclient_11_2/sdk/include conftest.c  -L. -L/Users/jstirnaman/.rvm/rubies/ruby-2.1.0/lib -L. -L/Users/mpapis/.sm/pkg/active/lib -L/usr/lib -fPIC -Bstatic -fstack-protector   -arch x86_64   -L/opt/oracle/instantclient_11_2 -lclntsh -lruby-static -framework CoreFoundation  -L/opt/oracle/instantclient_11_2 -lclntsh -lpthread -ldl -lobjc "
conftest.c:13:15: warning: implicit declaration of function 'OCILobGetChunkSize' is invalid in C99 [-Wimplicit-function-declaration]
int t(void) { OCILobGetChunkSize(); return 0; }
              ^
1 warning generated.
ld: warning: directory not found for option '-L/Users/mpapis/.sm/pkg/active/lib'
checked program was:
/* begin */
 1: #include "ruby.h"
 2: 
 3: /*top*/
 4: extern int t(void);
 5: int main(int argc, char **argv)
 6: {
 7:   if (argc > 1000000) {
 8:     printf("%p", &t);
 9:   }
10: 
11:   return 0;
12: }
13: int t(void) { OCILobGetChunkSize(); return 0; }
/* end */

--------------------

have_func: checking for OCILobIsTemporary()... -------------------- yes

"/usr/bin/clang -o conftest -I/Users/jstirnaman/.rvm/rubies/ruby-2.1.0/include/ruby-2.1.0/x86_64-darwin12.0 -I/Users/jstirnaman/.rvm/rubies/ruby-2.1.0/include/ruby-2.1.0/ruby/backward -I/Users/jstirnaman/.rvm/rubies/ruby-2.1.0/include/ruby-2.1.0 -I. -D_XOPEN_SOURCE -D_DARWIN_C_SOURCE -D_DARWIN_UNLIMITED_SELECT -D_REENTRANT   -O3 -I/Users/mpapis/.sm/pkg/active/include -fPIC -mmacosx-version-min=10.6 -pipe -I/opt/oracle/instantclient_11_2/sdk/include conftest.c  -L. -L/Users/jstirnaman/.rvm/rubies/ruby-2.1.0/lib -L. -L/Users/mpapis/.sm/pkg/active/lib -L/usr/lib -fPIC -Bstatic -fstack-protector   -arch x86_64   -L/opt/oracle/instantclient_11_2 -lclntsh -lruby-static -framework CoreFoundation  -L/opt/oracle/instantclient_11_2 -lclntsh -lpthread -ldl -lobjc "
conftest.c:13:57: error: use of undeclared identifier 'OCILobIsTemporary'
int t(void) { void ((*volatile p)()); p = (void ((*)()))OCILobIsTemporary; return 0; }
                                                        ^
1 error generated.
checked program was:
/* begin */
 1: #include "ruby.h"
 2: 
 3: /*top*/
 4: extern int t(void);
 5: int main(int argc, char **argv)
 6: {
 7:   if (argc > 1000000) {
 8:     printf("%p", &t);
 9:   }
10: 
11:   return 0;
12: }
13: int t(void) { void ((*volatile p)()); p = (void ((*)()))OCILobIsTemporary; return 0; }
/* end */

"/usr/bin/clang -o conftest -I/Users/jstirnaman/.rvm/rubies/ruby-2.1.0/include/ruby-2.1.0/x86_64-darwin12.0 -I/Users/jstirnaman/.rvm/rubies/ruby-2.1.0/include/ruby-2.1.0/ruby/backward -I/Users/jstirnaman/.rvm/rubies/ruby-2.1.0/include/ruby-2.1.0 -I. -D_XOPEN_SOURCE -D_DARWIN_C_SOURCE -D_DARWIN_UNLIMITED_SELECT -D_REENTRANT   -O3 -I/Users/mpapis/.sm/pkg/active/include -fPIC -mmacosx-version-min=10.6 -pipe -I/opt/oracle/instantclient_11_2/sdk/include conftest.c  -L. -L/Users/jstirnaman/.rvm/rubies/ruby-2.1.0/lib -L. -L/Users/mpapis/.sm/pkg/active/lib -L/usr/lib -fPIC -Bstatic -fstack-protector   -arch x86_64   -L/opt/oracle/instantclient_11_2 -lclntsh -lruby-static -framework CoreFoundation  -L/opt/oracle/instantclient_11_2 -lclntsh -lpthread -ldl -lobjc "
conftest.c:13:15: warning: implicit declaration of function 'OCILobIsTemporary' is invalid in C99 [-Wimplicit-function-declaration]
int t(void) { OCILobIsTemporary(); return 0; }
              ^
1 warning generated.
ld: warning: directory not found for option '-L/Users/mpapis/.sm/pkg/active/lib'
checked program was:
/* begin */
 1: #include "ruby.h"
 2: 
 3: /*top*/
 4: extern int t(void);
 5: int main(int argc, char **argv)
 6: {
 7:   if (argc > 1000000) {
 8:     printf("%p", &t);
 9:   }
10: 
11:   return 0;
12: }
13: int t(void) { OCILobIsTemporary(); return 0; }
/* end */

--------------------

have_func: checking for OCILobLocatorAssign()... -------------------- yes

"/usr/bin/clang -o conftest -I/Users/jstirnaman/.rvm/rubies/ruby-2.1.0/include/ruby-2.1.0/x86_64-darwin12.0 -I/Users/jstirnaman/.rvm/rubies/ruby-2.1.0/include/ruby-2.1.0/ruby/backward -I/Users/jstirnaman/.rvm/rubies/ruby-2.1.0/include/ruby-2.1.0 -I. -D_XOPEN_SOURCE -D_DARWIN_C_SOURCE -D_DARWIN_UNLIMITED_SELECT -D_REENTRANT   -O3 -I/Users/mpapis/.sm/pkg/active/include -fPIC -mmacosx-version-min=10.6 -pipe -I/opt/oracle/instantclient_11_2/sdk/include conftest.c  -L. -L/Users/jstirnaman/.rvm/rubies/ruby-2.1.0/lib -L. -L/Users/mpapis/.sm/pkg/active/lib -L/usr/lib -fPIC -Bstatic -fstack-protector   -arch x86_64   -L/opt/oracle/instantclient_11_2 -lclntsh -lruby-static -framework CoreFoundation  -L/opt/oracle/instantclient_11_2 -lclntsh -lpthread -ldl -lobjc "
conftest.c:13:57: error: use of undeclared identifier 'OCILobLocatorAssign'
int t(void) { void ((*volatile p)()); p = (void ((*)()))OCILobLocatorAssign; return 0; }
                                                        ^
1 error generated.
checked program was:
/* begin */
 1: #include "ruby.h"
 2: 
 3: /*top*/
 4: extern int t(void);
 5: int main(int argc, char **argv)
 6: {
 7:   if (argc > 1000000) {
 8:     printf("%p", &t);
 9:   }
10: 
11:   return 0;
12: }
13: int t(void) { void ((*volatile p)()); p = (void ((*)()))OCILobLocatorAssign; return 0; }
/* end */

"/usr/bin/clang -o conftest -I/Users/jstirnaman/.rvm/rubies/ruby-2.1.0/include/ruby-2.1.0/x86_64-darwin12.0 -I/Users/jstirnaman/.rvm/rubies/ruby-2.1.0/include/ruby-2.1.0/ruby/backward -I/Users/jstirnaman/.rvm/rubies/ruby-2.1.0/include/ruby-2.1.0 -I. -D_XOPEN_SOURCE -D_DARWIN_C_SOURCE -D_DARWIN_UNLIMITED_SELECT -D_REENTRANT   -O3 -I/Users/mpapis/.sm/pkg/active/include -fPIC -mmacosx-version-min=10.6 -pipe -I/opt/oracle/instantclient_11_2/sdk/include conftest.c  -L. -L/Users/jstirnaman/.rvm/rubies/ruby-2.1.0/lib -L. -L/Users/mpapis/.sm/pkg/active/lib -L/usr/lib -fPIC -Bstatic -fstack-protector   -arch x86_64   -L/opt/oracle/instantclient_11_2 -lclntsh -lruby-static -framework CoreFoundation  -L/opt/oracle/instantclient_11_2 -lclntsh -lpthread -ldl -lobjc "
conftest.c:13:15: warning: implicit declaration of function 'OCILobLocatorAssign' is invalid in C99 [-Wimplicit-function-declaration]
int t(void) { OCILobLocatorAssign(); return 0; }
              ^
1 warning generated.
ld: warning: directory not found for option '-L/Users/mpapis/.sm/pkg/active/lib'
checked program was:
/* begin */
 1: #include "ruby.h"
 2: 
 3: /*top*/
 4: extern int t(void);
 5: int main(int argc, char **argv)
 6: {
 7:   if (argc > 1000000) {
 8:     printf("%p", &t);
 9:   }
10: 
11:   return 0;
12: }
13: int t(void) { OCILobLocatorAssign(); return 0; }
/* end */

--------------------

have_func: checking for OCILobOpen()... -------------------- yes

"/usr/bin/clang -o conftest -I/Users/jstirnaman/.rvm/rubies/ruby-2.1.0/include/ruby-2.1.0/x86_64-darwin12.0 -I/Users/jstirnaman/.rvm/rubies/ruby-2.1.0/include/ruby-2.1.0/ruby/backward -I/Users/jstirnaman/.rvm/rubies/ruby-2.1.0/include/ruby-2.1.0 -I. -D_XOPEN_SOURCE -D_DARWIN_C_SOURCE -D_DARWIN_UNLIMITED_SELECT -D_REENTRANT   -O3 -I/Users/mpapis/.sm/pkg/active/include -fPIC -mmacosx-version-min=10.6 -pipe -I/opt/oracle/instantclient_11_2/sdk/include conftest.c  -L. -L/Users/jstirnaman/.rvm/rubies/ruby-2.1.0/lib -L. -L/Users/mpapis/.sm/pkg/active/lib -L/usr/lib -fPIC -Bstatic -fstack-protector   -arch x86_64   -L/opt/oracle/instantclient_11_2 -lclntsh -lruby-static -framework CoreFoundation  -L/opt/oracle/instantclient_11_2 -lclntsh -lpthread -ldl -lobjc "
conftest.c:13:57: error: use of undeclared identifier 'OCILobOpen'
int t(void) { void ((*volatile p)()); p = (void ((*)()))OCILobOpen; return 0; }
                                                        ^
1 error generated.
checked program was:
/* begin */
 1: #include "ruby.h"
 2: 
 3: /*top*/
 4: extern int t(void);
 5: int main(int argc, char **argv)
 6: {
 7:   if (argc > 1000000) {
 8:     printf("%p", &t);
 9:   }
10: 
11:   return 0;
12: }
13: int t(void) { void ((*volatile p)()); p = (void ((*)()))OCILobOpen; return 0; }
/* end */

"/usr/bin/clang -o conftest -I/Users/jstirnaman/.rvm/rubies/ruby-2.1.0/include/ruby-2.1.0/x86_64-darwin12.0 -I/Users/jstirnaman/.rvm/rubies/ruby-2.1.0/include/ruby-2.1.0/ruby/backward -I/Users/jstirnaman/.rvm/rubies/ruby-2.1.0/include/ruby-2.1.0 -I. -D_XOPEN_SOURCE -D_DARWIN_C_SOURCE -D_DARWIN_UNLIMITED_SELECT -D_REENTRANT   -O3 -I/Users/mpapis/.sm/pkg/active/include -fPIC -mmacosx-version-min=10.6 -pipe -I/opt/oracle/instantclient_11_2/sdk/include conftest.c  -L. -L/Users/jstirnaman/.rvm/rubies/ruby-2.1.0/lib -L. -L/Users/mpapis/.sm/pkg/active/lib -L/usr/lib -fPIC -Bstatic -fstack-protector   -arch x86_64   -L/opt/oracle/instantclient_11_2 -lclntsh -lruby-static -framework CoreFoundation  -L/opt/oracle/instantclient_11_2 -lclntsh -lpthread -ldl -lobjc "
conftest.c:13:15: warning: implicit declaration of function 'OCILobOpen' is invalid in C99 [-Wimplicit-function-declaration]
int t(void) { OCILobOpen(); return 0; }
              ^
1 warning generated.
ld: warning: directory not found for option '-L/Users/mpapis/.sm/pkg/active/lib'
checked program was:
/* begin */
 1: #include "ruby.h"
 2: 
 3: /*top*/
 4: extern int t(void);
 5: int main(int argc, char **argv)
 6: {
 7:   if (argc > 1000000) {
 8:     printf("%p", &t);
 9:   }
10: 
11:   return 0;
12: }
13: int t(void) { OCILobOpen(); return 0; }
/* end */

--------------------

have_func: checking for OCIMessageGet()... -------------------- yes

"/usr/bin/clang -o conftest -I/Users/jstirnaman/.rvm/rubies/ruby-2.1.0/include/ruby-2.1.0/x86_64-darwin12.0 -I/Users/jstirnaman/.rvm/rubies/ruby-2.1.0/include/ruby-2.1.0/ruby/backward -I/Users/jstirnaman/.rvm/rubies/ruby-2.1.0/include/ruby-2.1.0 -I. -D_XOPEN_SOURCE -D_DARWIN_C_SOURCE -D_DARWIN_UNLIMITED_SELECT -D_REENTRANT   -O3 -I/Users/mpapis/.sm/pkg/active/include -fPIC -mmacosx-version-min=10.6 -pipe -I/opt/oracle/instantclient_11_2/sdk/include conftest.c  -L. -L/Users/jstirnaman/.rvm/rubies/ruby-2.1.0/lib -L. -L/Users/mpapis/.sm/pkg/active/lib -L/usr/lib -fPIC -Bstatic -fstack-protector   -arch x86_64   -L/opt/oracle/instantclient_11_2 -lclntsh -lruby-static -framework CoreFoundation  -L/opt/oracle/instantclient_11_2 -lclntsh -lpthread -ldl -lobjc "
conftest.c:13:57: error: use of undeclared identifier 'OCIMessageGet'
int t(void) { void ((*volatile p)()); p = (void ((*)()))OCIMessageGet; return 0; }
                                                        ^
1 error generated.
checked program was:
/* begin */
 1: #include "ruby.h"
 2: 
 3: /*top*/
 4: extern int t(void);
 5: int main(int argc, char **argv)
 6: {
 7:   if (argc > 1000000) {
 8:     printf("%p", &t);
 9:   }
10: 
11:   return 0;
12: }
13: int t(void) { void ((*volatile p)()); p = (void ((*)()))OCIMessageGet; return 0; }
/* end */

"/usr/bin/clang -o conftest -I/Users/jstirnaman/.rvm/rubies/ruby-2.1.0/include/ruby-2.1.0/x86_64-darwin12.0 -I/Users/jstirnaman/.rvm/rubies/ruby-2.1.0/include/ruby-2.1.0/ruby/backward -I/Users/jstirnaman/.rvm/rubies/ruby-2.1.0/include/ruby-2.1.0 -I. -D_XOPEN_SOURCE -D_DARWIN_C_SOURCE -D_DARWIN_UNLIMITED_SELECT -D_REENTRANT   -O3 -I/Users/mpapis/.sm/pkg/active/include -fPIC -mmacosx-version-min=10.6 -pipe -I/opt/oracle/instantclient_11_2/sdk/include conftest.c  -L. -L/Users/jstirnaman/.rvm/rubies/ruby-2.1.0/lib -L. -L/Users/mpapis/.sm/pkg/active/lib -L/usr/lib -fPIC -Bstatic -fstack-protector   -arch x86_64   -L/opt/oracle/instantclient_11_2 -lclntsh -lruby-static -framework CoreFoundation  -L/opt/oracle/instantclient_11_2 -lclntsh -lpthread -ldl -lobjc "
conftest.c:13:15: warning: implicit declaration of function 'OCIMessageGet' is invalid in C99 [-Wimplicit-function-declaration]
int t(void) { OCIMessageGet(); return 0; }
              ^
1 warning generated.
ld: warning: directory not found for option '-L/Users/mpapis/.sm/pkg/active/lib'
checked program was:
/* begin */
 1: #include "ruby.h"
 2: 
 3: /*top*/
 4: extern int t(void);
 5: int main(int argc, char **argv)
 6: {
 7:   if (argc > 1000000) {
 8:     printf("%p", &t);
 9:   }
10: 
11:   return 0;
12: }
13: int t(void) { OCIMessageGet(); return 0; }
/* end */

--------------------

have_func: checking for OCIMessageOpen()... -------------------- yes

"/usr/bin/clang -o conftest -I/Users/jstirnaman/.rvm/rubies/ruby-2.1.0/include/ruby-2.1.0/x86_64-darwin12.0 -I/Users/jstirnaman/.rvm/rubies/ruby-2.1.0/include/ruby-2.1.0/ruby/backward -I/Users/jstirnaman/.rvm/rubies/ruby-2.1.0/include/ruby-2.1.0 -I. -D_XOPEN_SOURCE -D_DARWIN_C_SOURCE -D_DARWIN_UNLIMITED_SELECT -D_REENTRANT   -O3 -I/Users/mpapis/.sm/pkg/active/include -fPIC -mmacosx-version-min=10.6 -pipe -I/opt/oracle/instantclient_11_2/sdk/include conftest.c  -L. -L/Users/jstirnaman/.rvm/rubies/ruby-2.1.0/lib -L. -L/Users/mpapis/.sm/pkg/active/lib -L/usr/lib -fPIC -Bstatic -fstack-protector   -arch x86_64   -L/opt/oracle/instantclient_11_2 -lclntsh -lruby-static -framework CoreFoundation  -L/opt/oracle/instantclient_11_2 -lclntsh -lpthread -ldl -lobjc "
conftest.c:13:57: error: use of undeclared identifier 'OCIMessageOpen'
int t(void) { void ((*volatile p)()); p = (void ((*)()))OCIMessageOpen; return 0; }
                                                        ^
1 error generated.
checked program was:
/* begin */
 1: #include "ruby.h"
 2: 
 3: /*top*/
 4: extern int t(void);
 5: int main(int argc, char **argv)
 6: {
 7:   if (argc > 1000000) {
 8:     printf("%p", &t);
 9:   }
10: 
11:   return 0;
12: }
13: int t(void) { void ((*volatile p)()); p = (void ((*)()))OCIMessageOpen; return 0; }
/* end */

"/usr/bin/clang -o conftest -I/Users/jstirnaman/.rvm/rubies/ruby-2.1.0/include/ruby-2.1.0/x86_64-darwin12.0 -I/Users/jstirnaman/.rvm/rubies/ruby-2.1.0/include/ruby-2.1.0/ruby/backward -I/Users/jstirnaman/.rvm/rubies/ruby-2.1.0/include/ruby-2.1.0 -I. -D_XOPEN_SOURCE -D_DARWIN_C_SOURCE -D_DARWIN_UNLIMITED_SELECT -D_REENTRANT   -O3 -I/Users/mpapis/.sm/pkg/active/include -fPIC -mmacosx-version-min=10.6 -pipe -I/opt/oracle/instantclient_11_2/sdk/include conftest.c  -L. -L/Users/jstirnaman/.rvm/rubies/ruby-2.1.0/lib -L. -L/Users/mpapis/.sm/pkg/active/lib -L/usr/lib -fPIC -Bstatic -fstack-protector   -arch x86_64   -L/opt/oracle/instantclient_11_2 -lclntsh -lruby-static -framework CoreFoundation  -L/opt/oracle/instantclient_11_2 -lclntsh -lpthread -ldl -lobjc "
conftest.c:13:15: warning: implicit declaration of function 'OCIMessageOpen' is invalid in C99 [-Wimplicit-function-declaration]
int t(void) { OCIMessageOpen(); return 0; }
              ^
1 warning generated.
ld: warning: directory not found for option '-L/Users/mpapis/.sm/pkg/active/lib'
checked program was:
/* begin */
 1: #include "ruby.h"
 2: 
 3: /*top*/
 4: extern int t(void);
 5: int main(int argc, char **argv)
 6: {
 7:   if (argc > 1000000) {
 8:     printf("%p", &t);
 9:   }
10: 
11:   return 0;
12: }
13: int t(void) { OCIMessageOpen(); return 0; }
/* end */

--------------------

have_func: checking for OCINumberIsInt()... -------------------- yes

"/usr/bin/clang -o conftest -I/Users/jstirnaman/.rvm/rubies/ruby-2.1.0/include/ruby-2.1.0/x86_64-darwin12.0 -I/Users/jstirnaman/.rvm/rubies/ruby-2.1.0/include/ruby-2.1.0/ruby/backward -I/Users/jstirnaman/.rvm/rubies/ruby-2.1.0/include/ruby-2.1.0 -I. -D_XOPEN_SOURCE -D_DARWIN_C_SOURCE -D_DARWIN_UNLIMITED_SELECT -D_REENTRANT   -O3 -I/Users/mpapis/.sm/pkg/active/include -fPIC -mmacosx-version-min=10.6 -pipe -I/opt/oracle/instantclient_11_2/sdk/include conftest.c  -L. -L/Users/jstirnaman/.rvm/rubies/ruby-2.1.0/lib -L. -L/Users/mpapis/.sm/pkg/active/lib -L/usr/lib -fPIC -Bstatic -fstack-protector   -arch x86_64   -L/opt/oracle/instantclient_11_2 -lclntsh -lruby-static -framework CoreFoundation  -L/opt/oracle/instantclient_11_2 -lclntsh -lpthread -ldl -lobjc "
conftest.c:13:57: error: use of undeclared identifier 'OCINumberIsInt'
int t(void) { void ((*volatile p)()); p = (void ((*)()))OCINumberIsInt; return 0; }
                                                        ^
1 error generated.
checked program was:
/* begin */
 1: #include "ruby.h"
 2: 
 3: /*top*/
 4: extern int t(void);
 5: int main(int argc, char **argv)
 6: {
 7:   if (argc > 1000000) {
 8:     printf("%p", &t);
 9:   }
10: 
11:   return 0;
12: }
13: int t(void) { void ((*volatile p)()); p = (void ((*)()))OCINumberIsInt; return 0; }
/* end */

"/usr/bin/clang -o conftest -I/Users/jstirnaman/.rvm/rubies/ruby-2.1.0/include/ruby-2.1.0/x86_64-darwin12.0 -I/Users/jstirnaman/.rvm/rubies/ruby-2.1.0/include/ruby-2.1.0/ruby/backward -I/Users/jstirnaman/.rvm/rubies/ruby-2.1.0/include/ruby-2.1.0 -I. -D_XOPEN_SOURCE -D_DARWIN_C_SOURCE -D_DARWIN_UNLIMITED_SELECT -D_REENTRANT   -O3 -I/Users/mpapis/.sm/pkg/active/include -fPIC -mmacosx-version-min=10.6 -pipe -I/opt/oracle/instantclient_11_2/sdk/include conftest.c  -L. -L/Users/jstirnaman/.rvm/rubies/ruby-2.1.0/lib -L. -L/Users/mpapis/.sm/pkg/active/lib -L/usr/lib -fPIC -Bstatic -fstack-protector   -arch x86_64   -L/opt/oracle/instantclient_11_2 -lclntsh -lruby-static -framework CoreFoundation  -L/opt/oracle/instantclient_11_2 -lclntsh -lpthread -ldl -lobjc "
conftest.c:13:15: warning: implicit declaration of function 'OCINumberIsInt' is invalid in C99 [-Wimplicit-function-declaration]
int t(void) { OCINumberIsInt(); return 0; }
              ^
1 warning generated.
ld: warning: directory not found for option '-L/Users/mpapis/.sm/pkg/active/lib'
checked program was:
/* begin */
 1: #include "ruby.h"
 2: 
 3: /*top*/
 4: extern int t(void);
 5: int main(int argc, char **argv)
 6: {
 7:   if (argc > 1000000) {
 8:     printf("%p", &t);
 9:   }
10: 
11:   return 0;
12: }
13: int t(void) { OCINumberIsInt(); return 0; }
/* end */

--------------------

have_func: checking for OCINumberPrec()... -------------------- yes

"/usr/bin/clang -o conftest -I/Users/jstirnaman/.rvm/rubies/ruby-2.1.0/include/ruby-2.1.0/x86_64-darwin12.0 -I/Users/jstirnaman/.rvm/rubies/ruby-2.1.0/include/ruby-2.1.0/ruby/backward -I/Users/jstirnaman/.rvm/rubies/ruby-2.1.0/include/ruby-2.1.0 -I. -D_XOPEN_SOURCE -D_DARWIN_C_SOURCE -D_DARWIN_UNLIMITED_SELECT -D_REENTRANT   -O3 -I/Users/mpapis/.sm/pkg/active/include -fPIC -mmacosx-version-min=10.6 -pipe -I/opt/oracle/instantclient_11_2/sdk/include conftest.c  -L. -L/Users/jstirnaman/.rvm/rubies/ruby-2.1.0/lib -L. -L/Users/mpapis/.sm/pkg/active/lib -L/usr/lib -fPIC -Bstatic -fstack-protector   -arch x86_64   -L/opt/oracle/instantclient_11_2 -lclntsh -lruby-static -framework CoreFoundation  -L/opt/oracle/instantclient_11_2 -lclntsh -lpthread -ldl -lobjc "
conftest.c:13:57: error: use of undeclared identifier 'OCINumberPrec'
int t(void) { void ((*volatile p)()); p = (void ((*)()))OCINumberPrec; return 0; }
                                                        ^
1 error generated.
checked program was:
/* begin */
 1: #include "ruby.h"
 2: 
 3: /*top*/
 4: extern int t(void);
 5: int main(int argc, char **argv)
 6: {
 7:   if (argc > 1000000) {
 8:     printf("%p", &t);
 9:   }
10: 
11:   return 0;
12: }
13: int t(void) { void ((*volatile p)()); p = (void ((*)()))OCINumberPrec; return 0; }
/* end */

"/usr/bin/clang -o conftest -I/Users/jstirnaman/.rvm/rubies/ruby-2.1.0/include/ruby-2.1.0/x86_64-darwin12.0 -I/Users/jstirnaman/.rvm/rubies/ruby-2.1.0/include/ruby-2.1.0/ruby/backward -I/Users/jstirnaman/.rvm/rubies/ruby-2.1.0/include/ruby-2.1.0 -I. -D_XOPEN_SOURCE -D_DARWIN_C_SOURCE -D_DARWIN_UNLIMITED_SELECT -D_REENTRANT   -O3 -I/Users/mpapis/.sm/pkg/active/include -fPIC -mmacosx-version-min=10.6 -pipe -I/opt/oracle/instantclient_11_2/sdk/include conftest.c  -L. -L/Users/jstirnaman/.rvm/rubies/ruby-2.1.0/lib -L. -L/Users/mpapis/.sm/pkg/active/lib -L/usr/lib -fPIC -Bstatic -fstack-protector   -arch x86_64   -L/opt/oracle/instantclient_11_2 -lclntsh -lruby-static -framework CoreFoundation  -L/opt/oracle/instantclient_11_2 -lclntsh -lpthread -ldl -lobjc "
conftest.c:13:15: warning: implicit declaration of function 'OCINumberPrec' is invalid in C99 [-Wimplicit-function-declaration]
int t(void) { OCINumberPrec(); return 0; }
              ^
1 warning generated.
ld: warning: directory not found for option '-L/Users/mpapis/.sm/pkg/active/lib'
checked program was:
/* begin */
 1: #include "ruby.h"
 2: 
 3: /*top*/
 4: extern int t(void);
 5: int main(int argc, char **argv)
 6: {
 7:   if (argc > 1000000) {
 8:     printf("%p", &t);
 9:   }
10: 
11:   return 0;
12: }
13: int t(void) { OCINumberPrec(); return 0; }
/* end */

--------------------

have_func: checking for OCINumberSetPi()... -------------------- yes

"/usr/bin/clang -o conftest -I/Users/jstirnaman/.rvm/rubies/ruby-2.1.0/include/ruby-2.1.0/x86_64-darwin12.0 -I/Users/jstirnaman/.rvm/rubies/ruby-2.1.0/include/ruby-2.1.0/ruby/backward -I/Users/jstirnaman/.rvm/rubies/ruby-2.1.0/include/ruby-2.1.0 -I. -D_XOPEN_SOURCE -D_DARWIN_C_SOURCE -D_DARWIN_UNLIMITED_SELECT -D_REENTRANT   -O3 -I/Users/mpapis/.sm/pkg/active/include -fPIC -mmacosx-version-min=10.6 -pipe -I/opt/oracle/instantclient_11_2/sdk/include conftest.c  -L. -L/Users/jstirnaman/.rvm/rubies/ruby-2.1.0/lib -L. -L/Users/mpapis/.sm/pkg/active/lib -L/usr/lib -fPIC -Bstatic -fstack-protector   -arch x86_64   -L/opt/oracle/instantclient_11_2 -lclntsh -lruby-static -framework CoreFoundation  -L/opt/oracle/instantclient_11_2 -lclntsh -lpthread -ldl -lobjc "
conftest.c:13:57: error: use of undeclared identifier 'OCINumberSetPi'
int t(void) { void ((*volatile p)()); p = (void ((*)()))OCINumberSetPi; return 0; }
                                                        ^
1 error generated.
checked program was:
/* begin */
 1: #include "ruby.h"
 2: 
 3: /*top*/
 4: extern int t(void);
 5: int main(int argc, char **argv)
 6: {
 7:   if (argc > 1000000) {
 8:     printf("%p", &t);
 9:   }
10: 
11:   return 0;
12: }
13: int t(void) { void ((*volatile p)()); p = (void ((*)()))OCINumberSetPi; return 0; }
/* end */

"/usr/bin/clang -o conftest -I/Users/jstirnaman/.rvm/rubies/ruby-2.1.0/include/ruby-2.1.0/x86_64-darwin12.0 -I/Users/jstirnaman/.rvm/rubies/ruby-2.1.0/include/ruby-2.1.0/ruby/backward -I/Users/jstirnaman/.rvm/rubies/ruby-2.1.0/include/ruby-2.1.0 -I. -D_XOPEN_SOURCE -D_DARWIN_C_SOURCE -D_DARWIN_UNLIMITED_SELECT -D_REENTRANT   -O3 -I/Users/mpapis/.sm/pkg/active/include -fPIC -mmacosx-version-min=10.6 -pipe -I/opt/oracle/instantclient_11_2/sdk/include conftest.c  -L. -L/Users/jstirnaman/.rvm/rubies/ruby-2.1.0/lib -L. -L/Users/mpapis/.sm/pkg/active/lib -L/usr/lib -fPIC -Bstatic -fstack-protector   -arch x86_64   -L/opt/oracle/instantclient_11_2 -lclntsh -lruby-static -framework CoreFoundation  -L/opt/oracle/instantclient_11_2 -lclntsh -lpthread -ldl -lobjc "
conftest.c:13:15: warning: implicit declaration of function 'OCINumberSetPi' is invalid in C99 [-Wimplicit-function-declaration]
int t(void) { OCINumberSetPi(); return 0; }
              ^
1 warning generated.
ld: warning: directory not found for option '-L/Users/mpapis/.sm/pkg/active/lib'
checked program was:
/* begin */
 1: #include "ruby.h"
 2: 
 3: /*top*/
 4: extern int t(void);
 5: int main(int argc, char **argv)
 6: {
 7:   if (argc > 1000000) {
 8:     printf("%p", &t);
 9:   }
10: 
11:   return 0;
12: }
13: int t(void) { OCINumberSetPi(); return 0; }
/* end */

--------------------

have_func: checking for OCINumberShift()... -------------------- yes

"/usr/bin/clang -o conftest -I/Users/jstirnaman/.rvm/rubies/ruby-2.1.0/include/ruby-2.1.0/x86_64-darwin12.0 -I/Users/jstirnaman/.rvm/rubies/ruby-2.1.0/include/ruby-2.1.0/ruby/backward -I/Users/jstirnaman/.rvm/rubies/ruby-2.1.0/include/ruby-2.1.0 -I. -D_XOPEN_SOURCE -D_DARWIN_C_SOURCE -D_DARWIN_UNLIMITED_SELECT -D_REENTRANT   -O3 -I/Users/mpapis/.sm/pkg/active/include -fPIC -mmacosx-version-min=10.6 -pipe -I/opt/oracle/instantclient_11_2/sdk/include conftest.c  -L. -L/Users/jstirnaman/.rvm/rubies/ruby-2.1.0/lib -L. -L/Users/mpapis/.sm/pkg/active/lib -L/usr/lib -fPIC -Bstatic -fstack-protector   -arch x86_64   -L/opt/oracle/instantclient_11_2 -lclntsh -lruby-static -framework CoreFoundation  -L/opt/oracle/instantclient_11_2 -lclntsh -lpthread -ldl -lobjc "
conftest.c:13:57: error: use of undeclared identifier 'OCINumberShift'
int t(void) { void ((*volatile p)()); p = (void ((*)()))OCINumberShift; return 0; }
                                                        ^
1 error generated.
checked program was:
/* begin */
 1: #include "ruby.h"
 2: 
 3: /*top*/
 4: extern int t(void);
 5: int main(int argc, char **argv)
 6: {
 7:   if (argc > 1000000) {
 8:     printf("%p", &t);
 9:   }
10: 
11:   return 0;
12: }
13: int t(void) { void ((*volatile p)()); p = (void ((*)()))OCINumberShift; return 0; }
/* end */

"/usr/bin/clang -o conftest -I/Users/jstirnaman/.rvm/rubies/ruby-2.1.0/include/ruby-2.1.0/x86_64-darwin12.0 -I/Users/jstirnaman/.rvm/rubies/ruby-2.1.0/include/ruby-2.1.0/ruby/backward -I/Users/jstirnaman/.rvm/rubies/ruby-2.1.0/include/ruby-2.1.0 -I. -D_XOPEN_SOURCE -D_DARWIN_C_SOURCE -D_DARWIN_UNLIMITED_SELECT -D_REENTRANT   -O3 -I/Users/mpapis/.sm/pkg/active/include -fPIC -mmacosx-version-min=10.6 -pipe -I/opt/oracle/instantclient_11_2/sdk/include conftest.c  -L. -L/Users/jstirnaman/.rvm/rubies/ruby-2.1.0/lib -L. -L/Users/mpapis/.sm/pkg/active/lib -L/usr/lib -fPIC -Bstatic -fstack-protector   -arch x86_64   -L/opt/oracle/instantclient_11_2 -lclntsh -lruby-static -framework CoreFoundation  -L/opt/oracle/instantclient_11_2 -lclntsh -lpthread -ldl -lobjc "
conftest.c:13:15: warning: implicit declaration of function 'OCINumberShift' is invalid in C99 [-Wimplicit-function-declaration]
int t(void) { OCINumberShift(); return 0; }
              ^
1 warning generated.
ld: warning: directory not found for option '-L/Users/mpapis/.sm/pkg/active/lib'
checked program was:
/* begin */
 1: #include "ruby.h"
 2: 
 3: /*top*/
 4: extern int t(void);
 5: int main(int argc, char **argv)
 6: {
 7:   if (argc > 1000000) {
 8:     printf("%p", &t);
 9:   }
10: 
11:   return 0;
12: }
13: int t(void) { OCINumberShift(); return 0; }
/* end */

--------------------

have_func: checking for OCINumberSign()... -------------------- yes

"/usr/bin/clang -o conftest -I/Users/jstirnaman/.rvm/rubies/ruby-2.1.0/include/ruby-2.1.0/x86_64-darwin12.0 -I/Users/jstirnaman/.rvm/rubies/ruby-2.1.0/include/ruby-2.1.0/ruby/backward -I/Users/jstirnaman/.rvm/rubies/ruby-2.1.0/include/ruby-2.1.0 -I. -D_XOPEN_SOURCE -D_DARWIN_C_SOURCE -D_DARWIN_UNLIMITED_SELECT -D_REENTRANT   -O3 -I/Users/mpapis/.sm/pkg/active/include -fPIC -mmacosx-version-min=10.6 -pipe -I/opt/oracle/instantclient_11_2/sdk/include conftest.c  -L. -L/Users/jstirnaman/.rvm/rubies/ruby-2.1.0/lib -L. -L/Users/mpapis/.sm/pkg/active/lib -L/usr/lib -fPIC -Bstatic -fstack-protector   -arch x86_64   -L/opt/oracle/instantclient_11_2 -lclntsh -lruby-static -framework CoreFoundation  -L/opt/oracle/instantclient_11_2 -lclntsh -lpthread -ldl -lobjc "
conftest.c:13:57: error: use of undeclared identifier 'OCINumberSign'
int t(void) { void ((*volatile p)()); p = (void ((*)()))OCINumberSign; return 0; }
                                                        ^
1 error generated.
checked program was:
/* begin */
 1: #include "ruby.h"
 2: 
 3: /*top*/
 4: extern int t(void);
 5: int main(int argc, char **argv)
 6: {
 7:   if (argc > 1000000) {
 8:     printf("%p", &t);
 9:   }
10: 
11:   return 0;
12: }
13: int t(void) { void ((*volatile p)()); p = (void ((*)()))OCINumberSign; return 0; }
/* end */

"/usr/bin/clang -o conftest -I/Users/jstirnaman/.rvm/rubies/ruby-2.1.0/include/ruby-2.1.0/x86_64-darwin12.0 -I/Users/jstirnaman/.rvm/rubies/ruby-2.1.0/include/ruby-2.1.0/ruby/backward -I/Users/jstirnaman/.rvm/rubies/ruby-2.1.0/include/ruby-2.1.0 -I. -D_XOPEN_SOURCE -D_DARWIN_C_SOURCE -D_DARWIN_UNLIMITED_SELECT -D_REENTRANT   -O3 -I/Users/mpapis/.sm/pkg/active/include -fPIC -mmacosx-version-min=10.6 -pipe -I/opt/oracle/instantclient_11_2/sdk/include conftest.c  -L. -L/Users/jstirnaman/.rvm/rubies/ruby-2.1.0/lib -L. -L/Users/mpapis/.sm/pkg/active/lib -L/usr/lib -fPIC -Bstatic -fstack-protector   -arch x86_64   -L/opt/oracle/instantclient_11_2 -lclntsh -lruby-static -framework CoreFoundation  -L/opt/oracle/instantclient_11_2 -lclntsh -lpthread -ldl -lobjc "
conftest.c:13:15: warning: implicit declaration of function 'OCINumberSign' is invalid in C99 [-Wimplicit-function-declaration]
int t(void) { OCINumberSign(); return 0; }
              ^
1 warning generated.
ld: warning: directory not found for option '-L/Users/mpapis/.sm/pkg/active/lib'
checked program was:
/* begin */
 1: #include "ruby.h"
 2: 
 3: /*top*/
 4: extern int t(void);
 5: int main(int argc, char **argv)
 6: {
 7:   if (argc > 1000000) {
 8:     printf("%p", &t);
 9:   }
10: 
11:   return 0;
12: }
13: int t(void) { OCINumberSign(); return 0; }
/* end */

--------------------

have_func: checking for OCIReset()... -------------------- yes

"/usr/bin/clang -o conftest -I/Users/jstirnaman/.rvm/rubies/ruby-2.1.0/include/ruby-2.1.0/x86_64-darwin12.0 -I/Users/jstirnaman/.rvm/rubies/ruby-2.1.0/include/ruby-2.1.0/ruby/backward -I/Users/jstirnaman/.rvm/rubies/ruby-2.1.0/include/ruby-2.1.0 -I. -D_XOPEN_SOURCE -D_DARWIN_C_SOURCE -D_DARWIN_UNLIMITED_SELECT -D_REENTRANT   -O3 -I/Users/mpapis/.sm/pkg/active/include -fPIC -mmacosx-version-min=10.6 -pipe -I/opt/oracle/instantclient_11_2/sdk/include conftest.c  -L. -L/Users/jstirnaman/.rvm/rubies/ruby-2.1.0/lib -L. -L/Users/mpapis/.sm/pkg/active/lib -L/usr/lib -fPIC -Bstatic -fstack-protector   -arch x86_64   -L/opt/oracle/instantclient_11_2 -lclntsh -lruby-static -framework CoreFoundation  -L/opt/oracle/instantclient_11_2 -lclntsh -lpthread -ldl -lobjc "
conftest.c:13:57: error: use of undeclared identifier 'OCIReset'
int t(void) { void ((*volatile p)()); p = (void ((*)()))OCIReset; return 0; }
                                                        ^
1 error generated.
checked program was:
/* begin */
 1: #include "ruby.h"
 2: 
 3: /*top*/
 4: extern int t(void);
 5: int main(int argc, char **argv)
 6: {
 7:   if (argc > 1000000) {
 8:     printf("%p", &t);
 9:   }
10: 
11:   return 0;
12: }
13: int t(void) { void ((*volatile p)()); p = (void ((*)()))OCIReset; return 0; }
/* end */

"/usr/bin/clang -o conftest -I/Users/jstirnaman/.rvm/rubies/ruby-2.1.0/include/ruby-2.1.0/x86_64-darwin12.0 -I/Users/jstirnaman/.rvm/rubies/ruby-2.1.0/include/ruby-2.1.0/ruby/backward -I/Users/jstirnaman/.rvm/rubies/ruby-2.1.0/include/ruby-2.1.0 -I. -D_XOPEN_SOURCE -D_DARWIN_C_SOURCE -D_DARWIN_UNLIMITED_SELECT -D_REENTRANT   -O3 -I/Users/mpapis/.sm/pkg/active/include -fPIC -mmacosx-version-min=10.6 -pipe -I/opt/oracle/instantclient_11_2/sdk/include conftest.c  -L. -L/Users/jstirnaman/.rvm/rubies/ruby-2.1.0/lib -L. -L/Users/mpapis/.sm/pkg/active/lib -L/usr/lib -fPIC -Bstatic -fstack-protector   -arch x86_64   -L/opt/oracle/instantclient_11_2 -lclntsh -lruby-static -framework CoreFoundation  -L/opt/oracle/instantclient_11_2 -lclntsh -lpthread -ldl -lobjc "
conftest.c:13:15: warning: implicit declaration of function 'OCIReset' is invalid in C99 [-Wimplicit-function-declaration]
int t(void) { OCIReset(); return 0; }
              ^
1 warning generated.
ld: warning: directory not found for option '-L/Users/mpapis/.sm/pkg/active/lib'
checked program was:
/* begin */
 1: #include "ruby.h"
 2: 
 3: /*top*/
 4: extern int t(void);
 5: int main(int argc, char **argv)
 6: {
 7:   if (argc > 1000000) {
 8:     printf("%p", &t);
 9:   }
10: 
11:   return 0;
12: }
13: int t(void) { OCIReset(); return 0; }
/* end */

--------------------

have_func: checking for OCIConnectionPoolCreate()... -------------------- yes

"/usr/bin/clang -o conftest -I/Users/jstirnaman/.rvm/rubies/ruby-2.1.0/include/ruby-2.1.0/x86_64-darwin12.0 -I/Users/jstirnaman/.rvm/rubies/ruby-2.1.0/include/ruby-2.1.0/ruby/backward -I/Users/jstirnaman/.rvm/rubies/ruby-2.1.0/include/ruby-2.1.0 -I. -D_XOPEN_SOURCE -D_DARWIN_C_SOURCE -D_DARWIN_UNLIMITED_SELECT -D_REENTRANT   -O3 -I/Users/mpapis/.sm/pkg/active/include -fPIC -mmacosx-version-min=10.6 -pipe -I/opt/oracle/instantclient_11_2/sdk/include conftest.c  -L. -L/Users/jstirnaman/.rvm/rubies/ruby-2.1.0/lib -L. -L/Users/mpapis/.sm/pkg/active/lib -L/usr/lib -fPIC -Bstatic -fstack-protector   -arch x86_64   -L/opt/oracle/instantclient_11_2 -lclntsh -lruby-static -framework CoreFoundation  -L/opt/oracle/instantclient_11_2 -lclntsh -lpthread -ldl -lobjc "
conftest.c:13:57: error: use of undeclared identifier 'OCIConnectionPoolCreate'
int t(void) { void ((*volatile p)()); p = (void ((*)()))OCIConnectionPoolCreate; return 0; }
                                                        ^
1 error generated.
checked program was:
/* begin */
 1: #include "ruby.h"
 2: 
 3: /*top*/
 4: extern int t(void);
 5: int main(int argc, char **argv)
 6: {
 7:   if (argc > 1000000) {
 8:     printf("%p", &t);
 9:   }
10: 
11:   return 0;
12: }
13: int t(void) { void ((*volatile p)()); p = (void ((*)()))OCIConnectionPoolCreate; return 0; }
/* end */

"/usr/bin/clang -o conftest -I/Users/jstirnaman/.rvm/rubies/ruby-2.1.0/include/ruby-2.1.0/x86_64-darwin12.0 -I/Users/jstirnaman/.rvm/rubies/ruby-2.1.0/include/ruby-2.1.0/ruby/backward -I/Users/jstirnaman/.rvm/rubies/ruby-2.1.0/include/ruby-2.1.0 -I. -D_XOPEN_SOURCE -D_DARWIN_C_SOURCE -D_DARWIN_UNLIMITED_SELECT -D_REENTRANT   -O3 -I/Users/mpapis/.sm/pkg/active/include -fPIC -mmacosx-version-min=10.6 -pipe -I/opt/oracle/instantclient_11_2/sdk/include conftest.c  -L. -L/Users/jstirnaman/.rvm/rubies/ruby-2.1.0/lib -L. -L/Users/mpapis/.sm/pkg/active/lib -L/usr/lib -fPIC -Bstatic -fstack-protector   -arch x86_64   -L/opt/oracle/instantclient_11_2 -lclntsh -lruby-static -framework CoreFoundation  -L/opt/oracle/instantclient_11_2 -lclntsh -lpthread -ldl -lobjc "
conftest.c:13:15: warning: implicit declaration of function 'OCIConnectionPoolCreate' is invalid in C99 [-Wimplicit-function-declaration]
int t(void) { OCIConnectionPoolCreate(); return 0; }
              ^
1 warning generated.
ld: warning: directory not found for option '-L/Users/mpapis/.sm/pkg/active/lib'
checked program was:
/* begin */
 1: #include "ruby.h"
 2: 
 3: /*top*/
 4: extern int t(void);
 5: int main(int argc, char **argv)
 6: {
 7:   if (argc > 1000000) {
 8:     printf("%p", &t);
 9:   }
10: 
11:   return 0;
12: }
13: int t(void) { OCIConnectionPoolCreate(); return 0; }
/* end */

--------------------

have_func: checking for OCIConnectionPoolDestroy()... -------------------- yes

"/usr/bin/clang -o conftest -I/Users/jstirnaman/.rvm/rubies/ruby-2.1.0/include/ruby-2.1.0/x86_64-darwin12.0 -I/Users/jstirnaman/.rvm/rubies/ruby-2.1.0/include/ruby-2.1.0/ruby/backward -I/Users/jstirnaman/.rvm/rubies/ruby-2.1.0/include/ruby-2.1.0 -I. -D_XOPEN_SOURCE -D_DARWIN_C_SOURCE -D_DARWIN_UNLIMITED_SELECT -D_REENTRANT   -O3 -I/Users/mpapis/.sm/pkg/active/include -fPIC -mmacosx-version-min=10.6 -pipe -I/opt/oracle/instantclient_11_2/sdk/include conftest.c  -L. -L/Users/jstirnaman/.rvm/rubies/ruby-2.1.0/lib -L. -L/Users/mpapis/.sm/pkg/active/lib -L/usr/lib -fPIC -Bstatic -fstack-protector   -arch x86_64   -L/opt/oracle/instantclient_11_2 -lclntsh -lruby-static -framework CoreFoundation  -L/opt/oracle/instantclient_11_2 -lclntsh -lpthread -ldl -lobjc "
conftest.c:13:57: error: use of undeclared identifier 'OCIConnectionPoolDestroy'
int t(void) { void ((*volatile p)()); p = (void ((*)()))OCIConnectionPoolDestroy; return 0; }
                                                        ^
1 error generated.
checked program was:
/* begin */
 1: #include "ruby.h"
 2: 
 3: /*top*/
 4: extern int t(void);
 5: int main(int argc, char **argv)
 6: {
 7:   if (argc > 1000000) {
 8:     printf("%p", &t);
 9:   }
10: 
11:   return 0;
12: }
13: int t(void) { void ((*volatile p)()); p = (void ((*)()))OCIConnectionPoolDestroy; return 0; }
/* end */

"/usr/bin/clang -o conftest -I/Users/jstirnaman/.rvm/rubies/ruby-2.1.0/include/ruby-2.1.0/x86_64-darwin12.0 -I/Users/jstirnaman/.rvm/rubies/ruby-2.1.0/include/ruby-2.1.0/ruby/backward -I/Users/jstirnaman/.rvm/rubies/ruby-2.1.0/include/ruby-2.1.0 -I. -D_XOPEN_SOURCE -D_DARWIN_C_SOURCE -D_DARWIN_UNLIMITED_SELECT -D_REENTRANT   -O3 -I/Users/mpapis/.sm/pkg/active/include -fPIC -mmacosx-version-min=10.6 -pipe -I/opt/oracle/instantclient_11_2/sdk/include conftest.c  -L. -L/Users/jstirnaman/.rvm/rubies/ruby-2.1.0/lib -L. -L/Users/mpapis/.sm/pkg/active/lib -L/usr/lib -fPIC -Bstatic -fstack-protector   -arch x86_64   -L/opt/oracle/instantclient_11_2 -lclntsh -lruby-static -framework CoreFoundation  -L/opt/oracle/instantclient_11_2 -lclntsh -lpthread -ldl -lobjc "
conftest.c:13:15: warning: implicit declaration of function 'OCIConnectionPoolDestroy' is invalid in C99 [-Wimplicit-function-declaration]
int t(void) { OCIConnectionPoolDestroy(); return 0; }
              ^
1 warning generated.
ld: warning: directory not found for option '-L/Users/mpapis/.sm/pkg/active/lib'
checked program was:
/* begin */
 1: #include "ruby.h"
 2: 
 3: /*top*/
 4: extern int t(void);
 5: int main(int argc, char **argv)
 6: {
 7:   if (argc > 1000000) {
 8:     printf("%p", &t);
 9:   }
10: 
11:   return 0;
12: }
13: int t(void) { OCIConnectionPoolDestroy(); return 0; }
/* end */

--------------------

have_func: checking for OCIDateTimeConstruct()... -------------------- yes

"/usr/bin/clang -o conftest -I/Users/jstirnaman/.rvm/rubies/ruby-2.1.0/include/ruby-2.1.0/x86_64-darwin12.0 -I/Users/jstirnaman/.rvm/rubies/ruby-2.1.0/include/ruby-2.1.0/ruby/backward -I/Users/jstirnaman/.rvm/rubies/ruby-2.1.0/include/ruby-2.1.0 -I. -D_XOPEN_SOURCE -D_DARWIN_C_SOURCE -D_DARWIN_UNLIMITED_SELECT -D_REENTRANT   -O3 -I/Users/mpapis/.sm/pkg/active/include -fPIC -mmacosx-version-min=10.6 -pipe -I/opt/oracle/instantclient_11_2/sdk/include conftest.c  -L. -L/Users/jstirnaman/.rvm/rubies/ruby-2.1.0/lib -L. -L/Users/mpapis/.sm/pkg/active/lib -L/usr/lib -fPIC -Bstatic -fstack-protector   -arch x86_64   -L/opt/oracle/instantclient_11_2 -lclntsh -lruby-static -framework CoreFoundation  -L/opt/oracle/instantclient_11_2 -lclntsh -lpthread -ldl -lobjc "
conftest.c:13:57: error: use of undeclared identifier 'OCIDateTimeConstruct'
int t(void) { void ((*volatile p)()); p = (void ((*)()))OCIDateTimeConstruct; return 0; }
                                                        ^
1 error generated.
checked program was:
/* begin */
 1: #include "ruby.h"
 2: 
 3: /*top*/
 4: extern int t(void);
 5: int main(int argc, char **argv)
 6: {
 7:   if (argc > 1000000) {
 8:     printf("%p", &t);
 9:   }
10: 
11:   return 0;
12: }
13: int t(void) { void ((*volatile p)()); p = (void ((*)()))OCIDateTimeConstruct; return 0; }
/* end */

"/usr/bin/clang -o conftest -I/Users/jstirnaman/.rvm/rubies/ruby-2.1.0/include/ruby-2.1.0/x86_64-darwin12.0 -I/Users/jstirnaman/.rvm/rubies/ruby-2.1.0/include/ruby-2.1.0/ruby/backward -I/Users/jstirnaman/.rvm/rubies/ruby-2.1.0/include/ruby-2.1.0 -I. -D_XOPEN_SOURCE -D_DARWIN_C_SOURCE -D_DARWIN_UNLIMITED_SELECT -D_REENTRANT   -O3 -I/Users/mpapis/.sm/pkg/active/include -fPIC -mmacosx-version-min=10.6 -pipe -I/opt/oracle/instantclient_11_2/sdk/include conftest.c  -L. -L/Users/jstirnaman/.rvm/rubies/ruby-2.1.0/lib -L. -L/Users/mpapis/.sm/pkg/active/lib -L/usr/lib -fPIC -Bstatic -fstack-protector   -arch x86_64   -L/opt/oracle/instantclient_11_2 -lclntsh -lruby-static -framework CoreFoundation  -L/opt/oracle/instantclient_11_2 -lclntsh -lpthread -ldl -lobjc "
conftest.c:13:15: warning: implicit declaration of function 'OCIDateTimeConstruct' is invalid in C99 [-Wimplicit-function-declaration]
int t(void) { OCIDateTimeConstruct(); return 0; }
              ^
1 warning generated.
ld: warning: directory not found for option '-L/Users/mpapis/.sm/pkg/active/lib'
checked program was:
/* begin */
 1: #include "ruby.h"
 2: 
 3: /*top*/
 4: extern int t(void);
 5: int main(int argc, char **argv)
 6: {
 7:   if (argc > 1000000) {
 8:     printf("%p", &t);
 9:   }
10: 
11:   return 0;
12: }
13: int t(void) { OCIDateTimeConstruct(); return 0; }
/* end */

--------------------

have_func: checking for OCIDateTimeGetDate()... -------------------- yes

"/usr/bin/clang -o conftest -I/Users/jstirnaman/.rvm/rubies/ruby-2.1.0/include/ruby-2.1.0/x86_64-darwin12.0 -I/Users/jstirnaman/.rvm/rubies/ruby-2.1.0/include/ruby-2.1.0/ruby/backward -I/Users/jstirnaman/.rvm/rubies/ruby-2.1.0/include/ruby-2.1.0 -I. -D_XOPEN_SOURCE -D_DARWIN_C_SOURCE -D_DARWIN_UNLIMITED_SELECT -D_REENTRANT   -O3 -I/Users/mpapis/.sm/pkg/active/include -fPIC -mmacosx-version-min=10.6 -pipe -I/opt/oracle/instantclient_11_2/sdk/include conftest.c  -L. -L/Users/jstirnaman/.rvm/rubies/ruby-2.1.0/lib -L. -L/Users/mpapis/.sm/pkg/active/lib -L/usr/lib -fPIC -Bstatic -fstack-protector   -arch x86_64   -L/opt/oracle/instantclient_11_2 -lclntsh -lruby-static -framework CoreFoundation  -L/opt/oracle/instantclient_11_2 -lclntsh -lpthread -ldl -lobjc "
conftest.c:13:57: error: use of undeclared identifier 'OCIDateTimeGetDate'
int t(void) { void ((*volatile p)()); p = (void ((*)()))OCIDateTimeGetDate; return 0; }
                                                        ^
1 error generated.
checked program was:
/* begin */
 1: #include "ruby.h"
 2: 
 3: /*top*/
 4: extern int t(void);
 5: int main(int argc, char **argv)
 6: {
 7:   if (argc > 1000000) {
 8:     printf("%p", &t);
 9:   }
10: 
11:   return 0;
12: }
13: int t(void) { void ((*volatile p)()); p = (void ((*)()))OCIDateTimeGetDate; return 0; }
/* end */

"/usr/bin/clang -o conftest -I/Users/jstirnaman/.rvm/rubies/ruby-2.1.0/include/ruby-2.1.0/x86_64-darwin12.0 -I/Users/jstirnaman/.rvm/rubies/ruby-2.1.0/include/ruby-2.1.0/ruby/backward -I/Users/jstirnaman/.rvm/rubies/ruby-2.1.0/include/ruby-2.1.0 -I. -D_XOPEN_SOURCE -D_DARWIN_C_SOURCE -D_DARWIN_UNLIMITED_SELECT -D_REENTRANT   -O3 -I/Users/mpapis/.sm/pkg/active/include -fPIC -mmacosx-version-min=10.6 -pipe -I/opt/oracle/instantclient_11_2/sdk/include conftest.c  -L. -L/Users/jstirnaman/.rvm/rubies/ruby-2.1.0/lib -L. -L/Users/mpapis/.sm/pkg/active/lib -L/usr/lib -fPIC -Bstatic -fstack-protector   -arch x86_64   -L/opt/oracle/instantclient_11_2 -lclntsh -lruby-static -framework CoreFoundation  -L/opt/oracle/instantclient_11_2 -lclntsh -lpthread -ldl -lobjc "
conftest.c:13:15: warning: implicit declaration of function 'OCIDateTimeGetDate' is invalid in C99 [-Wimplicit-function-declaration]
int t(void) { OCIDateTimeGetDate(); return 0; }
              ^
1 warning generated.
ld: warning: directory not found for option '-L/Users/mpapis/.sm/pkg/active/lib'
checked program was:
/* begin */
 1: #include "ruby.h"
 2: 
 3: /*top*/
 4: extern int t(void);
 5: int main(int argc, char **argv)
 6: {
 7:   if (argc > 1000000) {
 8:     printf("%p", &t);
 9:   }
10: 
11:   return 0;
12: }
13: int t(void) { OCIDateTimeGetDate(); return 0; }
/* end */

--------------------

have_func: checking for OCIDateTimeGetTime()... -------------------- yes

"/usr/bin/clang -o conftest -I/Users/jstirnaman/.rvm/rubies/ruby-2.1.0/include/ruby-2.1.0/x86_64-darwin12.0 -I/Users/jstirnaman/.rvm/rubies/ruby-2.1.0/include/ruby-2.1.0/ruby/backward -I/Users/jstirnaman/.rvm/rubies/ruby-2.1.0/include/ruby-2.1.0 -I. -D_XOPEN_SOURCE -D_DARWIN_C_SOURCE -D_DARWIN_UNLIMITED_SELECT -D_REENTRANT   -O3 -I/Users/mpapis/.sm/pkg/active/include -fPIC -mmacosx-version-min=10.6 -pipe -I/opt/oracle/instantclient_11_2/sdk/include conftest.c  -L. -L/Users/jstirnaman/.rvm/rubies/ruby-2.1.0/lib -L. -L/Users/mpapis/.sm/pkg/active/lib -L/usr/lib -fPIC -Bstatic -fstack-protector   -arch x86_64   -L/opt/oracle/instantclient_11_2 -lclntsh -lruby-static -framework CoreFoundation  -L/opt/oracle/instantclient_11_2 -lclntsh -lpthread -ldl -lobjc "
conftest.c:13:57: error: use of undeclared identifier 'OCIDateTimeGetTime'
int t(void) { void ((*volatile p)()); p = (void ((*)()))OCIDateTimeGetTime; return 0; }
                                                        ^
1 error generated.
checked program was:
/* begin */
 1: #include "ruby.h"
 2: 
 3: /*top*/
 4: extern int t(void);
 5: int main(int argc, char **argv)
 6: {
 7:   if (argc > 1000000) {
 8:     printf("%p", &t);
 9:   }
10: 
11:   return 0;
12: }
13: int t(void) { void ((*volatile p)()); p = (void ((*)()))OCIDateTimeGetTime; return 0; }
/* end */

"/usr/bin/clang -o conftest -I/Users/jstirnaman/.rvm/rubies/ruby-2.1.0/include/ruby-2.1.0/x86_64-darwin12.0 -I/Users/jstirnaman/.rvm/rubies/ruby-2.1.0/include/ruby-2.1.0/ruby/backward -I/Users/jstirnaman/.rvm/rubies/ruby-2.1.0/include/ruby-2.1.0 -I. -D_XOPEN_SOURCE -D_DARWIN_C_SOURCE -D_DARWIN_UNLIMITED_SELECT -D_REENTRANT   -O3 -I/Users/mpapis/.sm/pkg/active/include -fPIC -mmacosx-version-min=10.6 -pipe -I/opt/oracle/instantclient_11_2/sdk/include conftest.c  -L. -L/Users/jstirnaman/.rvm/rubies/ruby-2.1.0/lib -L. -L/Users/mpapis/.sm/pkg/active/lib -L/usr/lib -fPIC -Bstatic -fstack-protector   -arch x86_64   -L/opt/oracle/instantclient_11_2 -lclntsh -lruby-static -framework CoreFoundation  -L/opt/oracle/instantclient_11_2 -lclntsh -lpthread -ldl -lobjc "
conftest.c:13:15: warning: implicit declaration of function 'OCIDateTimeGetTime' is invalid in C99 [-Wimplicit-function-declaration]
int t(void) { OCIDateTimeGetTime(); return 0; }
              ^
1 warning generated.
ld: warning: directory not found for option '-L/Users/mpapis/.sm/pkg/active/lib'
checked program was:
/* begin */
 1: #include "ruby.h"
 2: 
 3: /*top*/
 4: extern int t(void);
 5: int main(int argc, char **argv)
 6: {
 7:   if (argc > 1000000) {
 8:     printf("%p", &t);
 9:   }
10: 
11:   return 0;
12: }
13: int t(void) { OCIDateTimeGetTime(); return 0; }
/* end */

--------------------

have_func: checking for OCIDateTimeGetTimeZoneOffset()... -------------------- yes

"/usr/bin/clang -o conftest -I/Users/jstirnaman/.rvm/rubies/ruby-2.1.0/include/ruby-2.1.0/x86_64-darwin12.0 -I/Users/jstirnaman/.rvm/rubies/ruby-2.1.0/include/ruby-2.1.0/ruby/backward -I/Users/jstirnaman/.rvm/rubies/ruby-2.1.0/include/ruby-2.1.0 -I. -D_XOPEN_SOURCE -D_DARWIN_C_SOURCE -D_DARWIN_UNLIMITED_SELECT -D_REENTRANT   -O3 -I/Users/mpapis/.sm/pkg/active/include -fPIC -mmacosx-version-min=10.6 -pipe -I/opt/oracle/instantclient_11_2/sdk/include conftest.c  -L. -L/Users/jstirnaman/.rvm/rubies/ruby-2.1.0/lib -L. -L/Users/mpapis/.sm/pkg/active/lib -L/usr/lib -fPIC -Bstatic -fstack-protector   -arch x86_64   -L/opt/oracle/instantclient_11_2 -lclntsh -lruby-static -framework CoreFoundation  -L/opt/oracle/instantclient_11_2 -lclntsh -lpthread -ldl -lobjc "
conftest.c:13:57: error: use of undeclared identifier 'OCIDateTimeGetTimeZoneOffset'
int t(void) { void ((*volatile p)()); p = (void ((*)()))OCIDateTimeGetTimeZoneOffset; return 0; }
                                                        ^
1 error generated.
checked program was:
/* begin */
 1: #include "ruby.h"
 2: 
 3: /*top*/
 4: extern int t(void);
 5: int main(int argc, char **argv)
 6: {
 7:   if (argc > 1000000) {
 8:     printf("%p", &t);
 9:   }
10: 
11:   return 0;
12: }
13: int t(void) { void ((*volatile p)()); p = (void ((*)()))OCIDateTimeGetTimeZoneOffset; return 0; }
/* end */

"/usr/bin/clang -o conftest -I/Users/jstirnaman/.rvm/rubies/ruby-2.1.0/include/ruby-2.1.0/x86_64-darwin12.0 -I/Users/jstirnaman/.rvm/rubies/ruby-2.1.0/include/ruby-2.1.0/ruby/backward -I/Users/jstirnaman/.rvm/rubies/ruby-2.1.0/include/ruby-2.1.0 -I. -D_XOPEN_SOURCE -D_DARWIN_C_SOURCE -D_DARWIN_UNLIMITED_SELECT -D_REENTRANT   -O3 -I/Users/mpapis/.sm/pkg/active/include -fPIC -mmacosx-version-min=10.6 -pipe -I/opt/oracle/instantclient_11_2/sdk/include conftest.c  -L. -L/Users/jstirnaman/.rvm/rubies/ruby-2.1.0/lib -L. -L/Users/mpapis/.sm/pkg/active/lib -L/usr/lib -fPIC -Bstatic -fstack-protector   -arch x86_64   -L/opt/oracle/instantclient_11_2 -lclntsh -lruby-static -framework CoreFoundation  -L/opt/oracle/instantclient_11_2 -lclntsh -lpthread -ldl -lobjc "
conftest.c:13:15: warning: implicit declaration of function 'OCIDateTimeGetTimeZoneOffset' is invalid in C99 [-Wimplicit-function-declaration]
int t(void) { OCIDateTimeGetTimeZoneOffset(); return 0; }
              ^
1 warning generated.
ld: warning: directory not found for option '-L/Users/mpapis/.sm/pkg/active/lib'
checked program was:
/* begin */
 1: #include "ruby.h"
 2: 
 3: /*top*/
 4: extern int t(void);
 5: int main(int argc, char **argv)
 6: {
 7:   if (argc > 1000000) {
 8:     printf("%p", &t);
 9:   }
10: 
11:   return 0;
12: }
13: int t(void) { OCIDateTimeGetTimeZoneOffset(); return 0; }
/* end */

--------------------

have_func: checking for OCIIntervalFromText()... -------------------- yes

"/usr/bin/clang -o conftest -I/Users/jstirnaman/.rvm/rubies/ruby-2.1.0/include/ruby-2.1.0/x86_64-darwin12.0 -I/Users/jstirnaman/.rvm/rubies/ruby-2.1.0/include/ruby-2.1.0/ruby/backward -I/Users/jstirnaman/.rvm/rubies/ruby-2.1.0/include/ruby-2.1.0 -I. -D_XOPEN_SOURCE -D_DARWIN_C_SOURCE -D_DARWIN_UNLIMITED_SELECT -D_REENTRANT   -O3 -I/Users/mpapis/.sm/pkg/active/include -fPIC -mmacosx-version-min=10.6 -pipe -I/opt/oracle/instantclient_11_2/sdk/include conftest.c  -L. -L/Users/jstirnaman/.rvm/rubies/ruby-2.1.0/lib -L. -L/Users/mpapis/.sm/pkg/active/lib -L/usr/lib -fPIC -Bstatic -fstack-protector   -arch x86_64   -L/opt/oracle/instantclient_11_2 -lclntsh -lruby-static -framework CoreFoundation  -L/opt/oracle/instantclient_11_2 -lclntsh -lpthread -ldl -lobjc "
conftest.c:13:57: error: use of undeclared identifier 'OCIIntervalFromText'
int t(void) { void ((*volatile p)()); p = (void ((*)()))OCIIntervalFromText; return 0; }
                                                        ^
1 error generated.
checked program was:
/* begin */
 1: #include "ruby.h"
 2: 
 3: /*top*/
 4: extern int t(void);
 5: int main(int argc, char **argv)
 6: {
 7:   if (argc > 1000000) {
 8:     printf("%p", &t);
 9:   }
10: 
11:   return 0;
12: }
13: int t(void) { void ((*volatile p)()); p = (void ((*)()))OCIIntervalFromText; return 0; }
/* end */

"/usr/bin/clang -o conftest -I/Users/jstirnaman/.rvm/rubies/ruby-2.1.0/include/ruby-2.1.0/x86_64-darwin12.0 -I/Users/jstirnaman/.rvm/rubies/ruby-2.1.0/include/ruby-2.1.0/ruby/backward -I/Users/jstirnaman/.rvm/rubies/ruby-2.1.0/include/ruby-2.1.0 -I. -D_XOPEN_SOURCE -D_DARWIN_C_SOURCE -D_DARWIN_UNLIMITED_SELECT -D_REENTRANT   -O3 -I/Users/mpapis/.sm/pkg/active/include -fPIC -mmacosx-version-min=10.6 -pipe -I/opt/oracle/instantclient_11_2/sdk/include conftest.c  -L. -L/Users/jstirnaman/.rvm/rubies/ruby-2.1.0/lib -L. -L/Users/mpapis/.sm/pkg/active/lib -L/usr/lib -fPIC -Bstatic -fstack-protector   -arch x86_64   -L/opt/oracle/instantclient_11_2 -lclntsh -lruby-static -framework CoreFoundation  -L/opt/oracle/instantclient_11_2 -lclntsh -lpthread -ldl -lobjc "
conftest.c:13:15: warning: implicit declaration of function 'OCIIntervalFromText' is invalid in C99 [-Wimplicit-function-declaration]
int t(void) { OCIIntervalFromText(); return 0; }
              ^
1 warning generated.
ld: warning: directory not found for option '-L/Users/mpapis/.sm/pkg/active/lib'
checked program was:
/* begin */
 1: #include "ruby.h"
 2: 
 3: /*top*/
 4: extern int t(void);
 5: int main(int argc, char **argv)
 6: {
 7:   if (argc > 1000000) {
 8:     printf("%p", &t);
 9:   }
10: 
11:   return 0;
12: }
13: int t(void) { OCIIntervalFromText(); return 0; }
/* end */

--------------------

have_func: checking for OCIIntervalGetDaySecond()... -------------------- yes

"/usr/bin/clang -o conftest -I/Users/jstirnaman/.rvm/rubies/ruby-2.1.0/include/ruby-2.1.0/x86_64-darwin12.0 -I/Users/jstirnaman/.rvm/rubies/ruby-2.1.0/include/ruby-2.1.0/ruby/backward -I/Users/jstirnaman/.rvm/rubies/ruby-2.1.0/include/ruby-2.1.0 -I. -D_XOPEN_SOURCE -D_DARWIN_C_SOURCE -D_DARWIN_UNLIMITED_SELECT -D_REENTRANT   -O3 -I/Users/mpapis/.sm/pkg/active/include -fPIC -mmacosx-version-min=10.6 -pipe -I/opt/oracle/instantclient_11_2/sdk/include conftest.c  -L. -L/Users/jstirnaman/.rvm/rubies/ruby-2.1.0/lib -L. -L/Users/mpapis/.sm/pkg/active/lib -L/usr/lib -fPIC -Bstatic -fstack-protector   -arch x86_64   -L/opt/oracle/instantclient_11_2 -lclntsh -lruby-static -framework CoreFoundation  -L/opt/oracle/instantclient_11_2 -lclntsh -lpthread -ldl -lobjc "
conftest.c:13:57: error: use of undeclared identifier 'OCIIntervalGetDaySecond'
int t(void) { void ((*volatile p)()); p = (void ((*)()))OCIIntervalGetDaySecond; return 0; }
                                                        ^
1 error generated.
checked program was:
/* begin */
 1: #include "ruby.h"
 2: 
 3: /*top*/
 4: extern int t(void);
 5: int main(int argc, char **argv)
 6: {
 7:   if (argc > 1000000) {
 8:     printf("%p", &t);
 9:   }
10: 
11:   return 0;
12: }
13: int t(void) { void ((*volatile p)()); p = (void ((*)()))OCIIntervalGetDaySecond; return 0; }
/* end */

"/usr/bin/clang -o conftest -I/Users/jstirnaman/.rvm/rubies/ruby-2.1.0/include/ruby-2.1.0/x86_64-darwin12.0 -I/Users/jstirnaman/.rvm/rubies/ruby-2.1.0/include/ruby-2.1.0/ruby/backward -I/Users/jstirnaman/.rvm/rubies/ruby-2.1.0/include/ruby-2.1.0 -I. -D_XOPEN_SOURCE -D_DARWIN_C_SOURCE -D_DARWIN_UNLIMITED_SELECT -D_REENTRANT   -O3 -I/Users/mpapis/.sm/pkg/active/include -fPIC -mmacosx-version-min=10.6 -pipe -I/opt/oracle/instantclient_11_2/sdk/include conftest.c  -L. -L/Users/jstirnaman/.rvm/rubies/ruby-2.1.0/lib -L. -L/Users/mpapis/.sm/pkg/active/lib -L/usr/lib -fPIC -Bstatic -fstack-protector   -arch x86_64   -L/opt/oracle/instantclient_11_2 -lclntsh -lruby-static -framework CoreFoundation  -L/opt/oracle/instantclient_11_2 -lclntsh -lpthread -ldl -lobjc "
conftest.c:13:15: warning: implicit declaration of function 'OCIIntervalGetDaySecond' is invalid in C99 [-Wimplicit-function-declaration]
int t(void) { OCIIntervalGetDaySecond(); return 0; }
              ^
1 warning generated.
ld: warning: directory not found for option '-L/Users/mpapis/.sm/pkg/active/lib'
checked program was:
/* begin */
 1: #include "ruby.h"
 2: 
 3: /*top*/
 4: extern int t(void);
 5: int main(int argc, char **argv)
 6: {
 7:   if (argc > 1000000) {
 8:     printf("%p", &t);
 9:   }
10: 
11:   return 0;
12: }
13: int t(void) { OCIIntervalGetDaySecond(); return 0; }
/* end */

--------------------

have_func: checking for OCIIntervalGetYearMonth()... -------------------- yes

"/usr/bin/clang -o conftest -I/Users/jstirnaman/.rvm/rubies/ruby-2.1.0/include/ruby-2.1.0/x86_64-darwin12.0 -I/Users/jstirnaman/.rvm/rubies/ruby-2.1.0/include/ruby-2.1.0/ruby/backward -I/Users/jstirnaman/.rvm/rubies/ruby-2.1.0/include/ruby-2.1.0 -I. -D_XOPEN_SOURCE -D_DARWIN_C_SOURCE -D_DARWIN_UNLIMITED_SELECT -D_REENTRANT   -O3 -I/Users/mpapis/.sm/pkg/active/include -fPIC -mmacosx-version-min=10.6 -pipe -I/opt/oracle/instantclient_11_2/sdk/include conftest.c  -L. -L/Users/jstirnaman/.rvm/rubies/ruby-2.1.0/lib -L. -L/Users/mpapis/.sm/pkg/active/lib -L/usr/lib -fPIC -Bstatic -fstack-protector   -arch x86_64   -L/opt/oracle/instantclient_11_2 -lclntsh -lruby-static -framework CoreFoundation  -L/opt/oracle/instantclient_11_2 -lclntsh -lpthread -ldl -lobjc "
conftest.c:13:57: error: use of undeclared identifier 'OCIIntervalGetYearMonth'
int t(void) { void ((*volatile p)()); p = (void ((*)()))OCIIntervalGetYearMonth; return 0; }
                                                        ^
1 error generated.
checked program was:
/* begin */
 1: #include "ruby.h"
 2: 
 3: /*top*/
 4: extern int t(void);
 5: int main(int argc, char **argv)
 6: {
 7:   if (argc > 1000000) {
 8:     printf("%p", &t);
 9:   }
10: 
11:   return 0;
12: }
13: int t(void) { void ((*volatile p)()); p = (void ((*)()))OCIIntervalGetYearMonth; return 0; }
/* end */

"/usr/bin/clang -o conftest -I/Users/jstirnaman/.rvm/rubies/ruby-2.1.0/include/ruby-2.1.0/x86_64-darwin12.0 -I/Users/jstirnaman/.rvm/rubies/ruby-2.1.0/include/ruby-2.1.0/ruby/backward -I/Users/jstirnaman/.rvm/rubies/ruby-2.1.0/include/ruby-2.1.0 -I. -D_XOPEN_SOURCE -D_DARWIN_C_SOURCE -D_DARWIN_UNLIMITED_SELECT -D_REENTRANT   -O3 -I/Users/mpapis/.sm/pkg/active/include -fPIC -mmacosx-version-min=10.6 -pipe -I/opt/oracle/instantclient_11_2/sdk/include conftest.c  -L. -L/Users/jstirnaman/.rvm/rubies/ruby-2.1.0/lib -L. -L/Users/mpapis/.sm/pkg/active/lib -L/usr/lib -fPIC -Bstatic -fstack-protector   -arch x86_64   -L/opt/oracle/instantclient_11_2 -lclntsh -lruby-static -framework CoreFoundation  -L/opt/oracle/instantclient_11_2 -lclntsh -lpthread -ldl -lobjc "
conftest.c:13:15: warning: implicit declaration of function 'OCIIntervalGetYearMonth' is invalid in C99 [-Wimplicit-function-declaration]
int t(void) { OCIIntervalGetYearMonth(); return 0; }
              ^
1 warning generated.
ld: warning: directory not found for option '-L/Users/mpapis/.sm/pkg/active/lib'
checked program was:
/* begin */
 1: #include "ruby.h"
 2: 
 3: /*top*/
 4: extern int t(void);
 5: int main(int argc, char **argv)
 6: {
 7:   if (argc > 1000000) {
 8:     printf("%p", &t);
 9:   }
10: 
11:   return 0;
12: }
13: int t(void) { OCIIntervalGetYearMonth(); return 0; }
/* end */

--------------------

have_func: checking for OCIIntervalSetDaySecond()... -------------------- yes

"/usr/bin/clang -o conftest -I/Users/jstirnaman/.rvm/rubies/ruby-2.1.0/include/ruby-2.1.0/x86_64-darwin12.0 -I/Users/jstirnaman/.rvm/rubies/ruby-2.1.0/include/ruby-2.1.0/ruby/backward -I/Users/jstirnaman/.rvm/rubies/ruby-2.1.0/include/ruby-2.1.0 -I. -D_XOPEN_SOURCE -D_DARWIN_C_SOURCE -D_DARWIN_UNLIMITED_SELECT -D_REENTRANT   -O3 -I/Users/mpapis/.sm/pkg/active/include -fPIC -mmacosx-version-min=10.6 -pipe -I/opt/oracle/instantclient_11_2/sdk/include conftest.c  -L. -L/Users/jstirnaman/.rvm/rubies/ruby-2.1.0/lib -L. -L/Users/mpapis/.sm/pkg/active/lib -L/usr/lib -fPIC -Bstatic -fstack-protector   -arch x86_64   -L/opt/oracle/instantclient_11_2 -lclntsh -lruby-static -framework CoreFoundation  -L/opt/oracle/instantclient_11_2 -lclntsh -lpthread -ldl -lobjc "
conftest.c:13:57: error: use of undeclared identifier 'OCIIntervalSetDaySecond'
int t(void) { void ((*volatile p)()); p = (void ((*)()))OCIIntervalSetDaySecond; return 0; }
                                                        ^
1 error generated.
checked program was:
/* begin */
 1: #include "ruby.h"
 2: 
 3: /*top*/
 4: extern int t(void);
 5: int main(int argc, char **argv)
 6: {
 7:   if (argc > 1000000) {
 8:     printf("%p", &t);
 9:   }
10: 
11:   return 0;
12: }
13: int t(void) { void ((*volatile p)()); p = (void ((*)()))OCIIntervalSetDaySecond; return 0; }
/* end */

"/usr/bin/clang -o conftest -I/Users/jstirnaman/.rvm/rubies/ruby-2.1.0/include/ruby-2.1.0/x86_64-darwin12.0 -I/Users/jstirnaman/.rvm/rubies/ruby-2.1.0/include/ruby-2.1.0/ruby/backward -I/Users/jstirnaman/.rvm/rubies/ruby-2.1.0/include/ruby-2.1.0 -I. -D_XOPEN_SOURCE -D_DARWIN_C_SOURCE -D_DARWIN_UNLIMITED_SELECT -D_REENTRANT   -O3 -I/Users/mpapis/.sm/pkg/active/include -fPIC -mmacosx-version-min=10.6 -pipe -I/opt/oracle/instantclient_11_2/sdk/include conftest.c  -L. -L/Users/jstirnaman/.rvm/rubies/ruby-2.1.0/lib -L. -L/Users/mpapis/.sm/pkg/active/lib -L/usr/lib -fPIC -Bstatic -fstack-protector   -arch x86_64   -L/opt/oracle/instantclient_11_2 -lclntsh -lruby-static -framework CoreFoundation  -L/opt/oracle/instantclient_11_2 -lclntsh -lpthread -ldl -lobjc "
conftest.c:13:15: warning: implicit declaration of function 'OCIIntervalSetDaySecond' is invalid in C99 [-Wimplicit-function-declaration]
int t(void) { OCIIntervalSetDaySecond(); return 0; }
              ^
1 warning generated.
ld: warning: directory not found for option '-L/Users/mpapis/.sm/pkg/active/lib'
checked program was:
/* begin */
 1: #include "ruby.h"
 2: 
 3: /*top*/
 4: extern int t(void);
 5: int main(int argc, char **argv)
 6: {
 7:   if (argc > 1000000) {
 8:     printf("%p", &t);
 9:   }
10: 
11:   return 0;
12: }
13: int t(void) { OCIIntervalSetDaySecond(); return 0; }
/* end */

--------------------

have_func: checking for OCIIntervalSetYearMonth()... -------------------- yes

"/usr/bin/clang -o conftest -I/Users/jstirnaman/.rvm/rubies/ruby-2.1.0/include/ruby-2.1.0/x86_64-darwin12.0 -I/Users/jstirnaman/.rvm/rubies/ruby-2.1.0/include/ruby-2.1.0/ruby/backward -I/Users/jstirnaman/.rvm/rubies/ruby-2.1.0/include/ruby-2.1.0 -I. -D_XOPEN_SOURCE -D_DARWIN_C_SOURCE -D_DARWIN_UNLIMITED_SELECT -D_REENTRANT   -O3 -I/Users/mpapis/.sm/pkg/active/include -fPIC -mmacosx-version-min=10.6 -pipe -I/opt/oracle/instantclient_11_2/sdk/include conftest.c  -L. -L/Users/jstirnaman/.rvm/rubies/ruby-2.1.0/lib -L. -L/Users/mpapis/.sm/pkg/active/lib -L/usr/lib -fPIC -Bstatic -fstack-protector   -arch x86_64   -L/opt/oracle/instantclient_11_2 -lclntsh -lruby-static -framework CoreFoundation  -L/opt/oracle/instantclient_11_2 -lclntsh -lpthread -ldl -lobjc "
conftest.c:13:57: error: use of undeclared identifier 'OCIIntervalSetYearMonth'
int t(void) { void ((*volatile p)()); p = (void ((*)()))OCIIntervalSetYearMonth; return 0; }
                                                        ^
1 error generated.
checked program was:
/* begin */
 1: #include "ruby.h"
 2: 
 3: /*top*/
 4: extern int t(void);
 5: int main(int argc, char **argv)
 6: {
 7:   if (argc > 1000000) {
 8:     printf("%p", &t);
 9:   }
10: 
11:   return 0;
12: }
13: int t(void) { void ((*volatile p)()); p = (void ((*)()))OCIIntervalSetYearMonth; return 0; }
/* end */

"/usr/bin/clang -o conftest -I/Users/jstirnaman/.rvm/rubies/ruby-2.1.0/include/ruby-2.1.0/x86_64-darwin12.0 -I/Users/jstirnaman/.rvm/rubies/ruby-2.1.0/include/ruby-2.1.0/ruby/backward -I/Users/jstirnaman/.rvm/rubies/ruby-2.1.0/include/ruby-2.1.0 -I. -D_XOPEN_SOURCE -D_DARWIN_C_SOURCE -D_DARWIN_UNLIMITED_SELECT -D_REENTRANT   -O3 -I/Users/mpapis/.sm/pkg/active/include -fPIC -mmacosx-version-min=10.6 -pipe -I/opt/oracle/instantclient_11_2/sdk/include conftest.c  -L. -L/Users/jstirnaman/.rvm/rubies/ruby-2.1.0/lib -L. -L/Users/mpapis/.sm/pkg/active/lib -L/usr/lib -fPIC -Bstatic -fstack-protector   -arch x86_64   -L/opt/oracle/instantclient_11_2 -lclntsh -lruby-static -framework CoreFoundation  -L/opt/oracle/instantclient_11_2 -lclntsh -lpthread -ldl -lobjc "
conftest.c:13:15: warning: implicit declaration of function 'OCIIntervalSetYearMonth' is invalid in C99 [-Wimplicit-function-declaration]
int t(void) { OCIIntervalSetYearMonth(); return 0; }
              ^
1 warning generated.
ld: warning: directory not found for option '-L/Users/mpapis/.sm/pkg/active/lib'
checked program was:
/* begin */
 1: #include "ruby.h"
 2: 
 3: /*top*/
 4: extern int t(void);
 5: int main(int argc, char **argv)
 6: {
 7:   if (argc > 1000000) {
 8:     printf("%p", &t);
 9:   }
10: 
11:   return 0;
12: }
13: int t(void) { OCIIntervalSetYearMonth(); return 0; }
/* end */

--------------------

have_func: checking for OCILogon2()... -------------------- yes

"/usr/bin/clang -o conftest -I/Users/jstirnaman/.rvm/rubies/ruby-2.1.0/include/ruby-2.1.0/x86_64-darwin12.0 -I/Users/jstirnaman/.rvm/rubies/ruby-2.1.0/include/ruby-2.1.0/ruby/backward -I/Users/jstirnaman/.rvm/rubies/ruby-2.1.0/include/ruby-2.1.0 -I. -D_XOPEN_SOURCE -D_DARWIN_C_SOURCE -D_DARWIN_UNLIMITED_SELECT -D_REENTRANT   -O3 -I/Users/mpapis/.sm/pkg/active/include -fPIC -mmacosx-version-min=10.6 -pipe -I/opt/oracle/instantclient_11_2/sdk/include conftest.c  -L. -L/Users/jstirnaman/.rvm/rubies/ruby-2.1.0/lib -L. -L/Users/mpapis/.sm/pkg/active/lib -L/usr/lib -fPIC -Bstatic -fstack-protector   -arch x86_64   -L/opt/oracle/instantclient_11_2 -lclntsh -lruby-static -framework CoreFoundation  -L/opt/oracle/instantclient_11_2 -lclntsh -lpthread -ldl -lobjc "
conftest.c:13:57: error: use of undeclared identifier 'OCILogon2'
int t(void) { void ((*volatile p)()); p = (void ((*)()))OCILogon2; return 0; }
                                                        ^
1 error generated.
checked program was:
/* begin */
 1: #include "ruby.h"
 2: 
 3: /*top*/
 4: extern int t(void);
 5: int main(int argc, char **argv)
 6: {
 7:   if (argc > 1000000) {
 8:     printf("%p", &t);
 9:   }
10: 
11:   return 0;
12: }
13: int t(void) { void ((*volatile p)()); p = (void ((*)()))OCILogon2; return 0; }
/* end */

"/usr/bin/clang -o conftest -I/Users/jstirnaman/.rvm/rubies/ruby-2.1.0/include/ruby-2.1.0/x86_64-darwin12.0 -I/Users/jstirnaman/.rvm/rubies/ruby-2.1.0/include/ruby-2.1.0/ruby/backward -I/Users/jstirnaman/.rvm/rubies/ruby-2.1.0/include/ruby-2.1.0 -I. -D_XOPEN_SOURCE -D_DARWIN_C_SOURCE -D_DARWIN_UNLIMITED_SELECT -D_REENTRANT   -O3 -I/Users/mpapis/.sm/pkg/active/include -fPIC -mmacosx-version-min=10.6 -pipe -I/opt/oracle/instantclient_11_2/sdk/include conftest.c  -L. -L/Users/jstirnaman/.rvm/rubies/ruby-2.1.0/lib -L. -L/Users/mpapis/.sm/pkg/active/lib -L/usr/lib -fPIC -Bstatic -fstack-protector   -arch x86_64   -L/opt/oracle/instantclient_11_2 -lclntsh -lruby-static -framework CoreFoundation  -L/opt/oracle/instantclient_11_2 -lclntsh -lpthread -ldl -lobjc "
conftest.c:13:15: warning: implicit declaration of function 'OCILogon2' is invalid in C99 [-Wimplicit-function-declaration]
int t(void) { OCILogon2(); return 0; }
              ^
1 warning generated.
ld: warning: directory not found for option '-L/Users/mpapis/.sm/pkg/active/lib'
checked program was:
/* begin */
 1: #include "ruby.h"
 2: 
 3: /*top*/
 4: extern int t(void);
 5: int main(int argc, char **argv)
 6: {
 7:   if (argc > 1000000) {
 8:     printf("%p", &t);
 9:   }
10: 
11:   return 0;
12: }
13: int t(void) { OCILogon2(); return 0; }
/* end */

--------------------

have_func: checking for OCIRowidToChar()... -------------------- yes

"/usr/bin/clang -o conftest -I/Users/jstirnaman/.rvm/rubies/ruby-2.1.0/include/ruby-2.1.0/x86_64-darwin12.0 -I/Users/jstirnaman/.rvm/rubies/ruby-2.1.0/include/ruby-2.1.0/ruby/backward -I/Users/jstirnaman/.rvm/rubies/ruby-2.1.0/include/ruby-2.1.0 -I. -D_XOPEN_SOURCE -D_DARWIN_C_SOURCE -D_DARWIN_UNLIMITED_SELECT -D_REENTRANT   -O3 -I/Users/mpapis/.sm/pkg/active/include -fPIC -mmacosx-version-min=10.6 -pipe -I/opt/oracle/instantclient_11_2/sdk/include conftest.c  -L. -L/Users/jstirnaman/.rvm/rubies/ruby-2.1.0/lib -L. -L/Users/mpapis/.sm/pkg/active/lib -L/usr/lib -fPIC -Bstatic -fstack-protector   -arch x86_64   -L/opt/oracle/instantclient_11_2 -lclntsh -lruby-static -framework CoreFoundation  -L/opt/oracle/instantclient_11_2 -lclntsh -lpthread -ldl -lobjc "
conftest.c:13:57: error: use of undeclared identifier 'OCIRowidToChar'
int t(void) { void ((*volatile p)()); p = (void ((*)()))OCIRowidToChar; return 0; }
                                                        ^
1 error generated.
checked program was:
/* begin */
 1: #include "ruby.h"
 2: 
 3: /*top*/
 4: extern int t(void);
 5: int main(int argc, char **argv)
 6: {
 7:   if (argc > 1000000) {
 8:     printf("%p", &t);
 9:   }
10: 
11:   return 0;
12: }
13: int t(void) { void ((*volatile p)()); p = (void ((*)()))OCIRowidToChar; return 0; }
/* end */

"/usr/bin/clang -o conftest -I/Users/jstirnaman/.rvm/rubies/ruby-2.1.0/include/ruby-2.1.0/x86_64-darwin12.0 -I/Users/jstirnaman/.rvm/rubies/ruby-2.1.0/include/ruby-2.1.0/ruby/backward -I/Users/jstirnaman/.rvm/rubies/ruby-2.1.0/include/ruby-2.1.0 -I. -D_XOPEN_SOURCE -D_DARWIN_C_SOURCE -D_DARWIN_UNLIMITED_SELECT -D_REENTRANT   -O3 -I/Users/mpapis/.sm/pkg/active/include -fPIC -mmacosx-version-min=10.6 -pipe -I/opt/oracle/instantclient_11_2/sdk/include conftest.c  -L. -L/Users/jstirnaman/.rvm/rubies/ruby-2.1.0/lib -L. -L/Users/mpapis/.sm/pkg/active/lib -L/usr/lib -fPIC -Bstatic -fstack-protector   -arch x86_64   -L/opt/oracle/instantclient_11_2 -lclntsh -lruby-static -framework CoreFoundation  -L/opt/oracle/instantclient_11_2 -lclntsh -lpthread -ldl -lobjc "
conftest.c:13:15: warning: implicit declaration of function 'OCIRowidToChar' is invalid in C99 [-Wimplicit-function-declaration]
int t(void) { OCIRowidToChar(); return 0; }
              ^
1 warning generated.
ld: warning: directory not found for option '-L/Users/mpapis/.sm/pkg/active/lib'
checked program was:
/* begin */
 1: #include "ruby.h"
 2: 
 3: /*top*/
 4: extern int t(void);
 5: int main(int argc, char **argv)
 6: {
 7:   if (argc > 1000000) {
 8:     printf("%p", &t);
 9:   }
10: 
11:   return 0;
12: }
13: int t(void) { OCIRowidToChar(); return 0; }
/* end */

--------------------

have_func: checking for OCIServerRelease()... -------------------- yes

"/usr/bin/clang -o conftest -I/Users/jstirnaman/.rvm/rubies/ruby-2.1.0/include/ruby-2.1.0/x86_64-darwin12.0 -I/Users/jstirnaman/.rvm/rubies/ruby-2.1.0/include/ruby-2.1.0/ruby/backward -I/Users/jstirnaman/.rvm/rubies/ruby-2.1.0/include/ruby-2.1.0 -I. -D_XOPEN_SOURCE -D_DARWIN_C_SOURCE -D_DARWIN_UNLIMITED_SELECT -D_REENTRANT   -O3 -I/Users/mpapis/.sm/pkg/active/include -fPIC -mmacosx-version-min=10.6 -pipe -I/opt/oracle/instantclient_11_2/sdk/include conftest.c  -L. -L/Users/jstirnaman/.rvm/rubies/ruby-2.1.0/lib -L. -L/Users/mpapis/.sm/pkg/active/lib -L/usr/lib -fPIC -Bstatic -fstack-protector   -arch x86_64   -L/opt/oracle/instantclient_11_2 -lclntsh -lruby-static -framework CoreFoundation  -L/opt/oracle/instantclient_11_2 -lclntsh -lpthread -ldl -lobjc "
conftest.c:13:57: error: use of undeclared identifier 'OCIServerRelease'
int t(void) { void ((*volatile p)()); p = (void ((*)()))OCIServerRelease; return 0; }
                                                        ^
1 error generated.
checked program was:
/* begin */
 1: #include "ruby.h"
 2: 
 3: /*top*/
 4: extern int t(void);
 5: int main(int argc, char **argv)
 6: {
 7:   if (argc > 1000000) {
 8:     printf("%p", &t);
 9:   }
10: 
11:   return 0;
12: }
13: int t(void) { void ((*volatile p)()); p = (void ((*)()))OCIServerRelease; return 0; }
/* end */

"/usr/bin/clang -o conftest -I/Users/jstirnaman/.rvm/rubies/ruby-2.1.0/include/ruby-2.1.0/x86_64-darwin12.0 -I/Users/jstirnaman/.rvm/rubies/ruby-2.1.0/include/ruby-2.1.0/ruby/backward -I/Users/jstirnaman/.rvm/rubies/ruby-2.1.0/include/ruby-2.1.0 -I. -D_XOPEN_SOURCE -D_DARWIN_C_SOURCE -D_DARWIN_UNLIMITED_SELECT -D_REENTRANT   -O3 -I/Users/mpapis/.sm/pkg/active/include -fPIC -mmacosx-version-min=10.6 -pipe -I/opt/oracle/instantclient_11_2/sdk/include conftest.c  -L. -L/Users/jstirnaman/.rvm/rubies/ruby-2.1.0/lib -L. -L/Users/mpapis/.sm/pkg/active/lib -L/usr/lib -fPIC -Bstatic -fstack-protector   -arch x86_64   -L/opt/oracle/instantclient_11_2 -lclntsh -lruby-static -framework CoreFoundation  -L/opt/oracle/instantclient_11_2 -lclntsh -lpthread -ldl -lobjc "
conftest.c:13:15: warning: implicit declaration of function 'OCIServerRelease' is invalid in C99 [-Wimplicit-function-declaration]
int t(void) { OCIServerRelease(); return 0; }
              ^
1 warning generated.
ld: warning: directory not found for option '-L/Users/mpapis/.sm/pkg/active/lib'
checked program was:
/* begin */
 1: #include "ruby.h"
 2: 
 3: /*top*/
 4: extern int t(void);
 5: int main(int argc, char **argv)
 6: {
 7:   if (argc > 1000000) {
 8:     printf("%p", &t);
 9:   }
10: 
11:   return 0;
12: }
13: int t(void) { OCIServerRelease(); return 0; }
/* end */

--------------------

have_func: checking for OCINlsCharSetIdToName()... -------------------- yes

"/usr/bin/clang -o conftest -I/Users/jstirnaman/.rvm/rubies/ruby-2.1.0/include/ruby-2.1.0/x86_64-darwin12.0 -I/Users/jstirnaman/.rvm/rubies/ruby-2.1.0/include/ruby-2.1.0/ruby/backward -I/Users/jstirnaman/.rvm/rubies/ruby-2.1.0/include/ruby-2.1.0 -I. -D_XOPEN_SOURCE -D_DARWIN_C_SOURCE -D_DARWIN_UNLIMITED_SELECT -D_REENTRANT   -O3 -I/Users/mpapis/.sm/pkg/active/include -fPIC -mmacosx-version-min=10.6 -pipe -I/opt/oracle/instantclient_11_2/sdk/include conftest.c  -L. -L/Users/jstirnaman/.rvm/rubies/ruby-2.1.0/lib -L. -L/Users/mpapis/.sm/pkg/active/lib -L/usr/lib -fPIC -Bstatic -fstack-protector   -arch x86_64   -L/opt/oracle/instantclient_11_2 -lclntsh -lruby-static -framework CoreFoundation  -L/opt/oracle/instantclient_11_2 -lclntsh -lpthread -ldl -lobjc "
conftest.c:13:57: error: use of undeclared identifier 'OCINlsCharSetIdToName'
int t(void) { void ((*volatile p)()); p = (void ((*)()))OCINlsCharSetIdToName; return 0; }
                                                        ^
1 error generated.
checked program was:
/* begin */
 1: #include "ruby.h"
 2: 
 3: /*top*/
 4: extern int t(void);
 5: int main(int argc, char **argv)
 6: {
 7:   if (argc > 1000000) {
 8:     printf("%p", &t);
 9:   }
10: 
11:   return 0;
12: }
13: int t(void) { void ((*volatile p)()); p = (void ((*)()))OCINlsCharSetIdToName; return 0; }
/* end */

"/usr/bin/clang -o conftest -I/Users/jstirnaman/.rvm/rubies/ruby-2.1.0/include/ruby-2.1.0/x86_64-darwin12.0 -I/Users/jstirnaman/.rvm/rubies/ruby-2.1.0/include/ruby-2.1.0/ruby/backward -I/Users/jstirnaman/.rvm/rubies/ruby-2.1.0/include/ruby-2.1.0 -I. -D_XOPEN_SOURCE -D_DARWIN_C_SOURCE -D_DARWIN_UNLIMITED_SELECT -D_REENTRANT   -O3 -I/Users/mpapis/.sm/pkg/active/include -fPIC -mmacosx-version-min=10.6 -pipe -I/opt/oracle/instantclient_11_2/sdk/include conftest.c  -L. -L/Users/jstirnaman/.rvm/rubies/ruby-2.1.0/lib -L. -L/Users/mpapis/.sm/pkg/active/lib -L/usr/lib -fPIC -Bstatic -fstack-protector   -arch x86_64   -L/opt/oracle/instantclient_11_2 -lclntsh -lruby-static -framework CoreFoundation  -L/opt/oracle/instantclient_11_2 -lclntsh -lpthread -ldl -lobjc "
conftest.c:13:15: warning: implicit declaration of function 'OCINlsCharSetIdToName' is invalid in C99 [-Wimplicit-function-declaration]
int t(void) { OCINlsCharSetIdToName(); return 0; }
              ^
1 warning generated.
ld: warning: directory not found for option '-L/Users/mpapis/.sm/pkg/active/lib'
checked program was:
/* begin */
 1: #include "ruby.h"
 2: 
 3: /*top*/
 4: extern int t(void);
 5: int main(int argc, char **argv)
 6: {
 7:   if (argc > 1000000) {
 8:     printf("%p", &t);
 9:   }
10: 
11:   return 0;
12: }
13: int t(void) { OCINlsCharSetIdToName(); return 0; }
/* end */

--------------------

have_func: checking for OCINlsCharSetNameToId()... -------------------- yes

"/usr/bin/clang -o conftest -I/Users/jstirnaman/.rvm/rubies/ruby-2.1.0/include/ruby-2.1.0/x86_64-darwin12.0 -I/Users/jstirnaman/.rvm/rubies/ruby-2.1.0/include/ruby-2.1.0/ruby/backward -I/Users/jstirnaman/.rvm/rubies/ruby-2.1.0/include/ruby-2.1.0 -I. -D_XOPEN_SOURCE -D_DARWIN_C_SOURCE -D_DARWIN_UNLIMITED_SELECT -D_REENTRANT   -O3 -I/Users/mpapis/.sm/pkg/active/include -fPIC -mmacosx-version-min=10.6 -pipe -I/opt/oracle/instantclient_11_2/sdk/include conftest.c  -L. -L/Users/jstirnaman/.rvm/rubies/ruby-2.1.0/lib -L. -L/Users/mpapis/.sm/pkg/active/lib -L/usr/lib -fPIC -Bstatic -fstack-protector   -arch x86_64   -L/opt/oracle/instantclient_11_2 -lclntsh -lruby-static -framework CoreFoundation  -L/opt/oracle/instantclient_11_2 -lclntsh -lpthread -ldl -lobjc "
conftest.c:13:57: error: use of undeclared identifier 'OCINlsCharSetNameToId'
int t(void) { void ((*volatile p)()); p = (void ((*)()))OCINlsCharSetNameToId; return 0; }
                                                        ^
1 error generated.
checked program was:
/* begin */
 1: #include "ruby.h"
 2: 
 3: /*top*/
 4: extern int t(void);
 5: int main(int argc, char **argv)
 6: {
 7:   if (argc > 1000000) {
 8:     printf("%p", &t);
 9:   }
10: 
11:   return 0;
12: }
13: int t(void) { void ((*volatile p)()); p = (void ((*)()))OCINlsCharSetNameToId; return 0; }
/* end */

"/usr/bin/clang -o conftest -I/Users/jstirnaman/.rvm/rubies/ruby-2.1.0/include/ruby-2.1.0/x86_64-darwin12.0 -I/Users/jstirnaman/.rvm/rubies/ruby-2.1.0/include/ruby-2.1.0/ruby/backward -I/Users/jstirnaman/.rvm/rubies/ruby-2.1.0/include/ruby-2.1.0 -I. -D_XOPEN_SOURCE -D_DARWIN_C_SOURCE -D_DARWIN_UNLIMITED_SELECT -D_REENTRANT   -O3 -I/Users/mpapis/.sm/pkg/active/include -fPIC -mmacosx-version-min=10.6 -pipe -I/opt/oracle/instantclient_11_2/sdk/include conftest.c  -L. -L/Users/jstirnaman/.rvm/rubies/ruby-2.1.0/lib -L. -L/Users/mpapis/.sm/pkg/active/lib -L/usr/lib -fPIC -Bstatic -fstack-protector   -arch x86_64   -L/opt/oracle/instantclient_11_2 -lclntsh -lruby-static -framework CoreFoundation  -L/opt/oracle/instantclient_11_2 -lclntsh -lpthread -ldl -lobjc "
conftest.c:13:15: warning: implicit declaration of function 'OCINlsCharSetNameToId' is invalid in C99 [-Wimplicit-function-declaration]
int t(void) { OCINlsCharSetNameToId(); return 0; }
              ^
1 warning generated.
ld: warning: directory not found for option '-L/Users/mpapis/.sm/pkg/active/lib'
checked program was:
/* begin */
 1: #include "ruby.h"
 2: 
 3: /*top*/
 4: extern int t(void);
 5: int main(int argc, char **argv)
 6: {
 7:   if (argc > 1000000) {
 8:     printf("%p", &t);
 9:   }
10: 
11:   return 0;
12: }
13: int t(void) { OCINlsCharSetNameToId(); return 0; }
/* end */

--------------------

have_func: checking for OCIStmtPrepare2()... -------------------- yes

"/usr/bin/clang -o conftest -I/Users/jstirnaman/.rvm/rubies/ruby-2.1.0/include/ruby-2.1.0/x86_64-darwin12.0 -I/Users/jstirnaman/.rvm/rubies/ruby-2.1.0/include/ruby-2.1.0/ruby/backward -I/Users/jstirnaman/.rvm/rubies/ruby-2.1.0/include/ruby-2.1.0 -I. -D_XOPEN_SOURCE -D_DARWIN_C_SOURCE -D_DARWIN_UNLIMITED_SELECT -D_REENTRANT   -O3 -I/Users/mpapis/.sm/pkg/active/include -fPIC -mmacosx-version-min=10.6 -pipe -I/opt/oracle/instantclient_11_2/sdk/include conftest.c  -L. -L/Users/jstirnaman/.rvm/rubies/ruby-2.1.0/lib -L. -L/Users/mpapis/.sm/pkg/active/lib -L/usr/lib -fPIC -Bstatic -fstack-protector   -arch x86_64   -L/opt/oracle/instantclient_11_2 -lclntsh -lruby-static -framework CoreFoundation  -L/opt/oracle/instantclient_11_2 -lclntsh -lpthread -ldl -lobjc "
conftest.c:13:57: error: use of undeclared identifier 'OCIStmtPrepare2'
int t(void) { void ((*volatile p)()); p = (void ((*)()))OCIStmtPrepare2; return 0; }
                                                        ^
1 error generated.
checked program was:
/* begin */
 1: #include "ruby.h"
 2: 
 3: /*top*/
 4: extern int t(void);
 5: int main(int argc, char **argv)
 6: {
 7:   if (argc > 1000000) {
 8:     printf("%p", &t);
 9:   }
10: 
11:   return 0;
12: }
13: int t(void) { void ((*volatile p)()); p = (void ((*)()))OCIStmtPrepare2; return 0; }
/* end */

"/usr/bin/clang -o conftest -I/Users/jstirnaman/.rvm/rubies/ruby-2.1.0/include/ruby-2.1.0/x86_64-darwin12.0 -I/Users/jstirnaman/.rvm/rubies/ruby-2.1.0/include/ruby-2.1.0/ruby/backward -I/Users/jstirnaman/.rvm/rubies/ruby-2.1.0/include/ruby-2.1.0 -I. -D_XOPEN_SOURCE -D_DARWIN_C_SOURCE -D_DARWIN_UNLIMITED_SELECT -D_REENTRANT   -O3 -I/Users/mpapis/.sm/pkg/active/include -fPIC -mmacosx-version-min=10.6 -pipe -I/opt/oracle/instantclient_11_2/sdk/include conftest.c  -L. -L/Users/jstirnaman/.rvm/rubies/ruby-2.1.0/lib -L. -L/Users/mpapis/.sm/pkg/active/lib -L/usr/lib -fPIC -Bstatic -fstack-protector   -arch x86_64   -L/opt/oracle/instantclient_11_2 -lclntsh -lruby-static -framework CoreFoundation  -L/opt/oracle/instantclient_11_2 -lclntsh -lpthread -ldl -lobjc "
conftest.c:13:15: warning: implicit declaration of function 'OCIStmtPrepare2' is invalid in C99 [-Wimplicit-function-declaration]
int t(void) { OCIStmtPrepare2(); return 0; }
              ^
1 warning generated.
ld: warning: directory not found for option '-L/Users/mpapis/.sm/pkg/active/lib'
checked program was:
/* begin */
 1: #include "ruby.h"
 2: 
 3: /*top*/
 4: extern int t(void);
 5: int main(int argc, char **argv)
 6: {
 7:   if (argc > 1000000) {
 8:     printf("%p", &t);
 9:   }
10: 
11:   return 0;
12: }
13: int t(void) { OCIStmtPrepare2(); return 0; }
/* end */

--------------------

have_func: checking for OCIStmtRelease()... -------------------- yes

"/usr/bin/clang -o conftest -I/Users/jstirnaman/.rvm/rubies/ruby-2.1.0/include/ruby-2.1.0/x86_64-darwin12.0 -I/Users/jstirnaman/.rvm/rubies/ruby-2.1.0/include/ruby-2.1.0/ruby/backward -I/Users/jstirnaman/.rvm/rubies/ruby-2.1.0/include/ruby-2.1.0 -I. -D_XOPEN_SOURCE -D_DARWIN_C_SOURCE -D_DARWIN_UNLIMITED_SELECT -D_REENTRANT   -O3 -I/Users/mpapis/.sm/pkg/active/include -fPIC -mmacosx-version-min=10.6 -pipe -I/opt/oracle/instantclient_11_2/sdk/include conftest.c  -L. -L/Users/jstirnaman/.rvm/rubies/ruby-2.1.0/lib -L. -L/Users/mpapis/.sm/pkg/active/lib -L/usr/lib -fPIC -Bstatic -fstack-protector   -arch x86_64   -L/opt/oracle/instantclient_11_2 -lclntsh -lruby-static -framework CoreFoundation  -L/opt/oracle/instantclient_11_2 -lclntsh -lpthread -ldl -lobjc "
conftest.c:13:57: error: use of undeclared identifier 'OCIStmtRelease'
int t(void) { void ((*volatile p)()); p = (void ((*)()))OCIStmtRelease; return 0; }
                                                        ^
1 error generated.
checked program was:
/* begin */
 1: #include "ruby.h"
 2: 
 3: /*top*/
 4: extern int t(void);
 5: int main(int argc, char **argv)
 6: {
 7:   if (argc > 1000000) {
 8:     printf("%p", &t);
 9:   }
10: 
11:   return 0;
12: }
13: int t(void) { void ((*volatile p)()); p = (void ((*)()))OCIStmtRelease; return 0; }
/* end */

"/usr/bin/clang -o conftest -I/Users/jstirnaman/.rvm/rubies/ruby-2.1.0/include/ruby-2.1.0/x86_64-darwin12.0 -I/Users/jstirnaman/.rvm/rubies/ruby-2.1.0/include/ruby-2.1.0/ruby/backward -I/Users/jstirnaman/.rvm/rubies/ruby-2.1.0/include/ruby-2.1.0 -I. -D_XOPEN_SOURCE -D_DARWIN_C_SOURCE -D_DARWIN_UNLIMITED_SELECT -D_REENTRANT   -O3 -I/Users/mpapis/.sm/pkg/active/include -fPIC -mmacosx-version-min=10.6 -pipe -I/opt/oracle/instantclient_11_2/sdk/include conftest.c  -L. -L/Users/jstirnaman/.rvm/rubies/ruby-2.1.0/lib -L. -L/Users/mpapis/.sm/pkg/active/lib -L/usr/lib -fPIC -Bstatic -fstack-protector   -arch x86_64   -L/opt/oracle/instantclient_11_2 -lclntsh -lruby-static -framework CoreFoundation  -L/opt/oracle/instantclient_11_2 -lclntsh -lpthread -ldl -lobjc "
conftest.c:13:15: warning: implicit declaration of function 'OCIStmtRelease' is invalid in C99 [-Wimplicit-function-declaration]
int t(void) { OCIStmtRelease(); return 0; }
              ^
1 warning generated.
ld: warning: directory not found for option '-L/Users/mpapis/.sm/pkg/active/lib'
checked program was:
/* begin */
 1: #include "ruby.h"
 2: 
 3: /*top*/
 4: extern int t(void);
 5: int main(int argc, char **argv)
 6: {
 7:   if (argc > 1000000) {
 8:     printf("%p", &t);
 9:   }
10: 
11:   return 0;
12: }
13: int t(void) { OCIStmtRelease(); return 0; }
/* end */

--------------------

have_func: checking for OCILobGetLength2()... -------------------- yes

"/usr/bin/clang -o conftest -I/Users/jstirnaman/.rvm/rubies/ruby-2.1.0/include/ruby-2.1.0/x86_64-darwin12.0 -I/Users/jstirnaman/.rvm/rubies/ruby-2.1.0/include/ruby-2.1.0/ruby/backward -I/Users/jstirnaman/.rvm/rubies/ruby-2.1.0/include/ruby-2.1.0 -I. -D_XOPEN_SOURCE -D_DARWIN_C_SOURCE -D_DARWIN_UNLIMITED_SELECT -D_REENTRANT   -O3 -I/Users/mpapis/.sm/pkg/active/include -fPIC -mmacosx-version-min=10.6 -pipe -I/opt/oracle/instantclient_11_2/sdk/include conftest.c  -L. -L/Users/jstirnaman/.rvm/rubies/ruby-2.1.0/lib -L. -L/Users/mpapis/.sm/pkg/active/lib -L/usr/lib -fPIC -Bstatic -fstack-protector   -arch x86_64   -L/opt/oracle/instantclient_11_2 -lclntsh -lruby-static -framework CoreFoundation  -L/opt/oracle/instantclient_11_2 -lclntsh -lpthread -ldl -lobjc "
conftest.c:13:57: error: use of undeclared identifier 'OCILobGetLength2'
int t(void) { void ((*volatile p)()); p = (void ((*)()))OCILobGetLength2; return 0; }
                                                        ^
1 error generated.
checked program was:
/* begin */
 1: #include "ruby.h"
 2: 
 3: /*top*/
 4: extern int t(void);
 5: int main(int argc, char **argv)
 6: {
 7:   if (argc > 1000000) {
 8:     printf("%p", &t);
 9:   }
10: 
11:   return 0;
12: }
13: int t(void) { void ((*volatile p)()); p = (void ((*)()))OCILobGetLength2; return 0; }
/* end */

"/usr/bin/clang -o conftest -I/Users/jstirnaman/.rvm/rubies/ruby-2.1.0/include/ruby-2.1.0/x86_64-darwin12.0 -I/Users/jstirnaman/.rvm/rubies/ruby-2.1.0/include/ruby-2.1.0/ruby/backward -I/Users/jstirnaman/.rvm/rubies/ruby-2.1.0/include/ruby-2.1.0 -I. -D_XOPEN_SOURCE -D_DARWIN_C_SOURCE -D_DARWIN_UNLIMITED_SELECT -D_REENTRANT   -O3 -I/Users/mpapis/.sm/pkg/active/include -fPIC -mmacosx-version-min=10.6 -pipe -I/opt/oracle/instantclient_11_2/sdk/include conftest.c  -L. -L/Users/jstirnaman/.rvm/rubies/ruby-2.1.0/lib -L. -L/Users/mpapis/.sm/pkg/active/lib -L/usr/lib -fPIC -Bstatic -fstack-protector   -arch x86_64   -L/opt/oracle/instantclient_11_2 -lclntsh -lruby-static -framework CoreFoundation  -L/opt/oracle/instantclient_11_2 -lclntsh -lpthread -ldl -lobjc "
conftest.c:13:15: warning: implicit declaration of function 'OCILobGetLength2' is invalid in C99 [-Wimplicit-function-declaration]
int t(void) { OCILobGetLength2(); return 0; }
              ^
1 warning generated.
ld: warning: directory not found for option '-L/Users/mpapis/.sm/pkg/active/lib'
checked program was:
/* begin */
 1: #include "ruby.h"
 2: 
 3: /*top*/
 4: extern int t(void);
 5: int main(int argc, char **argv)
 6: {
 7:   if (argc > 1000000) {
 8:     printf("%p", &t);
 9:   }
10: 
11:   return 0;
12: }
13: int t(void) { OCILobGetLength2(); return 0; }
/* end */

--------------------

have_func: checking for OCILobRead2()... -------------------- yes

"/usr/bin/clang -o conftest -I/Users/jstirnaman/.rvm/rubies/ruby-2.1.0/include/ruby-2.1.0/x86_64-darwin12.0 -I/Users/jstirnaman/.rvm/rubies/ruby-2.1.0/include/ruby-2.1.0/ruby/backward -I/Users/jstirnaman/.rvm/rubies/ruby-2.1.0/include/ruby-2.1.0 -I. -D_XOPEN_SOURCE -D_DARWIN_C_SOURCE -D_DARWIN_UNLIMITED_SELECT -D_REENTRANT   -O3 -I/Users/mpapis/.sm/pkg/active/include -fPIC -mmacosx-version-min=10.6 -pipe -I/opt/oracle/instantclient_11_2/sdk/include conftest.c  -L. -L/Users/jstirnaman/.rvm/rubies/ruby-2.1.0/lib -L. -L/Users/mpapis/.sm/pkg/active/lib -L/usr/lib -fPIC -Bstatic -fstack-protector   -arch x86_64   -L/opt/oracle/instantclient_11_2 -lclntsh -lruby-static -framework CoreFoundation  -L/opt/oracle/instantclient_11_2 -lclntsh -lpthread -ldl -lobjc "
conftest.c:13:57: error: use of undeclared identifier 'OCILobRead2'
int t(void) { void ((*volatile p)()); p = (void ((*)()))OCILobRead2; return 0; }
                                                        ^
1 error generated.
checked program was:
/* begin */
 1: #include "ruby.h"
 2: 
 3: /*top*/
 4: extern int t(void);
 5: int main(int argc, char **argv)
 6: {
 7:   if (argc > 1000000) {
 8:     printf("%p", &t);
 9:   }
10: 
11:   return 0;
12: }
13: int t(void) { void ((*volatile p)()); p = (void ((*)()))OCILobRead2; return 0; }
/* end */

"/usr/bin/clang -o conftest -I/Users/jstirnaman/.rvm/rubies/ruby-2.1.0/include/ruby-2.1.0/x86_64-darwin12.0 -I/Users/jstirnaman/.rvm/rubies/ruby-2.1.0/include/ruby-2.1.0/ruby/backward -I/Users/jstirnaman/.rvm/rubies/ruby-2.1.0/include/ruby-2.1.0 -I. -D_XOPEN_SOURCE -D_DARWIN_C_SOURCE -D_DARWIN_UNLIMITED_SELECT -D_REENTRANT   -O3 -I/Users/mpapis/.sm/pkg/active/include -fPIC -mmacosx-version-min=10.6 -pipe -I/opt/oracle/instantclient_11_2/sdk/include conftest.c  -L. -L/Users/jstirnaman/.rvm/rubies/ruby-2.1.0/lib -L. -L/Users/mpapis/.sm/pkg/active/lib -L/usr/lib -fPIC -Bstatic -fstack-protector   -arch x86_64   -L/opt/oracle/instantclient_11_2 -lclntsh -lruby-static -framework CoreFoundation  -L/opt/oracle/instantclient_11_2 -lclntsh -lpthread -ldl -lobjc "
conftest.c:13:15: warning: implicit declaration of function 'OCILobRead2' is invalid in C99 [-Wimplicit-function-declaration]
int t(void) { OCILobRead2(); return 0; }
              ^
1 warning generated.
ld: warning: directory not found for option '-L/Users/mpapis/.sm/pkg/active/lib'
checked program was:
/* begin */
 1: #include "ruby.h"
 2: 
 3: /*top*/
 4: extern int t(void);
 5: int main(int argc, char **argv)
 6: {
 7:   if (argc > 1000000) {
 8:     printf("%p", &t);
 9:   }
10: 
11:   return 0;
12: }
13: int t(void) { OCILobRead2(); return 0; }
/* end */

--------------------

have_func: checking for OCILobTrim2()... -------------------- yes

"/usr/bin/clang -o conftest -I/Users/jstirnaman/.rvm/rubies/ruby-2.1.0/include/ruby-2.1.0/x86_64-darwin12.0 -I/Users/jstirnaman/.rvm/rubies/ruby-2.1.0/include/ruby-2.1.0/ruby/backward -I/Users/jstirnaman/.rvm/rubies/ruby-2.1.0/include/ruby-2.1.0 -I. -D_XOPEN_SOURCE -D_DARWIN_C_SOURCE -D_DARWIN_UNLIMITED_SELECT -D_REENTRANT   -O3 -I/Users/mpapis/.sm/pkg/active/include -fPIC -mmacosx-version-min=10.6 -pipe -I/opt/oracle/instantclient_11_2/sdk/include conftest.c  -L. -L/Users/jstirnaman/.rvm/rubies/ruby-2.1.0/lib -L. -L/Users/mpapis/.sm/pkg/active/lib -L/usr/lib -fPIC -Bstatic -fstack-protector   -arch x86_64   -L/opt/oracle/instantclient_11_2 -lclntsh -lruby-static -framework CoreFoundation  -L/opt/oracle/instantclient_11_2 -lclntsh -lpthread -ldl -lobjc "
conftest.c:13:57: error: use of undeclared identifier 'OCILobTrim2'
int t(void) { void ((*volatile p)()); p = (void ((*)()))OCILobTrim2; return 0; }
                                                        ^
1 error generated.
checked program was:
/* begin */
 1: #include "ruby.h"
 2: 
 3: /*top*/
 4: extern int t(void);
 5: int main(int argc, char **argv)
 6: {
 7:   if (argc > 1000000) {
 8:     printf("%p", &t);
 9:   }
10: 
11:   return 0;
12: }
13: int t(void) { void ((*volatile p)()); p = (void ((*)()))OCILobTrim2; return 0; }
/* end */

"/usr/bin/clang -o conftest -I/Users/jstirnaman/.rvm/rubies/ruby-2.1.0/include/ruby-2.1.0/x86_64-darwin12.0 -I/Users/jstirnaman/.rvm/rubies/ruby-2.1.0/include/ruby-2.1.0/ruby/backward -I/Users/jstirnaman/.rvm/rubies/ruby-2.1.0/include/ruby-2.1.0 -I. -D_XOPEN_SOURCE -D_DARWIN_C_SOURCE -D_DARWIN_UNLIMITED_SELECT -D_REENTRANT   -O3 -I/Users/mpapis/.sm/pkg/active/include -fPIC -mmacosx-version-min=10.6 -pipe -I/opt/oracle/instantclient_11_2/sdk/include conftest.c  -L. -L/Users/jstirnaman/.rvm/rubies/ruby-2.1.0/lib -L. -L/Users/mpapis/.sm/pkg/active/lib -L/usr/lib -fPIC -Bstatic -fstack-protector   -arch x86_64   -L/opt/oracle/instantclient_11_2 -lclntsh -lruby-static -framework CoreFoundation  -L/opt/oracle/instantclient_11_2 -lclntsh -lpthread -ldl -lobjc "
conftest.c:13:15: warning: implicit declaration of function 'OCILobTrim2' is invalid in C99 [-Wimplicit-function-declaration]
int t(void) { OCILobTrim2(); return 0; }
              ^
1 warning generated.
ld: warning: directory not found for option '-L/Users/mpapis/.sm/pkg/active/lib'
checked program was:
/* begin */
 1: #include "ruby.h"
 2: 
 3: /*top*/
 4: extern int t(void);
 5: int main(int argc, char **argv)
 6: {
 7:   if (argc > 1000000) {
 8:     printf("%p", &t);
 9:   }
10: 
11:   return 0;
12: }
13: int t(void) { OCILobTrim2(); return 0; }
/* end */

--------------------

have_func: checking for OCILobWrite2()... -------------------- yes

"/usr/bin/clang -o conftest -I/Users/jstirnaman/.rvm/rubies/ruby-2.1.0/include/ruby-2.1.0/x86_64-darwin12.0 -I/Users/jstirnaman/.rvm/rubies/ruby-2.1.0/include/ruby-2.1.0/ruby/backward -I/Users/jstirnaman/.rvm/rubies/ruby-2.1.0/include/ruby-2.1.0 -I. -D_XOPEN_SOURCE -D_DARWIN_C_SOURCE -D_DARWIN_UNLIMITED_SELECT -D_REENTRANT   -O3 -I/Users/mpapis/.sm/pkg/active/include -fPIC -mmacosx-version-min=10.6 -pipe -I/opt/oracle/instantclient_11_2/sdk/include conftest.c  -L. -L/Users/jstirnaman/.rvm/rubies/ruby-2.1.0/lib -L. -L/Users/mpapis/.sm/pkg/active/lib -L/usr/lib -fPIC -Bstatic -fstack-protector   -arch x86_64   -L/opt/oracle/instantclient_11_2 -lclntsh -lruby-static -framework CoreFoundation  -L/opt/oracle/instantclient_11_2 -lclntsh -lpthread -ldl -lobjc "
conftest.c:13:57: error: use of undeclared identifier 'OCILobWrite2'
int t(void) { void ((*volatile p)()); p = (void ((*)()))OCILobWrite2; return 0; }
                                                        ^
1 error generated.
checked program was:
/* begin */
 1: #include "ruby.h"
 2: 
 3: /*top*/
 4: extern int t(void);
 5: int main(int argc, char **argv)
 6: {
 7:   if (argc > 1000000) {
 8:     printf("%p", &t);
 9:   }
10: 
11:   return 0;
12: }
13: int t(void) { void ((*volatile p)()); p = (void ((*)()))OCILobWrite2; return 0; }
/* end */

"/usr/bin/clang -o conftest -I/Users/jstirnaman/.rvm/rubies/ruby-2.1.0/include/ruby-2.1.0/x86_64-darwin12.0 -I/Users/jstirnaman/.rvm/rubies/ruby-2.1.0/include/ruby-2.1.0/ruby/backward -I/Users/jstirnaman/.rvm/rubies/ruby-2.1.0/include/ruby-2.1.0 -I. -D_XOPEN_SOURCE -D_DARWIN_C_SOURCE -D_DARWIN_UNLIMITED_SELECT -D_REENTRANT   -O3 -I/Users/mpapis/.sm/pkg/active/include -fPIC -mmacosx-version-min=10.6 -pipe -I/opt/oracle/instantclient_11_2/sdk/include conftest.c  -L. -L/Users/jstirnaman/.rvm/rubies/ruby-2.1.0/lib -L. -L/Users/mpapis/.sm/pkg/active/lib -L/usr/lib -fPIC -Bstatic -fstack-protector   -arch x86_64   -L/opt/oracle/instantclient_11_2 -lclntsh -lruby-static -framework CoreFoundation  -L/opt/oracle/instantclient_11_2 -lclntsh -lpthread -ldl -lobjc "
conftest.c:13:15: warning: implicit declaration of function 'OCILobWrite2' is invalid in C99 [-Wimplicit-function-declaration]
int t(void) { OCILobWrite2(); return 0; }
              ^
1 warning generated.
ld: warning: directory not found for option '-L/Users/mpapis/.sm/pkg/active/lib'
checked program was:
/* begin */
 1: #include "ruby.h"
 2: 
 3: /*top*/
 4: extern int t(void);
 5: int main(int argc, char **argv)
 6: {
 7:   if (argc > 1000000) {
 8:     printf("%p", &t);
 9:   }
10: 
11:   return 0;
12: }
13: int t(void) { OCILobWrite2(); return 0; }
/* end */

--------------------

have_func: checking for OCIClientVersion()... -------------------- yes

"/usr/bin/clang -o conftest -I/Users/jstirnaman/.rvm/rubies/ruby-2.1.0/include/ruby-2.1.0/x86_64-darwin12.0 -I/Users/jstirnaman/.rvm/rubies/ruby-2.1.0/include/ruby-2.1.0/ruby/backward -I/Users/jstirnaman/.rvm/rubies/ruby-2.1.0/include/ruby-2.1.0 -I. -D_XOPEN_SOURCE -D_DARWIN_C_SOURCE -D_DARWIN_UNLIMITED_SELECT -D_REENTRANT   -O3 -I/Users/mpapis/.sm/pkg/active/include -fPIC -mmacosx-version-min=10.6 -pipe -I/opt/oracle/instantclient_11_2/sdk/include conftest.c  -L. -L/Users/jstirnaman/.rvm/rubies/ruby-2.1.0/lib -L. -L/Users/mpapis/.sm/pkg/active/lib -L/usr/lib -fPIC -Bstatic -fstack-protector   -arch x86_64   -L/opt/oracle/instantclient_11_2 -lclntsh -lruby-static -framework CoreFoundation  -L/opt/oracle/instantclient_11_2 -lclntsh -lpthread -ldl -lobjc "
conftest.c:13:57: error: use of undeclared identifier 'OCIClientVersion'
int t(void) { void ((*volatile p)()); p = (void ((*)()))OCIClientVersion; return 0; }
                                                        ^
1 error generated.
checked program was:
/* begin */
 1: #include "ruby.h"
 2: 
 3: /*top*/
 4: extern int t(void);
 5: int main(int argc, char **argv)
 6: {
 7:   if (argc > 1000000) {
 8:     printf("%p", &t);
 9:   }
10: 
11:   return 0;
12: }
13: int t(void) { void ((*volatile p)()); p = (void ((*)()))OCIClientVersion; return 0; }
/* end */

"/usr/bin/clang -o conftest -I/Users/jstirnaman/.rvm/rubies/ruby-2.1.0/include/ruby-2.1.0/x86_64-darwin12.0 -I/Users/jstirnaman/.rvm/rubies/ruby-2.1.0/include/ruby-2.1.0/ruby/backward -I/Users/jstirnaman/.rvm/rubies/ruby-2.1.0/include/ruby-2.1.0 -I. -D_XOPEN_SOURCE -D_DARWIN_C_SOURCE -D_DARWIN_UNLIMITED_SELECT -D_REENTRANT   -O3 -I/Users/mpapis/.sm/pkg/active/include -fPIC -mmacosx-version-min=10.6 -pipe -I/opt/oracle/instantclient_11_2/sdk/include conftest.c  -L. -L/Users/jstirnaman/.rvm/rubies/ruby-2.1.0/lib -L. -L/Users/mpapis/.sm/pkg/active/lib -L/usr/lib -fPIC -Bstatic -fstack-protector   -arch x86_64   -L/opt/oracle/instantclient_11_2 -lclntsh -lruby-static -framework CoreFoundation  -L/opt/oracle/instantclient_11_2 -lclntsh -lpthread -ldl -lobjc "
conftest.c:13:15: warning: implicit declaration of function 'OCIClientVersion' is invalid in C99 [-Wimplicit-function-declaration]
int t(void) { OCIClientVersion(); return 0; }
              ^
1 warning generated.
ld: warning: directory not found for option '-L/Users/mpapis/.sm/pkg/active/lib'
checked program was:
/* begin */
 1: #include "ruby.h"
 2: 
 3: /*top*/
 4: extern int t(void);
 5: int main(int argc, char **argv)
 6: {
 7:   if (argc > 1000000) {
 8:     printf("%p", &t);
 9:   }
10: 
11:   return 0;
12: }
13: int t(void) { OCIClientVersion(); return 0; }
/* end */

--------------------

have_func: checking for OCIDBShutdown()... -------------------- yes

"/usr/bin/clang -o conftest -I/Users/jstirnaman/.rvm/rubies/ruby-2.1.0/include/ruby-2.1.0/x86_64-darwin12.0 -I/Users/jstirnaman/.rvm/rubies/ruby-2.1.0/include/ruby-2.1.0/ruby/backward -I/Users/jstirnaman/.rvm/rubies/ruby-2.1.0/include/ruby-2.1.0 -I. -D_XOPEN_SOURCE -D_DARWIN_C_SOURCE -D_DARWIN_UNLIMITED_SELECT -D_REENTRANT   -O3 -I/Users/mpapis/.sm/pkg/active/include -fPIC -mmacosx-version-min=10.6 -pipe -I/opt/oracle/instantclient_11_2/sdk/include conftest.c  -L. -L/Users/jstirnaman/.rvm/rubies/ruby-2.1.0/lib -L. -L/Users/mpapis/.sm/pkg/active/lib -L/usr/lib -fPIC -Bstatic -fstack-protector   -arch x86_64   -L/opt/oracle/instantclient_11_2 -lclntsh -lruby-static -framework CoreFoundation  -L/opt/oracle/instantclient_11_2 -lclntsh -lpthread -ldl -lobjc "
conftest.c:13:57: error: use of undeclared identifier 'OCIDBShutdown'
int t(void) { void ((*volatile p)()); p = (void ((*)()))OCIDBShutdown; return 0; }
                                                        ^
1 error generated.
checked program was:
/* begin */
 1: #include "ruby.h"
 2: 
 3: /*top*/
 4: extern int t(void);
 5: int main(int argc, char **argv)
 6: {
 7:   if (argc > 1000000) {
 8:     printf("%p", &t);
 9:   }
10: 
11:   return 0;
12: }
13: int t(void) { void ((*volatile p)()); p = (void ((*)()))OCIDBShutdown; return 0; }
/* end */

"/usr/bin/clang -o conftest -I/Users/jstirnaman/.rvm/rubies/ruby-2.1.0/include/ruby-2.1.0/x86_64-darwin12.0 -I/Users/jstirnaman/.rvm/rubies/ruby-2.1.0/include/ruby-2.1.0/ruby/backward -I/Users/jstirnaman/.rvm/rubies/ruby-2.1.0/include/ruby-2.1.0 -I. -D_XOPEN_SOURCE -D_DARWIN_C_SOURCE -D_DARWIN_UNLIMITED_SELECT -D_REENTRANT   -O3 -I/Users/mpapis/.sm/pkg/active/include -fPIC -mmacosx-version-min=10.6 -pipe -I/opt/oracle/instantclient_11_2/sdk/include conftest.c  -L. -L/Users/jstirnaman/.rvm/rubies/ruby-2.1.0/lib -L. -L/Users/mpapis/.sm/pkg/active/lib -L/usr/lib -fPIC -Bstatic -fstack-protector   -arch x86_64   -L/opt/oracle/instantclient_11_2 -lclntsh -lruby-static -framework CoreFoundation  -L/opt/oracle/instantclient_11_2 -lclntsh -lpthread -ldl -lobjc "
conftest.c:13:15: warning: implicit declaration of function 'OCIDBShutdown' is invalid in C99 [-Wimplicit-function-declaration]
int t(void) { OCIDBShutdown(); return 0; }
              ^
1 warning generated.
ld: warning: directory not found for option '-L/Users/mpapis/.sm/pkg/active/lib'
checked program was:
/* begin */
 1: #include "ruby.h"
 2: 
 3: /*top*/
 4: extern int t(void);
 5: int main(int argc, char **argv)
 6: {
 7:   if (argc > 1000000) {
 8:     printf("%p", &t);
 9:   }
10: 
11:   return 0;
12: }
13: int t(void) { OCIDBShutdown(); return 0; }
/* end */

--------------------

have_func: checking for OCIDBStartup()... -------------------- yes

"/usr/bin/clang -o conftest -I/Users/jstirnaman/.rvm/rubies/ruby-2.1.0/include/ruby-2.1.0/x86_64-darwin12.0 -I/Users/jstirnaman/.rvm/rubies/ruby-2.1.0/include/ruby-2.1.0/ruby/backward -I/Users/jstirnaman/.rvm/rubies/ruby-2.1.0/include/ruby-2.1.0 -I. -D_XOPEN_SOURCE -D_DARWIN_C_SOURCE -D_DARWIN_UNLIMITED_SELECT -D_REENTRANT   -O3 -I/Users/mpapis/.sm/pkg/active/include -fPIC -mmacosx-version-min=10.6 -pipe -I/opt/oracle/instantclient_11_2/sdk/include conftest.c  -L. -L/Users/jstirnaman/.rvm/rubies/ruby-2.1.0/lib -L. -L/Users/mpapis/.sm/pkg/active/lib -L/usr/lib -fPIC -Bstatic -fstack-protector   -arch x86_64   -L/opt/oracle/instantclient_11_2 -lclntsh -lruby-static -framework CoreFoundation  -L/opt/oracle/instantclient_11_2 -lclntsh -lpthread -ldl -lobjc "
conftest.c:13:57: error: use of undeclared identifier 'OCIDBStartup'
int t(void) { void ((*volatile p)()); p = (void ((*)()))OCIDBStartup; return 0; }
                                                        ^
1 error generated.
checked program was:
/* begin */
 1: #include "ruby.h"
 2: 
 3: /*top*/
 4: extern int t(void);
 5: int main(int argc, char **argv)
 6: {
 7:   if (argc > 1000000) {
 8:     printf("%p", &t);
 9:   }
10: 
11:   return 0;
12: }
13: int t(void) { void ((*volatile p)()); p = (void ((*)()))OCIDBStartup; return 0; }
/* end */

"/usr/bin/clang -o conftest -I/Users/jstirnaman/.rvm/rubies/ruby-2.1.0/include/ruby-2.1.0/x86_64-darwin12.0 -I/Users/jstirnaman/.rvm/rubies/ruby-2.1.0/include/ruby-2.1.0/ruby/backward -I/Users/jstirnaman/.rvm/rubies/ruby-2.1.0/include/ruby-2.1.0 -I. -D_XOPEN_SOURCE -D_DARWIN_C_SOURCE -D_DARWIN_UNLIMITED_SELECT -D_REENTRANT   -O3 -I/Users/mpapis/.sm/pkg/active/include -fPIC -mmacosx-version-min=10.6 -pipe -I/opt/oracle/instantclient_11_2/sdk/include conftest.c  -L. -L/Users/jstirnaman/.rvm/rubies/ruby-2.1.0/lib -L. -L/Users/mpapis/.sm/pkg/active/lib -L/usr/lib -fPIC -Bstatic -fstack-protector   -arch x86_64   -L/opt/oracle/instantclient_11_2 -lclntsh -lruby-static -framework CoreFoundation  -L/opt/oracle/instantclient_11_2 -lclntsh -lpthread -ldl -lobjc "
conftest.c:13:15: warning: implicit declaration of function 'OCIDBStartup' is invalid in C99 [-Wimplicit-function-declaration]
int t(void) { OCIDBStartup(); return 0; }
              ^
1 warning generated.
ld: warning: directory not found for option '-L/Users/mpapis/.sm/pkg/active/lib'
checked program was:
/* begin */
 1: #include "ruby.h"
 2: 
 3: /*top*/
 4: extern int t(void);
 5: int main(int argc, char **argv)
 6: {
 7:   if (argc > 1000000) {
 8:     printf("%p", &t);
 9:   }
10: 
11:   return 0;
12: }
13: int t(void) { OCIDBStartup(); return 0; }
/* end */

--------------------

have_func: checking for OCIPing()... -------------------- yes

"/usr/bin/clang -o conftest -I/Users/jstirnaman/.rvm/rubies/ruby-2.1.0/include/ruby-2.1.0/x86_64-darwin12.0 -I/Users/jstirnaman/.rvm/rubies/ruby-2.1.0/include/ruby-2.1.0/ruby/backward -I/Users/jstirnaman/.rvm/rubies/ruby-2.1.0/include/ruby-2.1.0 -I. -D_XOPEN_SOURCE -D_DARWIN_C_SOURCE -D_DARWIN_UNLIMITED_SELECT -D_REENTRANT   -O3 -I/Users/mpapis/.sm/pkg/active/include -fPIC -mmacosx-version-min=10.6 -pipe -I/opt/oracle/instantclient_11_2/sdk/include conftest.c  -L. -L/Users/jstirnaman/.rvm/rubies/ruby-2.1.0/lib -L. -L/Users/mpapis/.sm/pkg/active/lib -L/usr/lib -fPIC -Bstatic -fstack-protector   -arch x86_64   -L/opt/oracle/instantclient_11_2 -lclntsh -lruby-static -framework CoreFoundation  -L/opt/oracle/instantclient_11_2 -lclntsh -lpthread -ldl -lobjc "
conftest.c:13:57: error: use of undeclared identifier 'OCIPing'
int t(void) { void ((*volatile p)()); p = (void ((*)()))OCIPing; return 0; }
                                                        ^
1 error generated.
checked program was:
/* begin */
 1: #include "ruby.h"
 2: 
 3: /*top*/
 4: extern int t(void);
 5: int main(int argc, char **argv)
 6: {
 7:   if (argc > 1000000) {
 8:     printf("%p", &t);
 9:   }
10: 
11:   return 0;
12: }
13: int t(void) { void ((*volatile p)()); p = (void ((*)()))OCIPing; return 0; }
/* end */

"/usr/bin/clang -o conftest -I/Users/jstirnaman/.rvm/rubies/ruby-2.1.0/include/ruby-2.1.0/x86_64-darwin12.0 -I/Users/jstirnaman/.rvm/rubies/ruby-2.1.0/include/ruby-2.1.0/ruby/backward -I/Users/jstirnaman/.rvm/rubies/ruby-2.1.0/include/ruby-2.1.0 -I. -D_XOPEN_SOURCE -D_DARWIN_C_SOURCE -D_DARWIN_UNLIMITED_SELECT -D_REENTRANT   -O3 -I/Users/mpapis/.sm/pkg/active/include -fPIC -mmacosx-version-min=10.6 -pipe -I/opt/oracle/instantclient_11_2/sdk/include conftest.c  -L. -L/Users/jstirnaman/.rvm/rubies/ruby-2.1.0/lib -L. -L/Users/mpapis/.sm/pkg/active/lib -L/usr/lib -fPIC -Bstatic -fstack-protector   -arch x86_64   -L/opt/oracle/instantclient_11_2 -lclntsh -lruby-static -framework CoreFoundation  -L/opt/oracle/instantclient_11_2 -lclntsh -lpthread -ldl -lobjc "
conftest.c:13:15: warning: implicit declaration of function 'OCIPing' is invalid in C99 [-Wimplicit-function-declaration]
int t(void) { OCIPing(); return 0; }
              ^
1 warning generated.
ld: warning: directory not found for option '-L/Users/mpapis/.sm/pkg/active/lib'
checked program was:
/* begin */
 1: #include "ruby.h"
 2: 
 3: /*top*/
 4: extern int t(void);
 5: int main(int argc, char **argv)
 6: {
 7:   if (argc > 1000000) {
 8:     printf("%p", &t);
 9:   }
10: 
11:   return 0;
12: }
13: int t(void) { OCIPing(); return 0; }
/* end */

--------------------

have_func: checking for OCIArrayDescriptorAlloc()... -------------------- yes

"/usr/bin/clang -o conftest -I/Users/jstirnaman/.rvm/rubies/ruby-2.1.0/include/ruby-2.1.0/x86_64-darwin12.0 -I/Users/jstirnaman/.rvm/rubies/ruby-2.1.0/include/ruby-2.1.0/ruby/backward -I/Users/jstirnaman/.rvm/rubies/ruby-2.1.0/include/ruby-2.1.0 -I. -D_XOPEN_SOURCE -D_DARWIN_C_SOURCE -D_DARWIN_UNLIMITED_SELECT -D_REENTRANT   -O3 -I/Users/mpapis/.sm/pkg/active/include -fPIC -mmacosx-version-min=10.6 -pipe -I/opt/oracle/instantclient_11_2/sdk/include conftest.c  -L. -L/Users/jstirnaman/.rvm/rubies/ruby-2.1.0/lib -L. -L/Users/mpapis/.sm/pkg/active/lib -L/usr/lib -fPIC -Bstatic -fstack-protector   -arch x86_64   -L/opt/oracle/instantclient_11_2 -lclntsh -lruby-static -framework CoreFoundation  -L/opt/oracle/instantclient_11_2 -lclntsh -lpthread -ldl -lobjc "
conftest.c:13:57: error: use of undeclared identifier 'OCIArrayDescriptorAlloc'
int t(void) { void ((*volatile p)()); p = (void ((*)()))OCIArrayDescriptorAlloc; return 0; }
                                                        ^
1 error generated.
checked program was:
/* begin */
 1: #include "ruby.h"
 2: 
 3: /*top*/
 4: extern int t(void);
 5: int main(int argc, char **argv)
 6: {
 7:   if (argc > 1000000) {
 8:     printf("%p", &t);
 9:   }
10: 
11:   return 0;
12: }
13: int t(void) { void ((*volatile p)()); p = (void ((*)()))OCIArrayDescriptorAlloc; return 0; }
/* end */

"/usr/bin/clang -o conftest -I/Users/jstirnaman/.rvm/rubies/ruby-2.1.0/include/ruby-2.1.0/x86_64-darwin12.0 -I/Users/jstirnaman/.rvm/rubies/ruby-2.1.0/include/ruby-2.1.0/ruby/backward -I/Users/jstirnaman/.rvm/rubies/ruby-2.1.0/include/ruby-2.1.0 -I. -D_XOPEN_SOURCE -D_DARWIN_C_SOURCE -D_DARWIN_UNLIMITED_SELECT -D_REENTRANT   -O3 -I/Users/mpapis/.sm/pkg/active/include -fPIC -mmacosx-version-min=10.6 -pipe -I/opt/oracle/instantclient_11_2/sdk/include conftest.c  -L. -L/Users/jstirnaman/.rvm/rubies/ruby-2.1.0/lib -L. -L/Users/mpapis/.sm/pkg/active/lib -L/usr/lib -fPIC -Bstatic -fstack-protector   -arch x86_64   -L/opt/oracle/instantclient_11_2 -lclntsh -lruby-static -framework CoreFoundation  -L/opt/oracle/instantclient_11_2 -lclntsh -lpthread -ldl -lobjc "
conftest.c:13:15: warning: implicit declaration of function 'OCIArrayDescriptorAlloc' is invalid in C99 [-Wimplicit-function-declaration]
int t(void) { OCIArrayDescriptorAlloc(); return 0; }
              ^
1 warning generated.
ld: warning: directory not found for option '-L/Users/mpapis/.sm/pkg/active/lib'
checked program was:
/* begin */
 1: #include "ruby.h"
 2: 
 3: /*top*/
 4: extern int t(void);
 5: int main(int argc, char **argv)
 6: {
 7:   if (argc > 1000000) {
 8:     printf("%p", &t);
 9:   }
10: 
11:   return 0;
12: }
13: int t(void) { OCIArrayDescriptorAlloc(); return 0; }
/* end */

--------------------

have_func: checking for OCIArrayDescriptorFree()... -------------------- yes

"/usr/bin/clang -o conftest -I/Users/jstirnaman/.rvm/rubies/ruby-2.1.0/include/ruby-2.1.0/x86_64-darwin12.0 -I/Users/jstirnaman/.rvm/rubies/ruby-2.1.0/include/ruby-2.1.0/ruby/backward -I/Users/jstirnaman/.rvm/rubies/ruby-2.1.0/include/ruby-2.1.0 -I. -D_XOPEN_SOURCE -D_DARWIN_C_SOURCE -D_DARWIN_UNLIMITED_SELECT -D_REENTRANT   -O3 -I/Users/mpapis/.sm/pkg/active/include -fPIC -mmacosx-version-min=10.6 -pipe -I/opt/oracle/instantclient_11_2/sdk/include conftest.c  -L. -L/Users/jstirnaman/.rvm/rubies/ruby-2.1.0/lib -L. -L/Users/mpapis/.sm/pkg/active/lib -L/usr/lib -fPIC -Bstatic -fstack-protector   -arch x86_64   -L/opt/oracle/instantclient_11_2 -lclntsh -lruby-static -framework CoreFoundation  -L/opt/oracle/instantclient_11_2 -lclntsh -lpthread -ldl -lobjc "
conftest.c:13:57: error: use of undeclared identifier 'OCIArrayDescriptorFree'
int t(void) { void ((*volatile p)()); p = (void ((*)()))OCIArrayDescriptorFree; return 0; }
                                                        ^
1 error generated.
checked program was:
/* begin */
 1: #include "ruby.h"
 2: 
 3: /*top*/
 4: extern int t(void);
 5: int main(int argc, char **argv)
 6: {
 7:   if (argc > 1000000) {
 8:     printf("%p", &t);
 9:   }
10: 
11:   return 0;
12: }
13: int t(void) { void ((*volatile p)()); p = (void ((*)()))OCIArrayDescriptorFree; return 0; }
/* end */

"/usr/bin/clang -o conftest -I/Users/jstirnaman/.rvm/rubies/ruby-2.1.0/include/ruby-2.1.0/x86_64-darwin12.0 -I/Users/jstirnaman/.rvm/rubies/ruby-2.1.0/include/ruby-2.1.0/ruby/backward -I/Users/jstirnaman/.rvm/rubies/ruby-2.1.0/include/ruby-2.1.0 -I. -D_XOPEN_SOURCE -D_DARWIN_C_SOURCE -D_DARWIN_UNLIMITED_SELECT -D_REENTRANT   -O3 -I/Users/mpapis/.sm/pkg/active/include -fPIC -mmacosx-version-min=10.6 -pipe -I/opt/oracle/instantclient_11_2/sdk/include conftest.c  -L. -L/Users/jstirnaman/.rvm/rubies/ruby-2.1.0/lib -L. -L/Users/mpapis/.sm/pkg/active/lib -L/usr/lib -fPIC -Bstatic -fstack-protector   -arch x86_64   -L/opt/oracle/instantclient_11_2 -lclntsh -lruby-static -framework CoreFoundation  -L/opt/oracle/instantclient_11_2 -lclntsh -lpthread -ldl -lobjc "
conftest.c:13:15: warning: implicit declaration of function 'OCIArrayDescriptorFree' is invalid in C99 [-Wimplicit-function-declaration]
int t(void) { OCIArrayDescriptorFree(); return 0; }
              ^
1 warning generated.
ld: warning: directory not found for option '-L/Users/mpapis/.sm/pkg/active/lib'
checked program was:
/* begin */
 1: #include "ruby.h"
 2: 
 3: /*top*/
 4: extern int t(void);
 5: int main(int argc, char **argv)
 6: {
 7:   if (argc > 1000000) {
 8:     printf("%p", &t);
 9:   }
10: 
11:   return 0;
12: }
13: int t(void) { OCIArrayDescriptorFree(); return 0; }
/* end */

--------------------

have_type: checking for oratext in ociap.h... -------------------- yes

"/usr/bin/clang -I/Users/jstirnaman/.rvm/rubies/ruby-2.1.0/include/ruby-2.1.0/x86_64-darwin12.0 -I/Users/jstirnaman/.rvm/rubies/ruby-2.1.0/include/ruby-2.1.0/ruby/backward -I/Users/jstirnaman/.rvm/rubies/ruby-2.1.0/include/ruby-2.1.0 -I. -D_XOPEN_SOURCE -D_DARWIN_C_SOURCE -D_DARWIN_UNLIMITED_SELECT -D_REENTRANT   -O3 -I/Users/mpapis/.sm/pkg/active/include -fPIC -mmacosx-version-min=10.6 -pipe -I/opt/oracle/instantclient_11_2/sdk/include  -arch x86_64  -c conftest.c"
checked program was:
/* begin */
1: #include "ruby.h"
2: 
3: #include <ociap.h>
4: 
5: /*top*/
6: typedef oratext conftest_type;
7: int conftestval[sizeof(conftest_type)?1:-1];
/* end */

--------------------

have_type: checking for OCIDateTime* in ociap.h... -------------------- yes

"/usr/bin/clang -I/Users/jstirnaman/.rvm/rubies/ruby-2.1.0/include/ruby-2.1.0/x86_64-darwin12.0 -I/Users/jstirnaman/.rvm/rubies/ruby-2.1.0/include/ruby-2.1.0/ruby/backward -I/Users/jstirnaman/.rvm/rubies/ruby-2.1.0/include/ruby-2.1.0 -I. -D_XOPEN_SOURCE -D_DARWIN_C_SOURCE -D_DARWIN_UNLIMITED_SELECT -D_REENTRANT   -O3 -I/Users/mpapis/.sm/pkg/active/include -fPIC -mmacosx-version-min=10.6 -pipe -I/opt/oracle/instantclient_11_2/sdk/include  -arch x86_64  -c conftest.c"
checked program was:
/* begin */
1: #include "ruby.h"
2: 
3: #include <ociap.h>
4: 
5: /*top*/
6: typedef OCIDateTime* conftest_type;
7: int conftestval[sizeof(conftest_type)?1:-1];
/* end */

--------------------

have_type: checking for OCIInterval* in ociap.h... -------------------- yes

"/usr/bin/clang -I/Users/jstirnaman/.rvm/rubies/ruby-2.1.0/include/ruby-2.1.0/x86_64-darwin12.0 -I/Users/jstirnaman/.rvm/rubies/ruby-2.1.0/include/ruby-2.1.0/ruby/backward -I/Users/jstirnaman/.rvm/rubies/ruby-2.1.0/include/ruby-2.1.0 -I. -D_XOPEN_SOURCE -D_DARWIN_C_SOURCE -D_DARWIN_UNLIMITED_SELECT -D_REENTRANT   -O3 -I/Users/mpapis/.sm/pkg/active/include -fPIC -mmacosx-version-min=10.6 -pipe -I/opt/oracle/instantclient_11_2/sdk/include  -arch x86_64  -c conftest.c"
checked program was:
/* begin */
1: #include "ruby.h"
2: 
3: #include <ociap.h>
4: 
5: /*top*/
6: typedef OCIInterval* conftest_type;
7: int conftestval[sizeof(conftest_type)?1:-1];
/* end */

--------------------

have_type: checking for OCICallbackLobRead2 in ociap.h... -------------------- yes

"/usr/bin/clang -I/Users/jstirnaman/.rvm/rubies/ruby-2.1.0/include/ruby-2.1.0/x86_64-darwin12.0 -I/Users/jstirnaman/.rvm/rubies/ruby-2.1.0/include/ruby-2.1.0/ruby/backward -I/Users/jstirnaman/.rvm/rubies/ruby-2.1.0/include/ruby-2.1.0 -I. -D_XOPEN_SOURCE -D_DARWIN_C_SOURCE -D_DARWIN_UNLIMITED_SELECT -D_REENTRANT   -O3 -I/Users/mpapis/.sm/pkg/active/include -fPIC -mmacosx-version-min=10.6 -pipe -I/opt/oracle/instantclient_11_2/sdk/include  -arch x86_64  -c conftest.c"
checked program was:
/* begin */
1: #include "ruby.h"
2: 
3: #include <ociap.h>
4: 
5: /*top*/
6: typedef OCICallbackLobRead2 conftest_type;
7: int conftestval[sizeof(conftest_type)?1:-1];
/* end */

--------------------

have_type: checking for OCICallbackLobWrite2 in ociap.h... -------------------- yes

"/usr/bin/clang -I/Users/jstirnaman/.rvm/rubies/ruby-2.1.0/include/ruby-2.1.0/x86_64-darwin12.0 -I/Users/jstirnaman/.rvm/rubies/ruby-2.1.0/include/ruby-2.1.0/ruby/backward -I/Users/jstirnaman/.rvm/rubies/ruby-2.1.0/include/ruby-2.1.0 -I. -D_XOPEN_SOURCE -D_DARWIN_C_SOURCE -D_DARWIN_UNLIMITED_SELECT -D_REENTRANT   -O3 -I/Users/mpapis/.sm/pkg/active/include -fPIC -mmacosx-version-min=10.6 -pipe -I/opt/oracle/instantclient_11_2/sdk/include  -arch x86_64  -c conftest.c"
checked program was:
/* begin */
1: #include "ruby.h"
2: 
3: #include <ociap.h>
4: 
5: /*top*/
6: typedef OCICallbackLobWrite2 conftest_type;
7: int conftestval[sizeof(conftest_type)?1:-1];
/* end */

--------------------

have_type: checking for OCIAdmin* in ociap.h... -------------------- yes

"/usr/bin/clang -I/Users/jstirnaman/.rvm/rubies/ruby-2.1.0/include/ruby-2.1.0/x86_64-darwin12.0 -I/Users/jstirnaman/.rvm/rubies/ruby-2.1.0/include/ruby-2.1.0/ruby/backward -I/Users/jstirnaman/.rvm/rubies/ruby-2.1.0/include/ruby-2.1.0 -I. -D_XOPEN_SOURCE -D_DARWIN_C_SOURCE -D_DARWIN_UNLIMITED_SELECT -D_REENTRANT   -O3 -I/Users/mpapis/.sm/pkg/active/include -fPIC -mmacosx-version-min=10.6 -pipe -I/opt/oracle/instantclient_11_2/sdk/include  -arch x86_64  -c conftest.c"
checked program was:
/* begin */
1: #include "ruby.h"
2: 
3: #include <ociap.h>
4: 
5: /*top*/
6: typedef OCIAdmin* conftest_type;
7: int conftestval[sizeof(conftest_type)?1:-1];
/* end */

--------------------

have_type: checking for OCIAuthInfo* in ociap.h... -------------------- yes

"/usr/bin/clang -I/Users/jstirnaman/.rvm/rubies/ruby-2.1.0/include/ruby-2.1.0/x86_64-darwin12.0 -I/Users/jstirnaman/.rvm/rubies/ruby-2.1.0/include/ruby-2.1.0/ruby/backward -I/Users/jstirnaman/.rvm/rubies/ruby-2.1.0/include/ruby-2.1.0 -I. -D_XOPEN_SOURCE -D_DARWIN_C_SOURCE -D_DARWIN_UNLIMITED_SELECT -D_REENTRANT   -O3 -I/Users/mpapis/.sm/pkg/active/include -fPIC -mmacosx-version-min=10.6 -pipe -I/opt/oracle/instantclient_11_2/sdk/include  -arch x86_64  -c conftest.c"
checked program was:
/* begin */
1: #include "ruby.h"
2: 
3: #include <ociap.h>
4: 
5: /*top*/
6: typedef OCIAuthInfo* conftest_type;
7: int conftestval[sizeof(conftest_type)?1:-1];
/* end */

--------------------

have_type: checking for OCIMsg* in ociap.h... -------------------- yes

"/usr/bin/clang -I/Users/jstirnaman/.rvm/rubies/ruby-2.1.0/include/ruby-2.1.0/x86_64-darwin12.0 -I/Users/jstirnaman/.rvm/rubies/ruby-2.1.0/include/ruby-2.1.0/ruby/backward -I/Users/jstirnaman/.rvm/rubies/ruby-2.1.0/include/ruby-2.1.0 -I. -D_XOPEN_SOURCE -D_DARWIN_C_SOURCE -D_DARWIN_UNLIMITED_SELECT -D_REENTRANT   -O3 -I/Users/mpapis/.sm/pkg/active/include -fPIC -mmacosx-version-min=10.6 -pipe -I/opt/oracle/instantclient_11_2/sdk/include  -arch x86_64  -c conftest.c"
checked program was:
/* begin */
1: #include "ruby.h"
2: 
3: #include <ociap.h>
4: 
5: /*top*/
6: typedef OCIMsg* conftest_type;
7: int conftestval[sizeof(conftest_type)?1:-1];
/* end */

--------------------

have_type: checking for OCICPool* in ociap.h... -------------------- yes

"/usr/bin/clang -I/Users/jstirnaman/.rvm/rubies/ruby-2.1.0/include/ruby-2.1.0/x86_64-darwin12.0 -I/Users/jstirnaman/.rvm/rubies/ruby-2.1.0/include/ruby-2.1.0/ruby/backward -I/Users/jstirnaman/.rvm/rubies/ruby-2.1.0/include/ruby-2.1.0 -I. -D_XOPEN_SOURCE -D_DARWIN_C_SOURCE -D_DARWIN_UNLIMITED_SELECT -D_REENTRANT   -O3 -I/Users/mpapis/.sm/pkg/active/include -fPIC -mmacosx-version-min=10.6 -pipe -I/opt/oracle/instantclient_11_2/sdk/include  -arch x86_64  -c conftest.c"
checked program was:
/* begin */
1: #include "ruby.h"
2: 
3: #include <ociap.h>
4: 
5: /*top*/
6: typedef OCICPool* conftest_type;
7: int conftestval[sizeof(conftest_type)?1:-1];
/* end */

--------------------

have_func: checking for localtime_r()... -------------------- yes

"/usr/bin/clang -o conftest -I/Users/jstirnaman/.rvm/rubies/ruby-2.1.0/include/ruby-2.1.0/x86_64-darwin12.0 -I/Users/jstirnaman/.rvm/rubies/ruby-2.1.0/include/ruby-2.1.0/ruby/backward -I/Users/jstirnaman/.rvm/rubies/ruby-2.1.0/include/ruby-2.1.0 -I. -D_XOPEN_SOURCE -D_DARWIN_C_SOURCE -D_DARWIN_UNLIMITED_SELECT -D_REENTRANT   -O3 -I/Users/mpapis/.sm/pkg/active/include -fPIC -mmacosx-version-min=10.6 -pipe -I/opt/oracle/instantclient_11_2/sdk/include -Wall conftest.c  -L. -L/Users/jstirnaman/.rvm/rubies/ruby-2.1.0/lib -L. -L/Users/mpapis/.sm/pkg/active/lib -L/usr/lib -fPIC -Bstatic -fstack-protector   -arch x86_64   -L/opt/oracle/instantclient_11_2 -lclntsh -lruby-static -framework CoreFoundation  -L/opt/oracle/instantclient_11_2 -lclntsh -lpthread -ldl -lobjc "
conftest.c:13:57: error: use of undeclared identifier 'localtime_r'
int t(void) { void ((*volatile p)()); p = (void ((*)()))localtime_r; return 0; }
                                                        ^
1 error generated.
checked program was:
/* begin */
 1: #include "ruby.h"
 2: 
 3: /*top*/
 4: extern int t(void);
 5: int main(int argc, char **argv)
 6: {
 7:   if (argc > 1000000) {
 8:     printf("%p", &t);
 9:   }
10: 
11:   return 0;
12: }
13: int t(void) { void ((*volatile p)()); p = (void ((*)()))localtime_r; return 0; }
/* end */

"/usr/bin/clang -o conftest -I/Users/jstirnaman/.rvm/rubies/ruby-2.1.0/include/ruby-2.1.0/x86_64-darwin12.0 -I/Users/jstirnaman/.rvm/rubies/ruby-2.1.0/include/ruby-2.1.0/ruby/backward -I/Users/jstirnaman/.rvm/rubies/ruby-2.1.0/include/ruby-2.1.0 -I. -D_XOPEN_SOURCE -D_DARWIN_C_SOURCE -D_DARWIN_UNLIMITED_SELECT -D_REENTRANT   -O3 -I/Users/mpapis/.sm/pkg/active/include -fPIC -mmacosx-version-min=10.6 -pipe -I/opt/oracle/instantclient_11_2/sdk/include -Wall conftest.c  -L. -L/Users/jstirnaman/.rvm/rubies/ruby-2.1.0/lib -L. -L/Users/mpapis/.sm/pkg/active/lib -L/usr/lib -fPIC -Bstatic -fstack-protector   -arch x86_64   -L/opt/oracle/instantclient_11_2 -lclntsh -lruby-static -framework CoreFoundation  -L/opt/oracle/instantclient_11_2 -lclntsh -lpthread -ldl -lobjc "
conftest.c:13:15: warning: implicit declaration of function 'localtime_r' is invalid in C99 [-Wimplicit-function-declaration]
int t(void) { localtime_r(); return 0; }
              ^
1 warning generated.
ld: warning: directory not found for option '-L/Users/mpapis/.sm/pkg/active/lib'
checked program was:
/* begin */
 1: #include "ruby.h"
 2: 
 3: /*top*/
 4: extern int t(void);
 5: int main(int argc, char **argv)
 6: {
 7:   if (argc > 1000000) {
 8:     printf("%p", &t);
 9:   }
10: 
11:   return 0;
12: }
13: int t(void) { localtime_r(); return 0; }
/* end */

--------------------

have_func: checking for dladdr()... -------------------- yes

"/usr/bin/clang -o conftest -I/Users/jstirnaman/.rvm/rubies/ruby-2.1.0/include/ruby-2.1.0/x86_64-darwin12.0 -I/Users/jstirnaman/.rvm/rubies/ruby-2.1.0/include/ruby-2.1.0/ruby/backward -I/Users/jstirnaman/.rvm/rubies/ruby-2.1.0/include/ruby-2.1.0 -I. -D_XOPEN_SOURCE -D_DARWIN_C_SOURCE -D_DARWIN_UNLIMITED_SELECT -D_REENTRANT   -O3 -I/Users/mpapis/.sm/pkg/active/include -fPIC -mmacosx-version-min=10.6 -pipe -I/opt/oracle/instantclient_11_2/sdk/include -Wall conftest.c  -L. -L/Users/jstirnaman/.rvm/rubies/ruby-2.1.0/lib -L. -L/Users/mpapis/.sm/pkg/active/lib -L/usr/lib -fPIC -Bstatic -fstack-protector   -arch x86_64   -L/opt/oracle/instantclient_11_2 -lclntsh -lruby-static -framework CoreFoundation  -L/opt/oracle/instantclient_11_2 -lclntsh -lpthread -ldl -lobjc "
conftest.c:13:57: error: use of undeclared identifier 'dladdr'
int t(void) { void ((*volatile p)()); p = (void ((*)()))dladdr; return 0; }
                                                        ^
1 error generated.
checked program was:
/* begin */
 1: #include "ruby.h"
 2: 
 3: /*top*/
 4: extern int t(void);
 5: int main(int argc, char **argv)
 6: {
 7:   if (argc > 1000000) {
 8:     printf("%p", &t);
 9:   }
10: 
11:   return 0;
12: }
13: int t(void) { void ((*volatile p)()); p = (void ((*)()))dladdr; return 0; }
/* end */

"/usr/bin/clang -o conftest -I/Users/jstirnaman/.rvm/rubies/ruby-2.1.0/include/ruby-2.1.0/x86_64-darwin12.0 -I/Users/jstirnaman/.rvm/rubies/ruby-2.1.0/include/ruby-2.1.0/ruby/backward -I/Users/jstirnaman/.rvm/rubies/ruby-2.1.0/include/ruby-2.1.0 -I. -D_XOPEN_SOURCE -D_DARWIN_C_SOURCE -D_DARWIN_UNLIMITED_SELECT -D_REENTRANT   -O3 -I/Users/mpapis/.sm/pkg/active/include -fPIC -mmacosx-version-min=10.6 -pipe -I/opt/oracle/instantclient_11_2/sdk/include -Wall conftest.c  -L. -L/Users/jstirnaman/.rvm/rubies/ruby-2.1.0/lib -L. -L/Users/mpapis/.sm/pkg/active/lib -L/usr/lib -fPIC -Bstatic -fstack-protector   -arch x86_64   -L/opt/oracle/instantclient_11_2 -lclntsh -lruby-static -framework CoreFoundation  -L/opt/oracle/instantclient_11_2 -lclntsh -lpthread -ldl -lobjc "
conftest.c:13:15: warning: implicit declaration of function 'dladdr' is invalid in C99 [-Wimplicit-function-declaration]
int t(void) { dladdr(); return 0; }
              ^
1 warning generated.
ld: warning: directory not found for option '-L/Users/mpapis/.sm/pkg/active/lib'
checked program was:
/* begin */
 1: #include "ruby.h"
 2: 
 3: /*top*/
 4: extern int t(void);
 5: int main(int argc, char **argv)
 6: {
 7:   if (argc > 1000000) {
 8:     printf("%p", &t);
 9:   }
10: 
11:   return 0;
12: }
13: int t(void) { dladdr(); return 0; }
/* end */

--------------------

have_header: checking for intern.h... -------------------- no

"/usr/bin/clang -E -I/Users/jstirnaman/.rvm/rubies/ruby-2.1.0/include/ruby-2.1.0/x86_64-darwin12.0 -I/Users/jstirnaman/.rvm/rubies/ruby-2.1.0/include/ruby-2.1.0/ruby/backward -I/Users/jstirnaman/.rvm/rubies/ruby-2.1.0/include/ruby-2.1.0 -I. -D_XOPEN_SOURCE -D_DARWIN_C_SOURCE -D_DARWIN_UNLIMITED_SELECT -D_REENTRANT   -O3 -I/Users/mpapis/.sm/pkg/active/include -fPIC -mmacosx-version-min=10.6 -pipe -I/opt/oracle/instantclient_11_2/sdk/include -Wall  conftest.c -o conftest.i"
conftest.c:3:10: fatal error: 'intern.h' file not found
#include <intern.h>
         ^
1 error generated.
checked program was:
/* begin */
1: #include "ruby.h"
2: 
3: #include <intern.h>
/* end */

--------------------

have_header: checking for util.h... -------------------- yes

"/usr/bin/clang -E -I/Users/jstirnaman/.rvm/rubies/ruby-2.1.0/include/ruby-2.1.0/x86_64-darwin12.0 -I/Users/jstirnaman/.rvm/rubies/ruby-2.1.0/include/ruby-2.1.0/ruby/backward -I/Users/jstirnaman/.rvm/rubies/ruby-2.1.0/include/ruby-2.1.0 -I. -D_XOPEN_SOURCE -D_DARWIN_C_SOURCE -D_DARWIN_UNLIMITED_SELECT -D_REENTRANT   -O3 -I/Users/mpapis/.sm/pkg/active/include -fPIC -mmacosx-version-min=10.6 -pipe -I/opt/oracle/instantclient_11_2/sdk/include -Wall  conftest.c -o conftest.i"
In file included from conftest.c:3:
/Users/jstirnaman/.rvm/rubies/ruby-2.1.0/include/ruby-2.1.0/ruby/backward/util.h:2:2: warning: use "ruby/util.h" instead of bare "util.h" [-W#warnings]
#warning use "ruby/util.h" instead of bare "util.h"
 ^
1 warning generated.
checked program was:
/* begin */
1: #include "ruby.h"
2: 
3: #include <util.h>
/* end */

--------------------

have_header: checking for ruby/util.h... -------------------- yes

"/usr/bin/clang -E -I/Users/jstirnaman/.rvm/rubies/ruby-2.1.0/include/ruby-2.1.0/x86_64-darwin12.0 -I/Users/jstirnaman/.rvm/rubies/ruby-2.1.0/include/ruby-2.1.0/ruby/backward -I/Users/jstirnaman/.rvm/rubies/ruby-2.1.0/include/ruby-2.1.0 -I. -D_XOPEN_SOURCE -D_DARWIN_C_SOURCE -D_DARWIN_UNLIMITED_SELECT -D_REENTRANT   -O3 -I/Users/mpapis/.sm/pkg/active/include -fPIC -mmacosx-version-min=10.6 -pipe -I/opt/oracle/instantclient_11_2/sdk/include -Wall  conftest.c -o conftest.i"
checked program was:
/* begin */
1: #include "ruby.h"
2: 
3: #include <ruby/util.h>
/* end */

--------------------

have_type: checking for rb_encoding in ruby/ruby.h,ruby/encoding.h... -------------------- yes

"/usr/bin/clang -I/Users/jstirnaman/.rvm/rubies/ruby-2.1.0/include/ruby-2.1.0/x86_64-darwin12.0 -I/Users/jstirnaman/.rvm/rubies/ruby-2.1.0/include/ruby-2.1.0/ruby/backward -I/Users/jstirnaman/.rvm/rubies/ruby-2.1.0/include/ruby-2.1.0 -I. -D_XOPEN_SOURCE -D_DARWIN_C_SOURCE -D_DARWIN_UNLIMITED_SELECT -D_REENTRANT   -O3 -I/Users/mpapis/.sm/pkg/active/include -fPIC -mmacosx-version-min=10.6 -pipe -I/opt/oracle/instantclient_11_2/sdk/include -Wall  -arch x86_64  -c conftest.c"
checked program was:
/* begin */
1: #include "ruby.h"
2: 
3: #include <ruby/ruby.h>
4: #include <ruby/encoding.h>
5: 
6: /*top*/
7: typedef rb_encoding conftest_type;
8: int conftestval[sizeof(conftest_type)?1:-1];
/* end */

--------------------

have_header: checking for ruby/thread.h... -------------------- yes

"/usr/bin/clang -E -I/Users/jstirnaman/.rvm/rubies/ruby-2.1.0/include/ruby-2.1.0/x86_64-darwin12.0 -I/Users/jstirnaman/.rvm/rubies/ruby-2.1.0/include/ruby-2.1.0/ruby/backward -I/Users/jstirnaman/.rvm/rubies/ruby-2.1.0/include/ruby-2.1.0 -I. -D_XOPEN_SOURCE -D_DARWIN_C_SOURCE -D_DARWIN_UNLIMITED_SELECT -D_REENTRANT   -O3 -I/Users/mpapis/.sm/pkg/active/include -fPIC -mmacosx-version-min=10.6 -pipe -I/opt/oracle/instantclient_11_2/sdk/include -Wall  conftest.c -o conftest.i"
checked program was:
/* begin */
1: #include "ruby.h"
2: 
3: #include <ruby/thread.h>
/* end */

--------------------

have_var: checking for ruby_errinfo in ruby.h... -------------------- no

"/usr/bin/clang -I/Users/jstirnaman/.rvm/rubies/ruby-2.1.0/include/ruby-2.1.0/x86_64-darwin12.0 -I/Users/jstirnaman/.rvm/rubies/ruby-2.1.0/include/ruby-2.1.0/ruby/backward -I/Users/jstirnaman/.rvm/rubies/ruby-2.1.0/include/ruby-2.1.0 -I. -D_XOPEN_SOURCE -D_DARWIN_C_SOURCE -D_DARWIN_UNLIMITED_SELECT -D_REENTRANT   -O3 -I/Users/mpapis/.sm/pkg/active/include -fPIC -mmacosx-version-min=10.6 -pipe -I/opt/oracle/instantclient_11_2/sdk/include -Wall  -arch x86_64  -c conftest.c"
conftest.c:15:55: error: use of undeclared identifier 'ruby_errinfo'; did you mean 'rb_errinfo'?
int t(void) { const volatile void *volatile p; p = &(&ruby_errinfo)[0]; return 0; }
                                                      ^~~~~~~~~~~~
                                                      rb_errinfo
/Users/jstirnaman/.rvm/rubies/ruby-2.1.0/include/ruby-2.1.0/ruby/ruby.h:587:7: note: 'rb_errinfo' declared here
VALUE rb_errinfo(void);
      ^
conftest.c:15:53: error: subscript of pointer to function type 'VALUE (void)'
int t(void) { const volatile void *volatile p; p = &(&ruby_errinfo)[0]; return 0; }
                                                    ^~~~~~~~~~~~~~~
2 errors generated.
checked program was:
/* begin */
 1: #include "ruby.h"
 2: 
 3: #include <ruby.h>
 4: 
 5: /*top*/
 6: extern int t(void);
 7: int main(int argc, char **argv)
 8: {
 9:   if (argc > 1000000) {
10:     printf("%p", &t);
11:   }
12: 
13:   return 0;
14: }
15: int t(void) { const volatile void *volatile p; p = &(&ruby_errinfo)[0]; return 0; }
/* end */

--------------------

have_func: checking for rb_errinfo() in ruby.h... -------------------- yes

"/usr/bin/clang -o conftest -I/Users/jstirnaman/.rvm/rubies/ruby-2.1.0/include/ruby-2.1.0/x86_64-darwin12.0 -I/Users/jstirnaman/.rvm/rubies/ruby-2.1.0/include/ruby-2.1.0/ruby/backward -I/Users/jstirnaman/.rvm/rubies/ruby-2.1.0/include/ruby-2.1.0 -I. -D_XOPEN_SOURCE -D_DARWIN_C_SOURCE -D_DARWIN_UNLIMITED_SELECT -D_REENTRANT   -O3 -I/Users/mpapis/.sm/pkg/active/include -fPIC -mmacosx-version-min=10.6 -pipe -I/opt/oracle/instantclient_11_2/sdk/include -Wall conftest.c  -L. -L/Users/jstirnaman/.rvm/rubies/ruby-2.1.0/lib -L. -L/Users/mpapis/.sm/pkg/active/lib -L/usr/lib -fPIC -Bstatic -fstack-protector   -arch x86_64   -L/opt/oracle/instantclient_11_2 -lclntsh -lruby-static -framework CoreFoundation  -L/opt/oracle/instantclient_11_2 -lclntsh -lpthread -ldl -lobjc "
ld: warning: directory not found for option '-L/Users/mpapis/.sm/pkg/active/lib'
checked program was:
/* begin */
 1: #include "ruby.h"
 2: 
 3: #include <ruby.h>
 4: 
 5: /*top*/
 6: extern int t(void);
 7: int main(int argc, char **argv)
 8: {
 9:   if (argc > 1000000) {
10:     printf("%p", &t);
11:   }
12: 
13:   return 0;
14: }
15: int t(void) { void ((*volatile p)()); p = (void ((*)()))rb_errinfo; return 0; }
/* end */

--------------------

have_func: checking for rb_set_end_proc() in ruby.h... -------------------- yes

"/usr/bin/clang -o conftest -I/Users/jstirnaman/.rvm/rubies/ruby-2.1.0/include/ruby-2.1.0/x86_64-darwin12.0 -I/Users/jstirnaman/.rvm/rubies/ruby-2.1.0/include/ruby-2.1.0/ruby/backward -I/Users/jstirnaman/.rvm/rubies/ruby-2.1.0/include/ruby-2.1.0 -I. -D_XOPEN_SOURCE -D_DARWIN_C_SOURCE -D_DARWIN_UNLIMITED_SELECT -D_REENTRANT   -O3 -I/Users/mpapis/.sm/pkg/active/include -fPIC -mmacosx-version-min=10.6 -pipe -I/opt/oracle/instantclient_11_2/sdk/include -Wall conftest.c  -L. -L/Users/jstirnaman/.rvm/rubies/ruby-2.1.0/lib -L. -L/Users/mpapis/.sm/pkg/active/lib -L/usr/lib -fPIC -Bstatic -fstack-protector   -arch x86_64   -L/opt/oracle/instantclient_11_2 -lclntsh -lruby-static -framework CoreFoundation  -L/opt/oracle/instantclient_11_2 -lclntsh -lpthread -ldl -lobjc "
ld: warning: directory not found for option '-L/Users/mpapis/.sm/pkg/active/lib'
checked program was:
/* begin */
 1: #include "ruby.h"
 2: 
 3: #include <ruby.h>
 4: 
 5: /*top*/
 6: extern int t(void);
 7: int main(int argc, char **argv)
 8: {
 9:   if (argc > 1000000) {
10:     printf("%p", &t);
11:   }
12: 
13:   return 0;
14: }
15: int t(void) { void ((*volatile p)()); p = (void ((*)()))rb_set_end_proc; return 0; }
/* end */

--------------------

have_func: checking for rb_class_superclass() in ruby.h... -------------------- yes

"/usr/bin/clang -o conftest -I/Users/jstirnaman/.rvm/rubies/ruby-2.1.0/include/ruby-2.1.0/x86_64-darwin12.0 -I/Users/jstirnaman/.rvm/rubies/ruby-2.1.0/include/ruby-2.1.0/ruby/backward -I/Users/jstirnaman/.rvm/rubies/ruby-2.1.0/include/ruby-2.1.0 -I. -D_XOPEN_SOURCE -D_DARWIN_C_SOURCE -D_DARWIN_UNLIMITED_SELECT -D_REENTRANT   -O3 -I/Users/mpapis/.sm/pkg/active/include -fPIC -mmacosx-version-min=10.6 -pipe -I/opt/oracle/instantclient_11_2/sdk/include -Wall conftest.c  -L. -L/Users/jstirnaman/.rvm/rubies/ruby-2.1.0/lib -L. -L/Users/mpapis/.sm/pkg/active/lib -L/usr/lib -fPIC -Bstatic -fstack-protector   -arch x86_64   -L/opt/oracle/instantclient_11_2 -lclntsh -lruby-static -framework CoreFoundation  -L/opt/oracle/instantclient_11_2 -lclntsh -lpthread -ldl -lobjc "
ld: warning: directory not found for option '-L/Users/mpapis/.sm/pkg/active/lib'
checked program was:
/* begin */
 1: #include "ruby.h"
 2: 
 3: #include <ruby.h>
 4: 
 5: /*top*/
 6: extern int t(void);
 7: int main(int argc, char **argv)
 8: {
 9:   if (argc > 1000000) {
10:     printf("%p", &t);
11:   }
12: 
13:   return 0;
14: }
15: int t(void) { void ((*volatile p)()); p = (void ((*)()))rb_class_superclass; return 0; }
/* end */

--------------------

have_func: checking for rb_thread_blocking_region() in ruby.h... -------------------- yes

"/usr/bin/clang -o conftest -I/Users/jstirnaman/.rvm/rubies/ruby-2.1.0/include/ruby-2.1.0/x86_64-darwin12.0 -I/Users/jstirnaman/.rvm/rubies/ruby-2.1.0/include/ruby-2.1.0/ruby/backward -I/Users/jstirnaman/.rvm/rubies/ruby-2.1.0/include/ruby-2.1.0 -I. -D_XOPEN_SOURCE -D_DARWIN_C_SOURCE -D_DARWIN_UNLIMITED_SELECT -D_REENTRANT   -O3 -I/Users/mpapis/.sm/pkg/active/include -fPIC -mmacosx-version-min=10.6 -pipe -I/opt/oracle/instantclient_11_2/sdk/include -Wall conftest.c  -L. -L/Users/jstirnaman/.rvm/rubies/ruby-2.1.0/lib -L. -L/Users/mpapis/.sm/pkg/active/lib -L/usr/lib -fPIC -Bstatic -fstack-protector   -arch x86_64   -L/opt/oracle/instantclient_11_2 -lclntsh -lruby-static -framework CoreFoundation  -L/opt/oracle/instantclient_11_2 -lclntsh -lpthread -ldl -lobjc "
conftest.c:15:57: warning: 'rb_thread_blocking_region' is deprecated [-Wdeprecated-declarations]
int t(void) { void ((*volatile p)()); p = (void ((*)()))rb_thread_blocking_region; return 0; }
                                                        ^
/Users/jstirnaman/.rvm/rubies/ruby-2.1.0/include/ruby-2.1.0/ruby/intern.h:870:18: note: 'rb_thread_blocking_region' declared here
DEPRECATED(VALUE rb_thread_blocking_region(rb_blocking_function_t *func, void *data1,
                 ^
/Users/jstirnaman/.rvm/rubies/ruby-2.1.0/include/ruby-2.1.0/x86_64-darwin12.0/ruby/config.h:114:52: note: expanded from macro 'DEPRECATED'
#define DEPRECATED(x) __attribute__ ((deprecated)) x
                                                   ^
1 warning generated.
ld: warning: directory not found for option '-L/Users/mpapis/.sm/pkg/active/lib'
checked program was:
/* begin */
 1: #include "ruby.h"
 2: 
 3: #include <ruby.h>
 4: 
 5: /*top*/
 6: extern int t(void);
 7: int main(int argc, char **argv)
 8: {
 9:   if (argc > 1000000) {
10:     printf("%p", &t);
11:   }
12: 
13:   return 0;
14: }
15: int t(void) { void ((*volatile p)()); p = (void ((*)()))rb_thread_blocking_region; return 0; }
/* end */

--------------------

have_func: checking for rb_thread_call_without_gvl() in ruby/thread.h... -------------------- yes

"/usr/bin/clang -o conftest -I/Users/jstirnaman/.rvm/rubies/ruby-2.1.0/include/ruby-2.1.0/x86_64-darwin12.0 -I/Users/jstirnaman/.rvm/rubies/ruby-2.1.0/include/ruby-2.1.0/ruby/backward -I/Users/jstirnaman/.rvm/rubies/ruby-2.1.0/include/ruby-2.1.0 -I. -D_XOPEN_SOURCE -D_DARWIN_C_SOURCE -D_DARWIN_UNLIMITED_SELECT -D_REENTRANT   -O3 -I/Users/mpapis/.sm/pkg/active/include -fPIC -mmacosx-version-min=10.6 -pipe -I/opt/oracle/instantclient_11_2/sdk/include -Wall conftest.c  -L. -L/Users/jstirnaman/.rvm/rubies/ruby-2.1.0/lib -L. -L/Users/mpapis/.sm/pkg/active/lib -L/usr/lib -fPIC -Bstatic -fstack-protector   -arch x86_64   -L/opt/oracle/instantclient_11_2 -lclntsh -lruby-static -framework CoreFoundation  -L/opt/oracle/instantclient_11_2 -lclntsh -lpthread -ldl -lobjc "
ld: warning: directory not found for option '-L/Users/mpapis/.sm/pkg/active/lib'
checked program was:
/* begin */
 1: #include "ruby.h"
 2: 
 3: #include <ruby/thread.h>
 4: 
 5: /*top*/
 6: extern int t(void);
 7: int main(int argc, char **argv)
 8: {
 9:   if (argc > 1000000) {
10:     printf("%p", &t);
11:   }
12: 
13:   return 0;
14: }
15: int t(void) { void ((*volatile p)()); p = (void ((*)()))rb_thread_call_without_gvl; return 0; }
/* end */

--------------------

extconf.h is:
/* begin */
 1: #ifndef EXTCONF_H
 2: #define EXTCONF_H
 3: #define HAVE_SYS_TYPES_H 1
 4: #define HAVE_OCIINITIALIZE 1
 5: #define HAVE_OCIENVCREATE 1
 6: #define HAVE_OCILOBCLOSE 1
 7: #define HAVE_OCILOBCREATETEMPORARY 1
 8: #define HAVE_OCILOBFREETEMPORARY 1
 9: #define HAVE_OCILOBGETCHUNKSIZE 1
10: #define HAVE_OCILOBISTEMPORARY 1
11: #define HAVE_OCILOBLOCATORASSIGN 1
12: #define HAVE_OCILOBOPEN 1
13: #define HAVE_OCIMESSAGEGET 1
14: #define HAVE_OCIMESSAGEOPEN 1
15: #define HAVE_OCINUMBERISINT 1
16: #define HAVE_OCINUMBERPREC 1
17: #define HAVE_OCINUMBERSETPI 1
18: #define HAVE_OCINUMBERSHIFT 1
19: #define HAVE_OCINUMBERSIGN 1
20: #define HAVE_OCIRESET 1
21: #define HAVE_OCICONNECTIONPOOLCREATE 1
22: #define HAVE_OCICONNECTIONPOOLDESTROY 1
23: #define HAVE_OCIDATETIMECONSTRUCT 1
24: #define HAVE_OCIDATETIMEGETDATE 1
25: #define HAVE_OCIDATETIMEGETTIME 1
26: #define HAVE_OCIDATETIMEGETTIMEZONEOFFSET 1
27: #define HAVE_OCIINTERVALFROMTEXT 1
28: #define HAVE_OCIINTERVALGETDAYSECOND 1
29: #define HAVE_OCIINTERVALGETYEARMONTH 1
30: #define HAVE_OCIINTERVALSETDAYSECOND 1
31: #define HAVE_OCIINTERVALSETYEARMONTH 1
32: #define HAVE_OCILOGON2 1
33: #define HAVE_OCIROWIDTOCHAR 1
34: #define HAVE_OCISERVERRELEASE 1
35: #define HAVE_OCINLSCHARSETIDTONAME 1
36: #define HAVE_OCINLSCHARSETNAMETOID 1
37: #define HAVE_OCISTMTPREPARE2 1
38: #define HAVE_OCISTMTRELEASE 1
39: #define HAVE_OCILOBGETLENGTH2 1
40: #define HAVE_OCILOBREAD2 1
41: #define HAVE_OCILOBTRIM2 1
42: #define HAVE_OCILOBWRITE2 1
43: #define HAVE_OCICLIENTVERSION 1
44: #define HAVE_OCIDBSHUTDOWN 1
45: #define HAVE_OCIDBSTARTUP 1
46: #define HAVE_OCIPING 1
47: #define HAVE_OCIARRAYDESCRIPTORALLOC 1
48: #define HAVE_OCIARRAYDESCRIPTORFREE 1
49: #define HAVE_TYPE_ORATEXT 1
50: #define HAVE_TYPE_OCIDATETIMEP 1
51: #define HAVE_TYPE_OCIINTERVALP 1
52: #define HAVE_TYPE_OCICALLBACKLOBREAD2 1
53: #define HAVE_TYPE_OCICALLBACKLOBWRITE2 1
54: #define HAVE_TYPE_OCIADMINP 1
55: #define HAVE_TYPE_OCIAUTHINFOP 1
56: #define HAVE_TYPE_OCIMSGP 1
57: #define HAVE_TYPE_OCICPOOLP 1
58: #define ORACLE_CLIENT_VERSION 0x0b100000
59: #define HAVE_LOCALTIME_R 1
60: #define HAVE_DLADDR 1
61: #define HAVE_UTIL_H 1
62: #define HAVE_RUBY_UTIL_H 1
63: #define HAVE_TYPE_RB_ENCODING 1
64: #define HAVE_RUBY_THREAD_H 1
65: #define HAVE_RB_ERRINFO 1
66: #define HAVE_RB_SET_END_PROC 1
67: #define HAVE_RB_CLASS_SUPERCLASS 1
68: #define HAVE_RB_THREAD_BLOCKING_REGION 1
69: #define HAVE_RB_THREAD_CALL_WITHOUT_GVL 1
70: #define Init_oci8lib Init_oci8lib_210
71: #define oci8lib oci8lib_210
72: #define OCI8LIB_VERSION "2.1.7"
73: #endif
/* end */

